{"/Users/patriciozepeda/Dropbox/Cursos/Fullstack/Módulo 6 - Node/Examen Prompt IA/backend/socket.js": {"path":"/Users/patriciozepeda/Dropbox/Cursos/Fullstack/Módulo 6 - Node/Examen Prompt IA/backend/socket.js","statementMap":{"0":{"start":{"line":15,"column":28},"end":{"line":47,"column":1}},"1":{"start":{"line":16,"column":2},"end":{"line":28,"column":5}},"2":{"start":{"line":30,"column":2},"end":{"line":43,"column":5}},"3":{"start":{"line":31,"column":4},"end":{"line":31,"column":61}},"4":{"start":{"line":34,"column":4},"end":{"line":34,"column":104}},"5":{"start":{"line":36,"column":4},"end":{"line":38,"column":7}},"6":{"start":{"line":37,"column":6},"end":{"line":37,"column":78}},"7":{"start":{"line":40,"column":4},"end":{"line":42,"column":7}},"8":{"start":{"line":41,"column":6},"end":{"line":41,"column":60}},"9":{"start":{"line":45,"column":2},"end":{"line":45,"column":54}},"10":{"start":{"line":46,"column":2},"end":{"line":46,"column":12}},"11":{"start":{"line":53,"column":21},"end":{"line":58,"column":1}},"12":{"start":{"line":54,"column":2},"end":{"line":56,"column":3}},"13":{"start":{"line":55,"column":4},"end":{"line":55,"column":89}},"14":{"start":{"line":57,"column":2},"end":{"line":57,"column":12}}},"fnMap":{"0":{"name":"(anonymous_0)","decl":{"start":{"line":15,"column":28},"end":{"line":15,"column":29}},"loc":{"start":{"line":15,"column":40},"end":{"line":47,"column":1}},"line":15},"1":{"name":"(anonymous_1)","decl":{"start":{"line":30,"column":22},"end":{"line":30,"column":23}},"loc":{"start":{"line":30,"column":34},"end":{"line":43,"column":3}},"line":30},"2":{"name":"(anonymous_2)","decl":{"start":{"line":36,"column":28},"end":{"line":36,"column":29}},"loc":{"start":{"line":36,"column":40},"end":{"line":38,"column":5}},"line":36},"3":{"name":"(anonymous_3)","decl":{"start":{"line":40,"column":23},"end":{"line":40,"column":24}},"loc":{"start":{"line":40,"column":34},"end":{"line":42,"column":5}},"line":40},"4":{"name":"(anonymous_4)","decl":{"start":{"line":53,"column":21},"end":{"line":53,"column":22}},"loc":{"start":{"line":53,"column":27},"end":{"line":58,"column":1}},"line":53}},"branchMap":{"0":{"loc":{"start":{"line":54,"column":2},"end":{"line":56,"column":3}},"type":"if","locations":[{"start":{"line":54,"column":2},"end":{"line":56,"column":3}},{"start":{},"end":{}}],"line":54}},"s":{"0":1,"1":0,"2":0,"3":0,"4":0,"5":0,"6":0,"7":0,"8":0,"9":0,"10":0,"11":1,"12":0,"13":0,"14":0},"f":{"0":0,"1":0,"2":0,"3":0,"4":0},"b":{"0":[0,0]},"inputSourceMap":null,"_coverageSchema":"1a1c01bbd47fc00a2c39e90264f33305004495a9","hash":"95a088f736ea98013af7605607d275457d0c879d"}
,"/Users/patriciozepeda/Dropbox/Cursos/Fullstack/Módulo 6 - Node/Examen Prompt IA/backend/config/index.js": {"path":"/Users/patriciozepeda/Dropbox/Cursos/Fullstack/Módulo 6 - Node/Examen Prompt IA/backend/config/index.js","statementMap":{"0":{"start":{"line":7,"column":15},"end":{"line":54,"column":1}},"1":{"start":{"line":57,"column":0},"end":{"line":59,"column":1}},"2":{"start":{"line":58,"column":2},"end":{"line":58,"column":78}},"3":{"start":{"line":61,"column":0},"end":{"line":63,"column":1}},"4":{"start":{"line":62,"column":2},"end":{"line":62,"column":78}}},"fnMap":{},"branchMap":{"0":{"loc":{"start":{"line":10,"column":10},"end":{"line":10,"column":34}},"type":"binary-expr","locations":[{"start":{"line":10,"column":10},"end":{"line":10,"column":26}},{"start":{"line":10,"column":30},"end":{"line":10,"column":34}}],"line":10},"1":{"loc":{"start":{"line":11,"column":9},"end":{"line":11,"column":46}},"type":"binary-expr","locations":[{"start":{"line":11,"column":9},"end":{"line":11,"column":29}},{"start":{"line":11,"column":33},"end":{"line":11,"column":46}}],"line":11},"2":{"loc":{"start":{"line":18,"column":15},"end":{"line":18,"column":92}},"type":"binary-expr","locations":[{"start":{"line":18,"column":15},"end":{"line":18,"column":41}},{"start":{"line":18,"column":45},"end":{"line":18,"column":92}}],"line":18},"3":{"loc":{"start":{"line":20,"column":27},"end":{"line":20,"column":65}},"type":"binary-expr","locations":[{"start":{"line":20,"column":27},"end":{"line":20,"column":57}},{"start":{"line":20,"column":61},"end":{"line":20,"column":65}}],"line":20},"4":{"loc":{"start":{"line":24,"column":15},"end":{"line":24,"column":72}},"type":"binary-expr","locations":[{"start":{"line":24,"column":15},"end":{"line":24,"column":41}},{"start":{"line":24,"column":45},"end":{"line":24,"column":72}}],"line":24},"5":{"loc":{"start":{"line":27,"column":15},"end":{"line":27,"column":74}},"type":"binary-expr","locations":[{"start":{"line":27,"column":15},"end":{"line":27,"column":40}},{"start":{"line":27,"column":44},"end":{"line":27,"column":74}}],"line":27},"6":{"loc":{"start":{"line":38,"column":14},"end":{"line":38,"column":44}},"type":"binary-expr","locations":[{"start":{"line":38,"column":14},"end":{"line":38,"column":37}},{"start":{"line":38,"column":41},"end":{"line":38,"column":44}}],"line":38},"7":{"loc":{"start":{"line":46,"column":18},"end":{"line":46,"column":49}},"type":"binary-expr","locations":[{"start":{"line":46,"column":18},"end":{"line":46,"column":39}},{"start":{"line":46,"column":43},"end":{"line":46,"column":49}}],"line":46},"8":{"loc":{"start":{"line":51,"column":11},"end":{"line":51,"column":42}},"type":"binary-expr","locations":[{"start":{"line":51,"column":11},"end":{"line":51,"column":32}},{"start":{"line":51,"column":36},"end":{"line":51,"column":42}}],"line":51},"9":{"loc":{"start":{"line":52,"column":12},"end":{"line":52,"column":48}},"type":"binary-expr","locations":[{"start":{"line":52,"column":12},"end":{"line":52,"column":34}},{"start":{"line":52,"column":38},"end":{"line":52,"column":48}}],"line":52},"10":{"loc":{"start":{"line":57,"column":0},"end":{"line":59,"column":1}},"type":"if","locations":[{"start":{"line":57,"column":0},"end":{"line":59,"column":1}},{"start":{},"end":{}}],"line":57},"11":{"loc":{"start":{"line":61,"column":0},"end":{"line":63,"column":1}},"type":"if","locations":[{"start":{"line":61,"column":0},"end":{"line":63,"column":1}},{"start":{},"end":{}}],"line":61}},"s":{"0":1,"1":1,"2":0,"3":1,"4":0},"f":{},"b":{"0":[1,0],"1":[1,0],"2":[1,0],"3":[1,0],"4":[1,0],"5":[1,1],"6":[1,0],"7":[1,0],"8":[1,0],"9":[1,0],"10":[0,1],"11":[0,1]},"inputSourceMap":null,"_coverageSchema":"1a1c01bbd47fc00a2c39e90264f33305004495a9","hash":"ad95eff269fb2080ce58e7aeba56f739773dca00"}
,"/Users/patriciozepeda/Dropbox/Cursos/Fullstack/Módulo 6 - Node/Examen Prompt IA/backend/controllers/claudeController.js": {"path":"/Users/patriciozepeda/Dropbox/Cursos/Fullstack/Módulo 6 - Node/Examen Prompt IA/backend/controllers/claudeController.js","statementMap":{"0":{"start":{"line":15,"column":16},"end":{"line":15,"column":61}},"1":{"start":{"line":16,"column":2},"end":{"line":16,"column":42}},"2":{"start":{"line":26,"column":2},"end":{"line":35,"column":3}},"3":{"start":{"line":27,"column":4},"end":{"line":31,"column":7}},"4":{"start":{"line":32,"column":4},"end":{"line":32,"column":65}},"5":{"start":{"line":34,"column":4},"end":{"line":34,"column":62}},"6":{"start":{"line":38,"column":25},"end":{"line":338,"column":1}},"7":{"start":{"line":45,"column":4},"end":{"line":71,"column":5}},"8":{"start":{"line":46,"column":25},"end":{"line":46,"column":33}},"9":{"start":{"line":48,"column":6},"end":{"line":53,"column":7}},"10":{"start":{"line":49,"column":8},"end":{"line":52,"column":11}},"11":{"start":{"line":56,"column":31},"end":{"line":56,"column":62}},"12":{"start":{"line":59,"column":22},"end":{"line":59,"column":82}},"13":{"start":{"line":61,"column":6},"end":{"line":64,"column":9}},"14":{"start":{"line":66,"column":6},"end":{"line":66,"column":59}},"15":{"start":{"line":67,"column":6},"end":{"line":70,"column":9}},"16":{"start":{"line":80,"column":4},"end":{"line":119,"column":5}},"17":{"start":{"line":81,"column":52},"end":{"line":81,"column":60}},"18":{"start":{"line":84,"column":6},"end":{"line":112,"column":7}},"19":{"start":{"line":86,"column":34},"end":{"line":86,"column":65}},"20":{"start":{"line":89,"column":24},"end":{"line":89,"column":68}},"21":{"start":{"line":91,"column":8},"end":{"line":94,"column":11}},"22":{"start":{"line":97,"column":11},"end":{"line":112,"column":7}},"23":{"start":{"line":99,"column":24},"end":{"line":99,"column":85}},"24":{"start":{"line":101,"column":8},"end":{"line":104,"column":11}},"25":{"start":{"line":108,"column":8},"end":{"line":111,"column":11}},"26":{"start":{"line":114,"column":6},"end":{"line":114,"column":61}},"27":{"start":{"line":115,"column":6},"end":{"line":118,"column":9}},"28":{"start":{"line":128,"column":4},"end":{"line":253,"column":5}},"29":{"start":{"line":129,"column":45},"end":{"line":129,"column":53}},"30":{"start":{"line":131,"column":6},"end":{"line":136,"column":7}},"31":{"start":{"line":132,"column":8},"end":{"line":135,"column":11}},"32":{"start":{"line":138,"column":6},"end":{"line":143,"column":7}},"33":{"start":{"line":139,"column":8},"end":{"line":142,"column":11}},"34":{"start":{"line":145,"column":6},"end":{"line":145,"column":69}},"35":{"start":{"line":148,"column":6},"end":{"line":148,"column":50}},"36":{"start":{"line":151,"column":24},"end":{"line":151,"column":25}},"37":{"start":{"line":152,"column":34},"end":{"line":152,"column":38}},"38":{"start":{"line":153,"column":35},"end":{"line":153,"column":39}},"39":{"start":{"line":156,"column":31},"end":{"line":201,"column":7}},"40":{"start":{"line":158,"column":8},"end":{"line":162,"column":9}},"41":{"start":{"line":159,"column":24},"end":{"line":159,"column":69}},"42":{"start":{"line":160,"column":10},"end":{"line":160,"column":104}},"43":{"start":{"line":161,"column":10},"end":{"line":161,"column":67}},"44":{"start":{"line":161,"column":39},"end":{"line":161,"column":65}},"45":{"start":{"line":164,"column":8},"end":{"line":200,"column":9}},"46":{"start":{"line":165,"column":10},"end":{"line":165,"column":134}},"47":{"start":{"line":169,"column":10},"end":{"line":180,"column":11}},"48":{"start":{"line":170,"column":12},"end":{"line":170,"column":85}},"49":{"start":{"line":173,"column":12},"end":{"line":179,"column":13}},"50":{"start":{"line":174,"column":14},"end":{"line":174,"column":109}},"51":{"start":{"line":175,"column":14},"end":{"line":175,"column":71}},"52":{"start":{"line":175,"column":43},"end":{"line":175,"column":69}},"53":{"start":{"line":176,"column":14},"end":{"line":176,"column":87}},"54":{"start":{"line":178,"column":14},"end":{"line":178,"column":33}},"55":{"start":{"line":183,"column":10},"end":{"line":183,"column":62}},"56":{"start":{"line":185,"column":10},"end":{"line":188,"column":12}},"57":{"start":{"line":190,"column":10},"end":{"line":190,"column":75}},"58":{"start":{"line":193,"column":10},"end":{"line":193,"column":62}},"59":{"start":{"line":195,"column":10},"end":{"line":199,"column":12}},"60":{"start":{"line":204,"column":22},"end":{"line":204,"column":24}},"61":{"start":{"line":205,"column":6},"end":{"line":227,"column":7}},"62":{"start":{"line":205,"column":28},"end":{"line":205,"column":29}},"63":{"start":{"line":206,"column":8},"end":{"line":206,"column":119}},"64":{"start":{"line":209,"column":25},"end":{"line":209,"column":74}},"65":{"start":{"line":210,"column":30},"end":{"line":210,"column":32}},"66":{"start":{"line":212,"column":8},"end":{"line":214,"column":9}},"67":{"start":{"line":212,"column":21},"end":{"line":212,"column":31}},"68":{"start":{"line":213,"column":10},"end":{"line":213,"column":63}},"69":{"start":{"line":217,"column":29},"end":{"line":217,"column":61}},"70":{"start":{"line":218,"column":8},"end":{"line":218,"column":38}},"71":{"start":{"line":221,"column":8},"end":{"line":226,"column":9}},"72":{"start":{"line":223,"column":29},"end":{"line":223,"column":73}},"73":{"start":{"line":224,"column":10},"end":{"line":224,"column":91}},"74":{"start":{"line":225,"column":10},"end":{"line":225,"column":72}},"75":{"start":{"line":225,"column":39},"end":{"line":225,"column":70}},"76":{"start":{"line":230,"column":6},"end":{"line":230,"column":65}},"77":{"start":{"line":233,"column":26},"end":{"line":233,"column":61}},"78":{"start":{"line":233,"column":46},"end":{"line":233,"column":53}},"79":{"start":{"line":234,"column":27},"end":{"line":234,"column":55}},"80":{"start":{"line":236,"column":6},"end":{"line":242,"column":9}},"81":{"start":{"line":244,"column":6},"end":{"line":244,"column":58}},"82":{"start":{"line":247,"column":6},"end":{"line":247,"column":37}},"83":{"start":{"line":249,"column":6},"end":{"line":252,"column":9}},"84":{"start":{"line":262,"column":4},"end":{"line":292,"column":5}},"85":{"start":{"line":263,"column":45},"end":{"line":263,"column":53}},"86":{"start":{"line":265,"column":6},"end":{"line":270,"column":7}},"87":{"start":{"line":266,"column":8},"end":{"line":269,"column":11}},"88":{"start":{"line":272,"column":6},"end":{"line":277,"column":7}},"89":{"start":{"line":273,"column":8},"end":{"line":276,"column":11}},"90":{"start":{"line":280,"column":24},"end":{"line":280,"column":89}},"91":{"start":{"line":282,"column":6},"end":{"line":285,"column":9}},"92":{"start":{"line":287,"column":6},"end":{"line":287,"column":57}},"93":{"start":{"line":288,"column":6},"end":{"line":291,"column":9}},"94":{"start":{"line":301,"column":4},"end":{"line":336,"column":5}},"95":{"start":{"line":302,"column":44},"end":{"line":302,"column":52}},"96":{"start":{"line":304,"column":6},"end":{"line":309,"column":7}},"97":{"start":{"line":305,"column":8},"end":{"line":308,"column":11}},"98":{"start":{"line":311,"column":6},"end":{"line":316,"column":7}},"99":{"start":{"line":312,"column":8},"end":{"line":315,"column":11}},"100":{"start":{"line":318,"column":6},"end":{"line":318,"column":85}},"101":{"start":{"line":321,"column":31},"end":{"line":323,"column":8}},"102":{"start":{"line":325,"column":6},"end":{"line":329,"column":9}},"103":{"start":{"line":331,"column":6},"end":{"line":331,"column":69}},"104":{"start":{"line":332,"column":6},"end":{"line":335,"column":9}}},"fnMap":{"0":{"name":"extractClinicalQuestion","decl":{"start":{"line":13,"column":9},"end":{"line":13,"column":32}},"loc":{"start":{"line":13,"column":41},"end":{"line":17,"column":1}},"line":13},"1":{"name":"emitBatchProgress","decl":{"start":{"line":25,"column":9},"end":{"line":25,"column":26}},"loc":{"start":{"line":25,"column":55},"end":{"line":36,"column":1}},"line":25},"2":{"name":"(anonymous_2)","decl":{"start":{"line":44,"column":20},"end":{"line":44,"column":21}},"loc":{"start":{"line":44,"column":40},"end":{"line":72,"column":3}},"line":44},"3":{"name":"(anonymous_3)","decl":{"start":{"line":79,"column":18},"end":{"line":79,"column":19}},"loc":{"start":{"line":79,"column":38},"end":{"line":120,"column":3}},"line":79},"4":{"name":"(anonymous_4)","decl":{"start":{"line":127,"column":23},"end":{"line":127,"column":24}},"loc":{"start":{"line":127,"column":43},"end":{"line":254,"column":3}},"line":127},"5":{"name":"(anonymous_5)","decl":{"start":{"line":156,"column":31},"end":{"line":156,"column":32}},"loc":{"start":{"line":156,"column":57},"end":{"line":201,"column":7}},"line":156},"6":{"name":"(anonymous_6)","decl":{"start":{"line":161,"column":28},"end":{"line":161,"column":29}},"loc":{"start":{"line":161,"column":39},"end":{"line":161,"column":65}},"line":161},"7":{"name":"(anonymous_7)","decl":{"start":{"line":175,"column":32},"end":{"line":175,"column":33}},"loc":{"start":{"line":175,"column":43},"end":{"line":175,"column":69}},"line":175},"8":{"name":"(anonymous_8)","decl":{"start":{"line":225,"column":28},"end":{"line":225,"column":29}},"loc":{"start":{"line":225,"column":39},"end":{"line":225,"column":70}},"line":225},"9":{"name":"(anonymous_9)","decl":{"start":{"line":233,"column":41},"end":{"line":233,"column":42}},"loc":{"start":{"line":233,"column":46},"end":{"line":233,"column":53}},"line":233},"10":{"name":"(anonymous_10)","decl":{"start":{"line":261,"column":21},"end":{"line":261,"column":22}},"loc":{"start":{"line":261,"column":41},"end":{"line":293,"column":3}},"line":261},"11":{"name":"(anonymous_11)","decl":{"start":{"line":300,"column":18},"end":{"line":300,"column":19}},"loc":{"start":{"line":300,"column":38},"end":{"line":337,"column":3}},"line":300}},"branchMap":{"0":{"loc":{"start":{"line":16,"column":9},"end":{"line":16,"column":41}},"type":"cond-expr","locations":[{"start":{"line":16,"column":17},"end":{"line":16,"column":32}},{"start":{"line":16,"column":35},"end":{"line":16,"column":41}}],"line":16},"1":{"loc":{"start":{"line":48,"column":6},"end":{"line":53,"column":7}},"type":"if","locations":[{"start":{"line":48,"column":6},"end":{"line":53,"column":7}},{"start":{},"end":{}}],"line":48},"2":{"loc":{"start":{"line":69,"column":17},"end":{"line":69,"column":62}},"type":"binary-expr","locations":[{"start":{"line":69,"column":17},"end":{"line":69,"column":30}},{"start":{"line":69,"column":34},"end":{"line":69,"column":62}}],"line":69},"3":{"loc":{"start":{"line":84,"column":6},"end":{"line":112,"column":7}},"type":"if","locations":[{"start":{"line":84,"column":6},"end":{"line":112,"column":7}},{"start":{"line":97,"column":11},"end":{"line":112,"column":7}}],"line":84},"4":{"loc":{"start":{"line":97,"column":11},"end":{"line":112,"column":7}},"type":"if","locations":[{"start":{"line":97,"column":11},"end":{"line":112,"column":7}},{"start":{"line":107,"column":11},"end":{"line":112,"column":7}}],"line":97},"5":{"loc":{"start":{"line":97,"column":15},"end":{"line":97,"column":42}},"type":"binary-expr","locations":[{"start":{"line":97,"column":15},"end":{"line":97,"column":22}},{"start":{"line":97,"column":26},"end":{"line":97,"column":42}}],"line":97},"6":{"loc":{"start":{"line":117,"column":17},"end":{"line":117,"column":62}},"type":"binary-expr","locations":[{"start":{"line":117,"column":17},"end":{"line":117,"column":30}},{"start":{"line":117,"column":34},"end":{"line":117,"column":62}}],"line":117},"7":{"loc":{"start":{"line":131,"column":6},"end":{"line":136,"column":7}},"type":"if","locations":[{"start":{"line":131,"column":6},"end":{"line":136,"column":7}},{"start":{},"end":{}}],"line":131},"8":{"loc":{"start":{"line":131,"column":10},"end":{"line":131,"column":72}},"type":"binary-expr","locations":[{"start":{"line":131,"column":10},"end":{"line":131,"column":19}},{"start":{"line":131,"column":23},"end":{"line":131,"column":47}},{"start":{"line":131,"column":51},"end":{"line":131,"column":72}}],"line":131},"9":{"loc":{"start":{"line":138,"column":6},"end":{"line":143,"column":7}},"type":"if","locations":[{"start":{"line":138,"column":6},"end":{"line":143,"column":7}},{"start":{},"end":{}}],"line":138},"10":{"loc":{"start":{"line":158,"column":8},"end":{"line":162,"column":9}},"type":"if","locations":[{"start":{"line":158,"column":8},"end":{"line":162,"column":9}},{"start":{},"end":{}}],"line":158},"11":{"loc":{"start":{"line":165,"column":79},"end":{"line":165,"column":126}},"type":"binary-expr","locations":[{"start":{"line":165,"column":79},"end":{"line":165,"column":110}},{"start":{"line":165,"column":114},"end":{"line":165,"column":126}}],"line":165},"12":{"loc":{"start":{"line":173,"column":12},"end":{"line":179,"column":13}},"type":"if","locations":[{"start":{"line":173,"column":12},"end":{"line":179,"column":13}},{"start":{"line":177,"column":19},"end":{"line":179,"column":13}}],"line":173},"13":{"loc":{"start":{"line":173,"column":16},"end":{"line":173,"column":83}},"type":"binary-expr","locations":[{"start":{"line":173,"column":16},"end":{"line":173,"column":36}},{"start":{"line":173,"column":40},"end":{"line":173,"column":83}}],"line":173},"14":{"loc":{"start":{"line":221,"column":8},"end":{"line":226,"column":9}},"type":"if","locations":[{"start":{"line":221,"column":8},"end":{"line":226,"column":9}},{"start":{},"end":{}}],"line":221},"15":{"loc":{"start":{"line":251,"column":17},"end":{"line":251,"column":62}},"type":"binary-expr","locations":[{"start":{"line":251,"column":17},"end":{"line":251,"column":30}},{"start":{"line":251,"column":34},"end":{"line":251,"column":62}}],"line":251},"16":{"loc":{"start":{"line":265,"column":6},"end":{"line":270,"column":7}},"type":"if","locations":[{"start":{"line":265,"column":6},"end":{"line":270,"column":7}},{"start":{},"end":{}}],"line":265},"17":{"loc":{"start":{"line":272,"column":6},"end":{"line":277,"column":7}},"type":"if","locations":[{"start":{"line":272,"column":6},"end":{"line":277,"column":7}},{"start":{},"end":{}}],"line":272},"18":{"loc":{"start":{"line":272,"column":10},"end":{"line":272,"column":72}},"type":"binary-expr","locations":[{"start":{"line":272,"column":10},"end":{"line":272,"column":19}},{"start":{"line":272,"column":23},"end":{"line":272,"column":47}},{"start":{"line":272,"column":51},"end":{"line":272,"column":72}}],"line":272},"19":{"loc":{"start":{"line":290,"column":17},"end":{"line":290,"column":62}},"type":"binary-expr","locations":[{"start":{"line":290,"column":17},"end":{"line":290,"column":30}},{"start":{"line":290,"column":34},"end":{"line":290,"column":62}}],"line":290},"20":{"loc":{"start":{"line":304,"column":6},"end":{"line":309,"column":7}},"type":"if","locations":[{"start":{"line":304,"column":6},"end":{"line":309,"column":7}},{"start":{},"end":{}}],"line":304},"21":{"loc":{"start":{"line":304,"column":10},"end":{"line":304,"column":72}},"type":"binary-expr","locations":[{"start":{"line":304,"column":10},"end":{"line":304,"column":19}},{"start":{"line":304,"column":23},"end":{"line":304,"column":47}},{"start":{"line":304,"column":51},"end":{"line":304,"column":72}}],"line":304},"22":{"loc":{"start":{"line":311,"column":6},"end":{"line":316,"column":7}},"type":"if","locations":[{"start":{"line":311,"column":6},"end":{"line":316,"column":7}},{"start":{},"end":{}}],"line":311},"23":{"loc":{"start":{"line":322,"column":15},"end":{"line":322,"column":26}},"type":"binary-expr","locations":[{"start":{"line":322,"column":15},"end":{"line":322,"column":20}},{"start":{"line":322,"column":24},"end":{"line":322,"column":26}}],"line":322},"24":{"loc":{"start":{"line":334,"column":17},"end":{"line":334,"column":62}},"type":"binary-expr","locations":[{"start":{"line":334,"column":17},"end":{"line":334,"column":30}},{"start":{"line":334,"column":34},"end":{"line":334,"column":62}}],"line":334}},"s":{"0":0,"1":0,"2":8,"3":8,"4":0,"5":8,"6":1,"7":0,"8":0,"9":0,"10":0,"11":0,"12":0,"13":0,"14":0,"15":0,"16":2,"17":2,"18":2,"19":0,"20":0,"21":0,"22":2,"23":2,"24":2,"25":0,"26":0,"27":0,"28":2,"29":2,"30":2,"31":0,"32":2,"33":0,"34":2,"35":2,"36":2,"37":2,"38":2,"39":2,"40":4,"41":2,"42":2,"43":2,"44":2,"45":4,"46":4,"47":4,"48":4,"49":0,"50":0,"51":0,"52":0,"53":0,"54":0,"55":4,"56":4,"57":0,"58":0,"59":0,"60":2,"61":2,"62":2,"63":2,"64":2,"65":2,"66":2,"67":2,"68":4,"69":2,"70":2,"71":2,"72":0,"73":0,"74":0,"75":0,"76":2,"77":2,"78":4,"79":2,"80":2,"81":0,"82":0,"83":0,"84":0,"85":0,"86":0,"87":0,"88":0,"89":0,"90":0,"91":0,"92":0,"93":0,"94":0,"95":0,"96":0,"97":0,"98":0,"99":0,"100":0,"101":0,"102":0,"103":0,"104":0},"f":{"0":0,"1":8,"2":0,"3":2,"4":2,"5":4,"6":2,"7":0,"8":0,"9":4,"10":0,"11":0},"b":{"0":[0,0],"1":[0,0],"2":[0,0],"3":[0,2],"4":[2,0],"5":[2,2],"6":[0,0],"7":[0,2],"8":[2,2,2],"9":[0,2],"10":[2,2],"11":[4,0],"12":[0,0],"13":[0,0],"14":[0,2],"15":[0,0],"16":[0,0],"17":[0,0],"18":[0,0,0],"19":[0,0],"20":[0,0],"21":[0,0,0],"22":[0,0],"23":[0,0],"24":[0,0]},"inputSourceMap":null,"_coverageSchema":"1a1c01bbd47fc00a2c39e90264f33305004495a9","hash":"563c24f75b6c28491d7084e2db4a2817f81575b4"}
,"/Users/patriciozepeda/Dropbox/Cursos/Fullstack/Módulo 6 - Node/Examen Prompt IA/backend/models/Article.js": {"path":"/Users/patriciozepeda/Dropbox/Cursos/Fullstack/Módulo 6 - Node/Examen Prompt IA/backend/models/Article.js","statementMap":{"0":{"start":{"line":15,"column":4},"end":{"line":15,"column":25}},"1":{"start":{"line":15,"column":15},"end":{"line":15,"column":25}},"2":{"start":{"line":17,"column":4},"end":{"line":17,"column":34}},"3":{"start":{"line":18,"column":4},"end":{"line":18,"column":32}},"4":{"start":{"line":21,"column":4},"end":{"line":21,"column":65}},"5":{"start":{"line":24,"column":4},"end":{"line":24,"column":54}},"6":{"start":{"line":26,"column":4},"end":{"line":26,"column":72}},"7":{"start":{"line":27,"column":4},"end":{"line":27,"column":40}},"8":{"start":{"line":28,"column":4},"end":{"line":28,"column":73}},"9":{"start":{"line":29,"column":4},"end":{"line":29,"column":60}},"10":{"start":{"line":30,"column":4},"end":{"line":30,"column":55}},"11":{"start":{"line":31,"column":4},"end":{"line":31,"column":68}},"12":{"start":{"line":34,"column":4},"end":{"line":34,"column":70}},"13":{"start":{"line":35,"column":4},"end":{"line":35,"column":44}},"14":{"start":{"line":36,"column":4},"end":{"line":36,"column":32}},"15":{"start":{"line":37,"column":4},"end":{"line":37,"column":32}},"16":{"start":{"line":47,"column":4},"end":{"line":47,"column":26}},"17":{"start":{"line":47,"column":16},"end":{"line":47,"column":26}},"18":{"start":{"line":49,"column":4},"end":{"line":56,"column":14}},"19":{"start":{"line":67,"column":4},"end":{"line":67,"column":32}},"20":{"start":{"line":67,"column":22},"end":{"line":67,"column":32}},"21":{"start":{"line":70,"column":4},"end":{"line":92,"column":5}},"22":{"start":{"line":71,"column":6},"end":{"line":91,"column":53}},"23":{"start":{"line":73,"column":8},"end":{"line":85,"column":9}},"24":{"start":{"line":74,"column":10},"end":{"line":77,"column":12}},"25":{"start":{"line":80,"column":13},"end":{"line":85,"column":9}},"26":{"start":{"line":81,"column":10},"end":{"line":84,"column":12}},"27":{"start":{"line":87,"column":8},"end":{"line":90,"column":10}},"28":{"start":{"line":91,"column":26},"end":{"line":91,"column":51}},"29":{"start":{"line":95,"column":4},"end":{"line":102,"column":5}},"30":{"start":{"line":96,"column":6},"end":{"line":101,"column":46}},"31":{"start":{"line":97,"column":22},"end":{"line":100,"column":9}},"32":{"start":{"line":101,"column":26},"end":{"line":101,"column":44}},"33":{"start":{"line":105,"column":4},"end":{"line":112,"column":5}},"34":{"start":{"line":106,"column":6},"end":{"line":111,"column":7}},"35":{"start":{"line":107,"column":8},"end":{"line":110,"column":11}},"36":{"start":{"line":114,"column":4},"end":{"line":114,"column":14}},"37":{"start":{"line":122,"column":4},"end":{"line":122,"column":78}},"38":{"start":{"line":130,"column":4},"end":{"line":130,"column":58}},"39":{"start":{"line":139,"column":26},"end":{"line":139,"column":92}},"40":{"start":{"line":142,"column":29},"end":{"line":142,"column":117}},"41":{"start":{"line":145,"column":26},"end":{"line":145,"column":56}},"42":{"start":{"line":148,"column":31},"end":{"line":148,"column":60}},"43":{"start":{"line":151,"column":4},"end":{"line":151,"column":62}},"44":{"start":{"line":159,"column":4},"end":{"line":166,"column":6}},"45":{"start":{"line":162,"column":42},"end":{"line":162,"column":53}},"46":{"start":{"line":175,"column":4},"end":{"line":175,"column":44}},"47":{"start":{"line":175,"column":21},"end":{"line":175,"column":44}},"48":{"start":{"line":177,"column":4},"end":{"line":186,"column":7}},"49":{"start":{"line":179,"column":45},"end":{"line":179,"column":64}},"50":{"start":{"line":195,"column":4},"end":{"line":197,"column":5}},"51":{"start":{"line":196,"column":6},"end":{"line":196,"column":16}},"52":{"start":{"line":198,"column":4},"end":{"line":198,"column":68}},"53":{"start":{"line":198,"column":38},"end":{"line":198,"column":66}}},"fnMap":{"0":{"name":"(anonymous_0)","decl":{"start":{"line":14,"column":2},"end":{"line":14,"column":3}},"loc":{"start":{"line":14,"column":20},"end":{"line":38,"column":3}},"line":14},"1":{"name":"(anonymous_1)","decl":{"start":{"line":46,"column":2},"end":{"line":46,"column":3}},"loc":{"start":{"line":46,"column":24},"end":{"line":57,"column":3}},"line":46},"2":{"name":"(anonymous_2)","decl":{"start":{"line":65,"column":2},"end":{"line":65,"column":3}},"loc":{"start":{"line":65,"column":31},"end":{"line":115,"column":3}},"line":65},"3":{"name":"(anonymous_3)","decl":{"start":{"line":71,"column":29},"end":{"line":71,"column":30}},"loc":{"start":{"line":71,"column":39},"end":{"line":91,"column":7}},"line":71},"4":{"name":"(anonymous_4)","decl":{"start":{"line":91,"column":16},"end":{"line":91,"column":17}},"loc":{"start":{"line":91,"column":26},"end":{"line":91,"column":51}},"line":91},"5":{"name":"(anonymous_5)","decl":{"start":{"line":97,"column":13},"end":{"line":97,"column":14}},"loc":{"start":{"line":97,"column":22},"end":{"line":100,"column":9}},"line":97},"6":{"name":"(anonymous_6)","decl":{"start":{"line":101,"column":16},"end":{"line":101,"column":17}},"loc":{"start":{"line":101,"column":26},"end":{"line":101,"column":44}},"line":101},"7":{"name":"(anonymous_7)","decl":{"start":{"line":121,"column":2},"end":{"line":121,"column":3}},"loc":{"start":{"line":121,"column":22},"end":{"line":123,"column":3}},"line":121},"8":{"name":"(anonymous_8)","decl":{"start":{"line":129,"column":2},"end":{"line":129,"column":3}},"loc":{"start":{"line":129,"column":12},"end":{"line":131,"column":3}},"line":129},"9":{"name":"(anonymous_9)","decl":{"start":{"line":137,"column":2},"end":{"line":137,"column":3}},"loc":{"start":{"line":137,"column":24},"end":{"line":152,"column":3}},"line":137},"10":{"name":"(anonymous_10)","decl":{"start":{"line":158,"column":2},"end":{"line":158,"column":3}},"loc":{"start":{"line":158,"column":15},"end":{"line":167,"column":3}},"line":158},"11":{"name":"(anonymous_11)","decl":{"start":{"line":162,"column":32},"end":{"line":162,"column":33}},"loc":{"start":{"line":162,"column":42},"end":{"line":162,"column":53}},"line":162},"12":{"name":"(anonymous_12)","decl":{"start":{"line":174,"column":2},"end":{"line":174,"column":3}},"loc":{"start":{"line":174,"column":36},"end":{"line":187,"column":3}},"line":174},"13":{"name":"(anonymous_13)","decl":{"start":{"line":179,"column":39},"end":{"line":179,"column":40}},"loc":{"start":{"line":179,"column":45},"end":{"line":179,"column":64}},"line":179},"14":{"name":"(anonymous_14)","decl":{"start":{"line":194,"column":2},"end":{"line":194,"column":3}},"loc":{"start":{"line":194,"column":40},"end":{"line":199,"column":3}},"line":194},"15":{"name":"(anonymous_15)","decl":{"start":{"line":198,"column":30},"end":{"line":198,"column":31}},"loc":{"start":{"line":198,"column":38},"end":{"line":198,"column":66}},"line":198}},"branchMap":{"0":{"loc":{"start":{"line":15,"column":4},"end":{"line":15,"column":25}},"type":"if","locations":[{"start":{"line":15,"column":4},"end":{"line":15,"column":25}},{"start":{},"end":{}}],"line":15},"1":{"loc":{"start":{"line":17,"column":16},"end":{"line":17,"column":33}},"type":"binary-expr","locations":[{"start":{"line":17,"column":16},"end":{"line":17,"column":25}},{"start":{"line":17,"column":29},"end":{"line":17,"column":33}}],"line":17},"2":{"loc":{"start":{"line":18,"column":15},"end":{"line":18,"column":31}},"type":"binary-expr","locations":[{"start":{"line":18,"column":15},"end":{"line":18,"column":23}},{"start":{"line":18,"column":27},"end":{"line":18,"column":31}}],"line":18},"3":{"loc":{"start":{"line":21,"column":17},"end":{"line":21,"column":64}},"type":"binary-expr","locations":[{"start":{"line":21,"column":17},"end":{"line":21,"column":48}},{"start":{"line":21,"column":52},"end":{"line":21,"column":64}}],"line":21},"4":{"loc":{"start":{"line":26,"column":27},"end":{"line":26,"column":71}},"type":"binary-expr","locations":[{"start":{"line":26,"column":27},"end":{"line":26,"column":39}},{"start":{"line":26,"column":43},"end":{"line":26,"column":63}},{"start":{"line":26,"column":67},"end":{"line":26,"column":71}}],"line":26},"5":{"loc":{"start":{"line":27,"column":20},"end":{"line":27,"column":39}},"type":"binary-expr","locations":[{"start":{"line":27,"column":20},"end":{"line":27,"column":33}},{"start":{"line":27,"column":37},"end":{"line":27,"column":39}}],"line":27},"6":{"loc":{"start":{"line":28,"column":21},"end":{"line":28,"column":72}},"type":"cond-expr","locations":[{"start":{"line":28,"column":53},"end":{"line":28,"column":67}},{"start":{"line":28,"column":70},"end":{"line":28,"column":72}}],"line":28},"7":{"loc":{"start":{"line":29,"column":29},"end":{"line":29,"column":59}},"type":"binary-expr","locations":[{"start":{"line":29,"column":29},"end":{"line":29,"column":51}},{"start":{"line":29,"column":55},"end":{"line":29,"column":59}}],"line":29},"8":{"loc":{"start":{"line":30,"column":19},"end":{"line":30,"column":54}},"type":"binary-expr","locations":[{"start":{"line":30,"column":19},"end":{"line":30,"column":31}},{"start":{"line":30,"column":35},"end":{"line":30,"column":46}},{"start":{"line":30,"column":50},"end":{"line":30,"column":54}}],"line":30},"9":{"loc":{"start":{"line":31,"column":23},"end":{"line":31,"column":67}},"type":"binary-expr","locations":[{"start":{"line":31,"column":23},"end":{"line":31,"column":39}},{"start":{"line":31,"column":43},"end":{"line":31,"column":67}}],"line":31},"10":{"loc":{"start":{"line":34,"column":20},"end":{"line":34,"column":69}},"type":"cond-expr","locations":[{"start":{"line":34,"column":51},"end":{"line":34,"column":64}},{"start":{"line":34,"column":67},"end":{"line":34,"column":69}}],"line":34},"11":{"loc":{"start":{"line":35,"column":21},"end":{"line":35,"column":43}},"type":"binary-expr","locations":[{"start":{"line":35,"column":21},"end":{"line":35,"column":35}},{"start":{"line":35,"column":39},"end":{"line":35,"column":43}}],"line":35},"12":{"loc":{"start":{"line":47,"column":4},"end":{"line":47,"column":26}},"type":"if","locations":[{"start":{"line":47,"column":4},"end":{"line":47,"column":26}},{"start":{},"end":{}}],"line":47},"13":{"loc":{"start":{"line":67,"column":4},"end":{"line":67,"column":32}},"type":"if","locations":[{"start":{"line":67,"column":4},"end":{"line":67,"column":32}},{"start":{},"end":{}}],"line":67},"14":{"loc":{"start":{"line":70,"column":4},"end":{"line":92,"column":5}},"type":"if","locations":[{"start":{"line":70,"column":4},"end":{"line":92,"column":5}},{"start":{},"end":{}}],"line":70},"15":{"loc":{"start":{"line":73,"column":8},"end":{"line":85,"column":9}},"type":"if","locations":[{"start":{"line":73,"column":8},"end":{"line":85,"column":9}},{"start":{"line":80,"column":13},"end":{"line":85,"column":9}}],"line":73},"16":{"loc":{"start":{"line":73,"column":12},"end":{"line":73,"column":63}},"type":"binary-expr","locations":[{"start":{"line":73,"column":12},"end":{"line":73,"column":18}},{"start":{"line":73,"column":22},"end":{"line":73,"column":48}},{"start":{"line":73,"column":52},"end":{"line":73,"column":63}}],"line":73},"17":{"loc":{"start":{"line":76,"column":22},"end":{"line":76,"column":49}},"type":"binary-expr","locations":[{"start":{"line":76,"column":22},"end":{"line":76,"column":37}},{"start":{"line":76,"column":41},"end":{"line":76,"column":49}}],"line":76},"18":{"loc":{"start":{"line":80,"column":13},"end":{"line":85,"column":9}},"type":"if","locations":[{"start":{"line":80,"column":13},"end":{"line":85,"column":9}},{"start":{},"end":{}}],"line":80},"19":{"loc":{"start":{"line":95,"column":4},"end":{"line":102,"column":5}},"type":"if","locations":[{"start":{"line":95,"column":4},"end":{"line":102,"column":5}},{"start":{},"end":{}}],"line":95},"20":{"loc":{"start":{"line":105,"column":4},"end":{"line":112,"column":5}},"type":"if","locations":[{"start":{"line":105,"column":4},"end":{"line":112,"column":5}},{"start":{},"end":{}}],"line":105},"21":{"loc":{"start":{"line":105,"column":8},"end":{"line":105,"column":63}},"type":"binary-expr","locations":[{"start":{"line":105,"column":8},"end":{"line":105,"column":39}},{"start":{"line":105,"column":43},"end":{"line":105,"column":63}}],"line":105},"22":{"loc":{"start":{"line":106,"column":6},"end":{"line":111,"column":7}},"type":"if","locations":[{"start":{"line":106,"column":6},"end":{"line":111,"column":7}},{"start":{},"end":{}}],"line":106},"23":{"loc":{"start":{"line":109,"column":20},"end":{"line":109,"column":52}},"type":"binary-expr","locations":[{"start":{"line":109,"column":20},"end":{"line":109,"column":40}},{"start":{"line":109,"column":44},"end":{"line":109,"column":52}}],"line":109},"24":{"loc":{"start":{"line":122,"column":11},"end":{"line":122,"column":77}},"type":"cond-expr","locations":[{"start":{"line":122,"column":23},"end":{"line":122,"column":70}},{"start":{"line":122,"column":73},"end":{"line":122,"column":77}}],"line":122},"25":{"loc":{"start":{"line":130,"column":19},"end":{"line":130,"column":56}},"type":"binary-expr","locations":[{"start":{"line":130,"column":19},"end":{"line":130,"column":29}},{"start":{"line":130,"column":34},"end":{"line":130,"column":43}},{"start":{"line":130,"column":47},"end":{"line":130,"column":55}}],"line":130},"26":{"loc":{"start":{"line":139,"column":26},"end":{"line":139,"column":92}},"type":"binary-expr","locations":[{"start":{"line":139,"column":26},"end":{"line":139,"column":36}},{"start":{"line":139,"column":40},"end":{"line":139,"column":67}},{"start":{"line":139,"column":71},"end":{"line":139,"column":92}}],"line":139},"27":{"loc":{"start":{"line":142,"column":29},"end":{"line":142,"column":117}},"type":"binary-expr","locations":[{"start":{"line":142,"column":29},"end":{"line":142,"column":42}},{"start":{"line":142,"column":46},"end":{"line":142,"column":71}},{"start":{"line":142,"column":75},"end":{"line":142,"column":117}}],"line":142},"28":{"loc":{"start":{"line":145,"column":34},"end":{"line":145,"column":55}},"type":"binary-expr","locations":[{"start":{"line":145,"column":34},"end":{"line":145,"column":43}},{"start":{"line":145,"column":47},"end":{"line":145,"column":55}}],"line":145},"29":{"loc":{"start":{"line":151,"column":11},"end":{"line":151,"column":61}},"type":"binary-expr","locations":[{"start":{"line":151,"column":11},"end":{"line":151,"column":24}},{"start":{"line":151,"column":28},"end":{"line":151,"column":44}},{"start":{"line":151,"column":48},"end":{"line":151,"column":61}}],"line":151},"30":{"loc":{"start":{"line":163,"column":12},"end":{"line":163,"column":86}},"type":"cond-expr","locations":[{"start":{"line":163,"column":35},"end":{"line":163,"column":79}},{"start":{"line":163,"column":82},"end":{"line":163,"column":86}}],"line":163},"31":{"loc":{"start":{"line":175,"column":4},"end":{"line":175,"column":44}},"type":"if","locations":[{"start":{"line":175,"column":4},"end":{"line":175,"column":44}},{"start":{},"end":{}}],"line":175},"32":{"loc":{"start":{"line":179,"column":11},"end":{"line":179,"column":80}},"type":"binary-expr","locations":[{"start":{"line":179,"column":11},"end":{"line":179,"column":72}},{"start":{"line":179,"column":76},"end":{"line":179,"column":80}}],"line":179},"33":{"loc":{"start":{"line":181,"column":15},"end":{"line":181,"column":39}},"type":"binary-expr","locations":[{"start":{"line":181,"column":15},"end":{"line":181,"column":33}},{"start":{"line":181,"column":37},"end":{"line":181,"column":39}}],"line":181},"34":{"loc":{"start":{"line":184,"column":17},"end":{"line":184,"column":43}},"type":"binary-expr","locations":[{"start":{"line":184,"column":17},"end":{"line":184,"column":37}},{"start":{"line":184,"column":41},"end":{"line":184,"column":43}}],"line":184},"35":{"loc":{"start":{"line":195,"column":4},"end":{"line":197,"column":5}},"type":"if","locations":[{"start":{"line":195,"column":4},"end":{"line":197,"column":5}},{"start":{},"end":{}}],"line":195}},"s":{"0":0,"1":0,"2":0,"3":0,"4":0,"5":0,"6":0,"7":0,"8":0,"9":0,"10":0,"11":0,"12":0,"13":0,"14":0,"15":0,"16":0,"17":0,"18":0,"19":0,"20":0,"21":0,"22":0,"23":0,"24":0,"25":0,"26":0,"27":0,"28":0,"29":0,"30":0,"31":0,"32":0,"33":0,"34":0,"35":0,"36":0,"37":0,"38":0,"39":0,"40":0,"41":0,"42":0,"43":0,"44":0,"45":0,"46":0,"47":0,"48":0,"49":0,"50":0,"51":0,"52":0,"53":0},"f":{"0":0,"1":0,"2":0,"3":0,"4":0,"5":0,"6":0,"7":0,"8":0,"9":0,"10":0,"11":0,"12":0,"13":0,"14":0,"15":0},"b":{"0":[0,0],"1":[0,0],"2":[0,0],"3":[0,0],"4":[0,0,0],"5":[0,0],"6":[0,0],"7":[0,0],"8":[0,0,0],"9":[0,0],"10":[0,0],"11":[0,0],"12":[0,0],"13":[0,0],"14":[0,0],"15":[0,0],"16":[0,0,0],"17":[0,0],"18":[0,0],"19":[0,0],"20":[0,0],"21":[0,0],"22":[0,0],"23":[0,0],"24":[0,0],"25":[0,0,0],"26":[0,0,0],"27":[0,0,0],"28":[0,0],"29":[0,0,0],"30":[0,0],"31":[0,0],"32":[0,0],"33":[0,0],"34":[0,0],"35":[0,0]},"inputSourceMap":null,"_coverageSchema":"1a1c01bbd47fc00a2c39e90264f33305004495a9","hash":"69a0f2b1a29a8b8d7cf5948a072d2e2f07511d0a"}
,"/Users/patriciozepeda/Dropbox/Cursos/Fullstack/Módulo 6 - Node/Examen Prompt IA/backend/routes/claude.route.js": {"path":"/Users/patriciozepeda/Dropbox/Cursos/Fullstack/Módulo 6 - Node/Examen Prompt IA/backend/routes/claude.route.js","statementMap":{"0":{"start":{"line":7,"column":15},"end":{"line":7,"column":23}},"1":{"start":{"line":14,"column":0},"end":{"line":14,"column":69}},"2":{"start":{"line":21,"column":0},"end":{"line":21,"column":65}},"3":{"start":{"line":28,"column":0},"end":{"line":28,"column":68}},"4":{"start":{"line":35,"column":0},"end":{"line":35,"column":66}},"5":{"start":{"line":42,"column":0},"end":{"line":42,"column":71}},"6":{"start":{"line":45,"column":0},"end":{"line":45,"column":60}},"7":{"start":{"line":46,"column":0},"end":{"line":46,"column":57}},"8":{"start":{"line":47,"column":0},"end":{"line":47,"column":62}}},"fnMap":{},"branchMap":{},"s":{"0":1,"1":1,"2":1,"3":1,"4":1,"5":1,"6":1,"7":1,"8":1},"f":{},"b":{},"inputSourceMap":null,"_coverageSchema":"1a1c01bbd47fc00a2c39e90264f33305004495a9","hash":"e760f05dfed8408298612978ab881ce922d8aee1"}
,"/Users/patriciozepeda/Dropbox/Cursos/Fullstack/Módulo 6 - Node/Examen Prompt IA/backend/services/claudeService.js": {"path":"/Users/patriciozepeda/Dropbox/Cursos/Fullstack/Módulo 6 - Node/Examen Prompt IA/backend/services/claudeService.js","statementMap":{"0":{"start":{"line":17,"column":20},"end":{"line":17,"column":44}},"1":{"start":{"line":18,"column":2},"end":{"line":18,"column":64}},"2":{"start":{"line":19,"column":2},"end":{"line":22,"column":3}},"3":{"start":{"line":20,"column":4},"end":{"line":21,"column":71}},"4":{"start":{"line":32,"column":20},"end":{"line":32,"column":44}},"5":{"start":{"line":33,"column":2},"end":{"line":33,"column":73}},"6":{"start":{"line":34,"column":2},"end":{"line":36,"column":3}},"7":{"start":{"line":35,"column":4},"end":{"line":35,"column":74}},"8":{"start":{"line":41,"column":4},"end":{"line":41,"column":44}},"9":{"start":{"line":44,"column":4},"end":{"line":44,"column":47}},"10":{"start":{"line":47,"column":4},"end":{"line":47,"column":47}},"11":{"start":{"line":49,"column":4},"end":{"line":49,"column":90}},"12":{"start":{"line":50,"column":4},"end":{"line":52,"column":5}},"13":{"start":{"line":51,"column":6},"end":{"line":51,"column":66}},"14":{"start":{"line":64,"column":19},"end":{"line":64,"column":37}},"15":{"start":{"line":66,"column":4},"end":{"line":70,"column":5}},"16":{"start":{"line":67,"column":20},"end":{"line":67,"column":54}},"17":{"start":{"line":68,"column":6},"end":{"line":68,"column":38}},"18":{"start":{"line":69,"column":6},"end":{"line":69,"column":18}},"19":{"start":{"line":72,"column":4},"end":{"line":76,"column":5}},"20":{"start":{"line":73,"column":20},"end":{"line":73,"column":70}},"21":{"start":{"line":74,"column":6},"end":{"line":74,"column":38}},"22":{"start":{"line":75,"column":6},"end":{"line":75,"column":18}},"23":{"start":{"line":79,"column":23},"end":{"line":79,"column":62}},"24":{"start":{"line":80,"column":24},"end":{"line":80,"column":50}},"25":{"start":{"line":82,"column":4},"end":{"line":82,"column":84}},"26":{"start":{"line":83,"column":4},"end":{"line":83,"column":72}},"27":{"start":{"line":84,"column":4},"end":{"line":84,"column":63}},"28":{"start":{"line":86,"column":22},"end":{"line":86,"column":32}},"29":{"start":{"line":89,"column":23},"end":{"line":89,"column":46}},"30":{"start":{"line":90,"column":18},"end":{"line":90,"column":19}},"31":{"start":{"line":91,"column":16},"end":{"line":91,"column":20}},"32":{"start":{"line":92,"column":20},"end":{"line":92,"column":24}},"33":{"start":{"line":94,"column":4},"end":{"line":218,"column":5}},"34":{"start":{"line":95,"column":6},"end":{"line":217,"column":7}},"35":{"start":{"line":97,"column":8},"end":{"line":102,"column":9}},"36":{"start":{"line":98,"column":10},"end":{"line":98,"column":137}},"37":{"start":{"line":99,"column":10},"end":{"line":99,"column":67}},"38":{"start":{"line":99,"column":39},"end":{"line":99,"column":65}},"39":{"start":{"line":101,"column":10},"end":{"line":101,"column":46}},"40":{"start":{"line":105,"column":28},"end":{"line":115,"column":9}},"41":{"start":{"line":118,"column":20},"end":{"line":118,"column":49}},"42":{"start":{"line":120,"column":8},"end":{"line":120,"column":55}},"43":{"start":{"line":123,"column":25},"end":{"line":130,"column":10}},"44":{"start":{"line":132,"column":24},"end":{"line":132,"column":34}},"45":{"start":{"line":133,"column":27},"end":{"line":133,"column":46}},"46":{"start":{"line":135,"column":8},"end":{"line":135,"column":73}},"47":{"start":{"line":137,"column":8},"end":{"line":155,"column":9}},"48":{"start":{"line":142,"column":31},"end":{"line":142,"column":60}},"49":{"start":{"line":143,"column":10},"end":{"line":143,"column":92}},"50":{"start":{"line":146,"column":10},"end":{"line":148,"column":11}},"51":{"start":{"line":147,"column":12},"end":{"line":147,"column":85}},"52":{"start":{"line":150,"column":10},"end":{"line":150,"column":30}},"53":{"start":{"line":152,"column":24},"end":{"line":152,"column":76}},"54":{"start":{"line":153,"column":10},"end":{"line":153,"column":57}},"55":{"start":{"line":154,"column":10},"end":{"line":154,"column":22}},"56":{"start":{"line":157,"column":24},"end":{"line":157,"column":34}},"57":{"start":{"line":158,"column":27},"end":{"line":158,"column":46}},"58":{"start":{"line":159,"column":8},"end":{"line":159,"column":26}},"59":{"start":{"line":162,"column":27},"end":{"line":162,"column":63}},"60":{"start":{"line":164,"column":8},"end":{"line":198,"column":9}},"61":{"start":{"line":165,"column":10},"end":{"line":165,"column":91}},"62":{"start":{"line":166,"column":15},"end":{"line":198,"column":9}},"63":{"start":{"line":167,"column":10},"end":{"line":167,"column":102}},"64":{"start":{"line":169,"column":10},"end":{"line":182,"column":11}},"65":{"start":{"line":170,"column":31},"end":{"line":170,"column":68}},"66":{"start":{"line":171,"column":30},"end":{"line":171,"column":88}},"67":{"start":{"line":173,"column":12},"end":{"line":177,"column":13}},"68":{"start":{"line":174,"column":14},"end":{"line":174,"column":90}},"69":{"start":{"line":176,"column":14},"end":{"line":176,"column":56}},"70":{"start":{"line":179,"column":12},"end":{"line":181,"column":13}},"71":{"start":{"line":180,"column":14},"end":{"line":180,"column":77}},"72":{"start":{"line":185,"column":10},"end":{"line":187,"column":11}},"73":{"start":{"line":186,"column":12},"end":{"line":186,"column":42}},"74":{"start":{"line":190,"column":10},"end":{"line":190,"column":20}},"75":{"start":{"line":191,"column":10},"end":{"line":191,"column":19}},"76":{"start":{"line":192,"column":15},"end":{"line":198,"column":9}},"77":{"start":{"line":193,"column":10},"end":{"line":193,"column":96}},"78":{"start":{"line":194,"column":15},"end":{"line":198,"column":9}},"79":{"start":{"line":195,"column":10},"end":{"line":195,"column":107}},"80":{"start":{"line":197,"column":10},"end":{"line":197,"column":40}},"81":{"start":{"line":200,"column":8},"end":{"line":200,"column":46}},"82":{"start":{"line":203,"column":8},"end":{"line":208,"column":9}},"83":{"start":{"line":204,"column":10},"end":{"line":207,"column":13}},"84":{"start":{"line":211,"column":8},"end":{"line":213,"column":9}},"85":{"start":{"line":212,"column":10},"end":{"line":212,"column":40}},"86":{"start":{"line":216,"column":8},"end":{"line":216,"column":18}},"87":{"start":{"line":221,"column":4},"end":{"line":221,"column":72}},"88":{"start":{"line":230,"column":19},"end":{"line":230,"column":43}},"89":{"start":{"line":232,"column":4},"end":{"line":236,"column":5}},"90":{"start":{"line":233,"column":20},"end":{"line":233,"column":65}},"91":{"start":{"line":234,"column":6},"end":{"line":234,"column":38}},"92":{"start":{"line":235,"column":6},"end":{"line":235,"column":18}},"93":{"start":{"line":238,"column":4},"end":{"line":238,"column":144}},"94":{"start":{"line":241,"column":19},"end":{"line":321,"column":38}},"95":{"start":{"line":323,"column":4},"end":{"line":404,"column":5}},"96":{"start":{"line":324,"column":6},"end":{"line":324,"column":99}},"97":{"start":{"line":325,"column":24},"end":{"line":325,"column":34}},"98":{"start":{"line":326,"column":23},"end":{"line":326,"column":58}},"99":{"start":{"line":327,"column":22},"end":{"line":327,"column":32}},"100":{"start":{"line":328,"column":6},"end":{"line":328,"column":98}},"101":{"start":{"line":331,"column":30},"end":{"line":331,"column":34}},"102":{"start":{"line":334,"column":33},"end":{"line":339,"column":7}},"103":{"start":{"line":341,"column":6},"end":{"line":348,"column":7}},"104":{"start":{"line":342,"column":22},"end":{"line":342,"column":45}},"105":{"start":{"line":343,"column":8},"end":{"line":347,"column":9}},"106":{"start":{"line":344,"column":10},"end":{"line":344,"column":46}},"107":{"start":{"line":345,"column":10},"end":{"line":345,"column":148}},"108":{"start":{"line":346,"column":10},"end":{"line":346,"column":16}},"109":{"start":{"line":351,"column":6},"end":{"line":370,"column":7}},"110":{"start":{"line":352,"column":8},"end":{"line":369,"column":9}},"111":{"start":{"line":354,"column":30},"end":{"line":354,"column":126}},"112":{"start":{"line":355,"column":26},"end":{"line":355,"column":61}},"113":{"start":{"line":357,"column":10},"end":{"line":366,"column":11}},"114":{"start":{"line":359,"column":33},"end":{"line":360,"column":72}},"115":{"start":{"line":360,"column":14},"end":{"line":360,"column":67}},"116":{"start":{"line":362,"column":12},"end":{"line":365,"column":13}},"117":{"start":{"line":363,"column":14},"end":{"line":363,"column":47}},"118":{"start":{"line":364,"column":14},"end":{"line":364,"column":152}},"119":{"start":{"line":368,"column":10},"end":{"line":368,"column":81}},"120":{"start":{"line":373,"column":6},"end":{"line":390,"column":7}},"121":{"start":{"line":374,"column":8},"end":{"line":389,"column":9}},"122":{"start":{"line":375,"column":24},"end":{"line":375,"column":44}},"123":{"start":{"line":376,"column":10},"end":{"line":386,"column":11}},"124":{"start":{"line":378,"column":12},"end":{"line":385,"column":13}},"125":{"start":{"line":382,"column":14},"end":{"line":382,"column":46}},"126":{"start":{"line":383,"column":14},"end":{"line":383,"column":152}},"127":{"start":{"line":384,"column":14},"end":{"line":384,"column":20}},"128":{"start":{"line":388,"column":10},"end":{"line":388,"column":76}},"129":{"start":{"line":392,"column":6},"end":{"line":394,"column":7}},"130":{"start":{"line":393,"column":8},"end":{"line":393,"column":95}},"131":{"start":{"line":397,"column":6},"end":{"line":400,"column":8}},"132":{"start":{"line":402,"column":6},"end":{"line":402,"column":73}},"133":{"start":{"line":403,"column":6},"end":{"line":403,"column":18}},"134":{"start":{"line":414,"column":19},"end":{"line":414,"column":35}},"135":{"start":{"line":416,"column":4},"end":{"line":420,"column":5}},"136":{"start":{"line":417,"column":20},"end":{"line":417,"column":70}},"137":{"start":{"line":418,"column":6},"end":{"line":418,"column":38}},"138":{"start":{"line":419,"column":6},"end":{"line":419,"column":18}},"139":{"start":{"line":422,"column":4},"end":{"line":426,"column":5}},"140":{"start":{"line":423,"column":20},"end":{"line":423,"column":65}},"141":{"start":{"line":424,"column":6},"end":{"line":424,"column":38}},"142":{"start":{"line":425,"column":6},"end":{"line":425,"column":18}},"143":{"start":{"line":428,"column":4},"end":{"line":428,"column":167}},"144":{"start":{"line":429,"column":4},"end":{"line":429,"column":131}},"145":{"start":{"line":431,"column":80},"end":{"line":431,"column":87}},"146":{"start":{"line":432,"column":22},"end":{"line":432,"column":37}},"147":{"start":{"line":433,"column":4},"end":{"line":437,"column":5}},"148":{"start":{"line":434,"column":6},"end":{"line":434,"column":61}},"149":{"start":{"line":434,"column":37},"end":{"line":434,"column":48}},"150":{"start":{"line":435,"column":11},"end":{"line":437,"column":5}},"151":{"start":{"line":436,"column":6},"end":{"line":436,"column":28}},"152":{"start":{"line":439,"column":26},"end":{"line":441,"column":23}},"153":{"start":{"line":444,"column":27},"end":{"line":532,"column":87}},"154":{"start":{"line":535,"column":29},"end":{"line":558,"column":7}},"155":{"start":{"line":561,"column":40},"end":{"line":601,"column":5}},"156":{"start":{"line":564,"column":6},"end":{"line":597,"column":7}},"157":{"start":{"line":564,"column":25},"end":{"line":564,"column":26}},"158":{"start":{"line":565,"column":8},"end":{"line":596,"column":9}},"159":{"start":{"line":567,"column":10},"end":{"line":576,"column":11}},"160":{"start":{"line":568,"column":26},"end":{"line":568,"column":78}},"161":{"start":{"line":569,"column":12},"end":{"line":569,"column":114}},"162":{"start":{"line":570,"column":12},"end":{"line":570,"column":69}},"163":{"start":{"line":570,"column":41},"end":{"line":570,"column":67}},"164":{"start":{"line":571,"column":17},"end":{"line":576,"column":11}},"165":{"start":{"line":573,"column":32},"end":{"line":573,"column":71}},"166":{"start":{"line":574,"column":12},"end":{"line":574,"column":97}},"167":{"start":{"line":575,"column":12},"end":{"line":575,"column":75}},"168":{"start":{"line":575,"column":41},"end":{"line":575,"column":73}},"169":{"start":{"line":578,"column":10},"end":{"line":578,"column":114}},"170":{"start":{"line":579,"column":27},"end":{"line":581,"column":12}},"171":{"start":{"line":582,"column":10},"end":{"line":582,"column":84}},"172":{"start":{"line":583,"column":10},"end":{"line":583,"column":26}},"173":{"start":{"line":585,"column":10},"end":{"line":585,"column":28}},"174":{"start":{"line":586,"column":10},"end":{"line":586,"column":78}},"175":{"start":{"line":589,"column":10},"end":{"line":595,"column":11}},"176":{"start":{"line":594,"column":12},"end":{"line":594,"column":24}},"177":{"start":{"line":600,"column":6},"end":{"line":600,"column":66}},"178":{"start":{"line":603,"column":4},"end":{"line":630,"column":5}},"179":{"start":{"line":605,"column":6},"end":{"line":605,"column":66}},"180":{"start":{"line":607,"column":6},"end":{"line":607,"column":124}},"181":{"start":{"line":609,"column":6},"end":{"line":629,"column":7}},"182":{"start":{"line":611,"column":8},"end":{"line":611,"column":70}},"183":{"start":{"line":613,"column":8},"end":{"line":613,"column":96}},"184":{"start":{"line":616,"column":8},"end":{"line":628,"column":8}},"185":{"start":{"line":640,"column":19},"end":{"line":640,"column":38}},"186":{"start":{"line":642,"column":4},"end":{"line":646,"column":5}},"187":{"start":{"line":643,"column":20},"end":{"line":643,"column":65}},"188":{"start":{"line":644,"column":6},"end":{"line":644,"column":38}},"189":{"start":{"line":645,"column":6},"end":{"line":645,"column":18}},"190":{"start":{"line":648,"column":4},"end":{"line":652,"column":5}},"191":{"start":{"line":649,"column":20},"end":{"line":649,"column":66}},"192":{"start":{"line":650,"column":6},"end":{"line":650,"column":38}},"193":{"start":{"line":651,"column":6},"end":{"line":651,"column":18}},"194":{"start":{"line":654,"column":4},"end":{"line":654,"column":175}},"195":{"start":{"line":657,"column":19},"end":{"line":657,"column":70}},"196":{"start":{"line":658,"column":4},"end":{"line":658,"column":92}},"197":{"start":{"line":660,"column":4},"end":{"line":672,"column":5}},"198":{"start":{"line":662,"column":31},"end":{"line":665,"column":8}},"199":{"start":{"line":667,"column":6},"end":{"line":667,"column":105}},"200":{"start":{"line":668,"column":6},"end":{"line":668,"column":30}},"201":{"start":{"line":670,"column":6},"end":{"line":670,"column":77}},"202":{"start":{"line":671,"column":6},"end":{"line":671,"column":18}},"203":{"start":{"line":682,"column":19},"end":{"line":682,"column":40}},"204":{"start":{"line":684,"column":4},"end":{"line":688,"column":5}},"205":{"start":{"line":685,"column":20},"end":{"line":685,"column":73}},"206":{"start":{"line":686,"column":6},"end":{"line":686,"column":38}},"207":{"start":{"line":687,"column":6},"end":{"line":687,"column":18}},"208":{"start":{"line":690,"column":4},"end":{"line":694,"column":5}},"209":{"start":{"line":691,"column":20},"end":{"line":691,"column":65}},"210":{"start":{"line":692,"column":6},"end":{"line":692,"column":38}},"211":{"start":{"line":693,"column":6},"end":{"line":693,"column":18}},"212":{"start":{"line":696,"column":4},"end":{"line":696,"column":83}},"213":{"start":{"line":697,"column":4},"end":{"line":697,"column":126}},"214":{"start":{"line":700,"column":26},"end":{"line":708,"column":6}},"215":{"start":{"line":701,"column":6},"end":{"line":707,"column":7}},"216":{"start":{"line":702,"column":27},"end":{"line":702,"column":47}},"217":{"start":{"line":703,"column":8},"end":{"line":703,"column":48}},"218":{"start":{"line":705,"column":8},"end":{"line":705,"column":72}},"219":{"start":{"line":706,"column":8},"end":{"line":706,"column":21}},"220":{"start":{"line":710,"column":4},"end":{"line":710,"column":106}},"221":{"start":{"line":713,"column":4},"end":{"line":721,"column":5}},"222":{"start":{"line":714,"column":6},"end":{"line":714,"column":114}},"223":{"start":{"line":715,"column":6},"end":{"line":720,"column":10}},"224":{"start":{"line":715,"column":38},"end":{"line":720,"column":7}},"225":{"start":{"line":725,"column":33},"end":{"line":725,"column":38}},"226":{"start":{"line":728,"column":27},"end":{"line":790,"column":5}},"227":{"start":{"line":729,"column":6},"end":{"line":729,"column":137}},"228":{"start":{"line":732,"column":6},"end":{"line":737,"column":7}},"229":{"start":{"line":734,"column":22},"end":{"line":734,"column":68}},"230":{"start":{"line":735,"column":8},"end":{"line":735,"column":134}},"231":{"start":{"line":736,"column":8},"end":{"line":736,"column":65}},"232":{"start":{"line":736,"column":37},"end":{"line":736,"column":63}},"233":{"start":{"line":739,"column":6},"end":{"line":789,"column":7}},"234":{"start":{"line":741,"column":25},"end":{"line":741,"column":77}},"235":{"start":{"line":743,"column":8},"end":{"line":743,"column":95}},"236":{"start":{"line":744,"column":8},"end":{"line":748,"column":10}},"237":{"start":{"line":751,"column":8},"end":{"line":788,"column":9}},"238":{"start":{"line":752,"column":10},"end":{"line":752,"column":129}},"239":{"start":{"line":755,"column":29},"end":{"line":755,"column":60}},"240":{"start":{"line":756,"column":10},"end":{"line":756,"column":122}},"241":{"start":{"line":757,"column":10},"end":{"line":757,"column":72}},"242":{"start":{"line":757,"column":39},"end":{"line":757,"column":70}},"243":{"start":{"line":759,"column":10},"end":{"line":778,"column":11}},"244":{"start":{"line":761,"column":12},"end":{"line":761,"column":105}},"245":{"start":{"line":762,"column":29},"end":{"line":762,"column":81}},"246":{"start":{"line":764,"column":12},"end":{"line":764,"column":98}},"247":{"start":{"line":765,"column":12},"end":{"line":769,"column":14}},"248":{"start":{"line":771,"column":12},"end":{"line":771,"column":122}},"249":{"start":{"line":772,"column":12},"end":{"line":777,"column":14}},"250":{"start":{"line":781,"column":10},"end":{"line":781,"column":110}},"251":{"start":{"line":782,"column":10},"end":{"line":787,"column":12}},"252":{"start":{"line":793,"column":20},"end":{"line":793,"column":22}},"253":{"start":{"line":794,"column":22},"end":{"line":794,"column":32}},"254":{"start":{"line":797,"column":4},"end":{"line":827,"column":5}},"255":{"start":{"line":797,"column":17},"end":{"line":797,"column":18}},"256":{"start":{"line":799,"column":6},"end":{"line":826,"column":7}},"257":{"start":{"line":800,"column":23},"end":{"line":800,"column":64}},"258":{"start":{"line":801,"column":8},"end":{"line":801,"column":29}},"259":{"start":{"line":804,"column":8},"end":{"line":804,"column":78}},"260":{"start":{"line":807,"column":8},"end":{"line":816,"column":9}},"261":{"start":{"line":808,"column":34},"end":{"line":808,"column":84}},"262":{"start":{"line":809,"column":10},"end":{"line":809,"column":103}},"263":{"start":{"line":812,"column":10},"end":{"line":815,"column":11}},"264":{"start":{"line":813,"column":12},"end":{"line":813,"column":90}},"265":{"start":{"line":814,"column":12},"end":{"line":814,"column":69}},"266":{"start":{"line":814,"column":41},"end":{"line":814,"column":67}},"267":{"start":{"line":819,"column":8},"end":{"line":819,"column":101}},"268":{"start":{"line":820,"column":8},"end":{"line":825,"column":11}},"269":{"start":{"line":830,"column":28},"end":{"line":830,"column":97}},"270":{"start":{"line":830,"column":50},"end":{"line":830,"column":96}},"271":{"start":{"line":830,"column":76},"end":{"line":830,"column":95}},"272":{"start":{"line":831,"column":27},"end":{"line":837,"column":7}},"273":{"start":{"line":831,"column":59},"end":{"line":837,"column":5}},"274":{"start":{"line":840,"column":25},"end":{"line":840,"column":56}},"275":{"start":{"line":842,"column":20},"end":{"line":842,"column":30}},"276":{"start":{"line":843,"column":22},"end":{"line":843,"column":50}},"277":{"start":{"line":844,"column":25},"end":{"line":844,"column":98}},"278":{"start":{"line":844,"column":56},"end":{"line":844,"column":90}},"279":{"start":{"line":845,"column":23},"end":{"line":845,"column":75}},"280":{"start":{"line":845,"column":54},"end":{"line":845,"column":67}},"281":{"start":{"line":846,"column":25},"end":{"line":846,"column":79}},"282":{"start":{"line":846,"column":56},"end":{"line":846,"column":71}},"283":{"start":{"line":848,"column":4},"end":{"line":848,"column":87}},"284":{"start":{"line":849,"column":4},"end":{"line":849,"column":111}},"285":{"start":{"line":851,"column":4},"end":{"line":851,"column":24}},"286":{"start":{"line":863,"column":19},"end":{"line":863,"column":35}},"287":{"start":{"line":864,"column":18},"end":{"line":864,"column":37}},"288":{"start":{"line":866,"column":4},"end":{"line":869,"column":5}},"289":{"start":{"line":867,"column":6},"end":{"line":867,"column":55}},"290":{"start":{"line":868,"column":6},"end":{"line":868,"column":16}},"291":{"start":{"line":871,"column":4},"end":{"line":875,"column":5}},"292":{"start":{"line":872,"column":20},"end":{"line":872,"column":88}},"293":{"start":{"line":873,"column":6},"end":{"line":873,"column":38}},"294":{"start":{"line":874,"column":6},"end":{"line":874,"column":18}},"295":{"start":{"line":877,"column":4},"end":{"line":877,"column":106}},"296":{"start":{"line":880,"column":25},"end":{"line":885,"column":6}},"297":{"start":{"line":881,"column":6},"end":{"line":884,"column":8}},"298":{"start":{"line":888,"column":19},"end":{"line":912,"column":1}},"299":{"start":{"line":905,"column":24},"end":{"line":905,"column":54}},"300":{"start":{"line":914,"column":4},"end":{"line":950,"column":5}},"301":{"start":{"line":916,"column":23},"end":{"line":916,"column":58}},"302":{"start":{"line":917,"column":6},"end":{"line":917,"column":72}},"303":{"start":{"line":920,"column":28},"end":{"line":924,"column":33}},"304":{"start":{"line":922,"column":21},"end":{"line":922,"column":32}},"305":{"start":{"line":923,"column":24},"end":{"line":923,"column":42}},"306":{"start":{"line":924,"column":21},"end":{"line":924,"column":32}},"307":{"start":{"line":926,"column":6},"end":{"line":930,"column":7}},"308":{"start":{"line":927,"column":8},"end":{"line":927,"column":99}},"309":{"start":{"line":928,"column":8},"end":{"line":928,"column":81}},"310":{"start":{"line":929,"column":8},"end":{"line":929,"column":40}},"311":{"start":{"line":932,"column":6},"end":{"line":932,"column":85}},"312":{"start":{"line":935,"column":31},"end":{"line":936,"column":45}},"313":{"start":{"line":936,"column":8},"end":{"line":936,"column":44}},"314":{"start":{"line":938,"column":6},"end":{"line":938,"column":97}},"315":{"start":{"line":941,"column":6},"end":{"line":944,"column":7}},"316":{"start":{"line":942,"column":8},"end":{"line":942,"column":107}},"317":{"start":{"line":943,"column":8},"end":{"line":943,"column":40}},"318":{"start":{"line":946,"column":6},"end":{"line":946,"column":30}},"319":{"start":{"line":948,"column":6},"end":{"line":948,"column":76}},"320":{"start":{"line":949,"column":6},"end":{"line":949,"column":68}},"321":{"start":{"line":962,"column":4},"end":{"line":962,"column":60}}},"fnMap":{"0":{"name":"logInfo","decl":{"start":{"line":16,"column":9},"end":{"line":16,"column":16}},"loc":{"start":{"line":16,"column":47},"end":{"line":23,"column":1}},"line":16},"1":{"name":"logError","decl":{"start":{"line":31,"column":9},"end":{"line":31,"column":17}},"loc":{"start":{"line":31,"column":49},"end":{"line":37,"column":1}},"line":31},"2":{"name":"(anonymous_2)","decl":{"start":{"line":40,"column":2},"end":{"line":40,"column":3}},"loc":{"start":{"line":40,"column":16},"end":{"line":53,"column":3}},"line":40},"3":{"name":"(anonymous_3)","decl":{"start":{"line":63,"column":2},"end":{"line":63,"column":3}},"loc":{"start":{"line":63,"column":47},"end":{"line":222,"column":3}},"line":63},"4":{"name":"(anonymous_4)","decl":{"start":{"line":99,"column":28},"end":{"line":99,"column":29}},"loc":{"start":{"line":99,"column":39},"end":{"line":99,"column":65}},"line":99},"5":{"name":"(anonymous_5)","decl":{"start":{"line":229,"column":2},"end":{"line":229,"column":3}},"loc":{"start":{"line":229,"column":49},"end":{"line":405,"column":3}},"line":229},"6":{"name":"(anonymous_6)","decl":{"start":{"line":359,"column":48},"end":{"line":359,"column":49}},"loc":{"start":{"line":360,"column":14},"end":{"line":360,"column":67}},"line":360},"7":{"name":"(anonymous_7)","decl":{"start":{"line":413,"column":2},"end":{"line":413,"column":3}},"loc":{"start":{"line":413,"column":50},"end":{"line":631,"column":3}},"line":413},"8":{"name":"(anonymous_8)","decl":{"start":{"line":434,"column":32},"end":{"line":434,"column":33}},"loc":{"start":{"line":434,"column":37},"end":{"line":434,"column":48}},"line":434},"9":{"name":"(anonymous_9)","decl":{"start":{"line":561,"column":40},"end":{"line":561,"column":41}},"loc":{"start":{"line":561,"column":74},"end":{"line":601,"column":5}},"line":561},"10":{"name":"(anonymous_10)","decl":{"start":{"line":570,"column":30},"end":{"line":570,"column":31}},"loc":{"start":{"line":570,"column":41},"end":{"line":570,"column":67}},"line":570},"11":{"name":"(anonymous_11)","decl":{"start":{"line":575,"column":30},"end":{"line":575,"column":31}},"loc":{"start":{"line":575,"column":41},"end":{"line":575,"column":73}},"line":575},"12":{"name":"(anonymous_12)","decl":{"start":{"line":639,"column":2},"end":{"line":639,"column":3}},"loc":{"start":{"line":639,"column":54},"end":{"line":673,"column":3}},"line":639},"13":{"name":"(anonymous_13)","decl":{"start":{"line":681,"column":2},"end":{"line":681,"column":3}},"loc":{"start":{"line":681,"column":56},"end":{"line":852,"column":3}},"line":681},"14":{"name":"(anonymous_14)","decl":{"start":{"line":700,"column":42},"end":{"line":700,"column":43}},"loc":{"start":{"line":700,"column":53},"end":{"line":708,"column":5}},"line":700},"15":{"name":"(anonymous_15)","decl":{"start":{"line":715,"column":26},"end":{"line":715,"column":27}},"loc":{"start":{"line":715,"column":38},"end":{"line":720,"column":7}},"line":715},"16":{"name":"(anonymous_16)","decl":{"start":{"line":728,"column":27},"end":{"line":728,"column":28}},"loc":{"start":{"line":728,"column":53},"end":{"line":790,"column":5}},"line":728},"17":{"name":"(anonymous_17)","decl":{"start":{"line":736,"column":26},"end":{"line":736,"column":27}},"loc":{"start":{"line":736,"column":37},"end":{"line":736,"column":63}},"line":736},"18":{"name":"(anonymous_18)","decl":{"start":{"line":757,"column":28},"end":{"line":757,"column":29}},"loc":{"start":{"line":757,"column":39},"end":{"line":757,"column":70}},"line":757},"19":{"name":"(anonymous_19)","decl":{"start":{"line":814,"column":30},"end":{"line":814,"column":31}},"loc":{"start":{"line":814,"column":41},"end":{"line":814,"column":67}},"line":814},"20":{"name":"(anonymous_20)","decl":{"start":{"line":830,"column":44},"end":{"line":830,"column":45}},"loc":{"start":{"line":830,"column":50},"end":{"line":830,"column":96}},"line":830},"21":{"name":"(anonymous_21)","decl":{"start":{"line":830,"column":70},"end":{"line":830,"column":71}},"loc":{"start":{"line":830,"column":76},"end":{"line":830,"column":95}},"line":830},"22":{"name":"(anonymous_22)","decl":{"start":{"line":831,"column":47},"end":{"line":831,"column":48}},"loc":{"start":{"line":831,"column":59},"end":{"line":837,"column":5}},"line":831},"23":{"name":"(anonymous_23)","decl":{"start":{"line":844,"column":45},"end":{"line":844,"column":46}},"loc":{"start":{"line":844,"column":56},"end":{"line":844,"column":90}},"line":844},"24":{"name":"(anonymous_24)","decl":{"start":{"line":845,"column":43},"end":{"line":845,"column":44}},"loc":{"start":{"line":845,"column":54},"end":{"line":845,"column":67}},"line":845},"25":{"name":"(anonymous_25)","decl":{"start":{"line":846,"column":45},"end":{"line":846,"column":46}},"loc":{"start":{"line":846,"column":56},"end":{"line":846,"column":71}},"line":846},"26":{"name":"(anonymous_26)","decl":{"start":{"line":862,"column":2},"end":{"line":862,"column":3}},"loc":{"start":{"line":862,"column":57},"end":{"line":951,"column":3}},"line":862},"27":{"name":"(anonymous_27)","decl":{"start":{"line":880,"column":38},"end":{"line":880,"column":39}},"loc":{"start":{"line":880,"column":49},"end":{"line":885,"column":5}},"line":880},"28":{"name":"(anonymous_28)","decl":{"start":{"line":905,"column":19},"end":{"line":905,"column":20}},"loc":{"start":{"line":905,"column":24},"end":{"line":905,"column":54}},"line":905},"29":{"name":"(anonymous_29)","decl":{"start":{"line":922,"column":13},"end":{"line":922,"column":14}},"loc":{"start":{"line":922,"column":21},"end":{"line":922,"column":32}},"line":922},"30":{"name":"(anonymous_30)","decl":{"start":{"line":923,"column":16},"end":{"line":923,"column":17}},"loc":{"start":{"line":923,"column":24},"end":{"line":923,"column":42}},"line":923},"31":{"name":"(anonymous_31)","decl":{"start":{"line":924,"column":13},"end":{"line":924,"column":14}},"loc":{"start":{"line":924,"column":21},"end":{"line":924,"column":32}},"line":924},"32":{"name":"(anonymous_32)","decl":{"start":{"line":935,"column":47},"end":{"line":935,"column":48}},"loc":{"start":{"line":936,"column":8},"end":{"line":936,"column":44}},"line":936},"33":{"name":"(anonymous_33)","decl":{"start":{"line":961,"column":2},"end":{"line":961,"column":3}},"loc":{"start":{"line":961,"column":66},"end":{"line":963,"column":3}},"line":961}},"branchMap":{"0":{"loc":{"start":{"line":16,"column":34},"end":{"line":16,"column":45}},"type":"default-arg","locations":[{"start":{"line":16,"column":41},"end":{"line":16,"column":45}}],"line":16},"1":{"loc":{"start":{"line":19,"column":2},"end":{"line":22,"column":3}},"type":"if","locations":[{"start":{"line":19,"column":2},"end":{"line":22,"column":3}},{"start":{},"end":{}}],"line":19},"2":{"loc":{"start":{"line":21,"column":6},"end":{"line":21,"column":69}},"type":"cond-expr","locations":[{"start":{"line":21,"column":33},"end":{"line":21,"column":37}},{"start":{"line":21,"column":40},"end":{"line":21,"column":69}}],"line":21},"3":{"loc":{"start":{"line":31,"column":35},"end":{"line":31,"column":47}},"type":"default-arg","locations":[{"start":{"line":31,"column":43},"end":{"line":31,"column":47}}],"line":31},"4":{"loc":{"start":{"line":34,"column":2},"end":{"line":36,"column":3}},"type":"if","locations":[{"start":{"line":34,"column":2},"end":{"line":36,"column":3}},{"start":{},"end":{}}],"line":34},"5":{"loc":{"start":{"line":50,"column":4},"end":{"line":52,"column":5}},"type":"if","locations":[{"start":{"line":50,"column":4},"end":{"line":52,"column":5}},{"start":{},"end":{}}],"line":50},"6":{"loc":{"start":{"line":63,"column":33},"end":{"line":63,"column":45}},"type":"default-arg","locations":[{"start":{"line":63,"column":43},"end":{"line":63,"column":45}}],"line":63},"7":{"loc":{"start":{"line":66,"column":4},"end":{"line":70,"column":5}},"type":"if","locations":[{"start":{"line":66,"column":4},"end":{"line":70,"column":5}},{"start":{},"end":{}}],"line":66},"8":{"loc":{"start":{"line":72,"column":4},"end":{"line":76,"column":5}},"type":"if","locations":[{"start":{"line":72,"column":4},"end":{"line":76,"column":5}},{"start":{},"end":{}}],"line":72},"9":{"loc":{"start":{"line":79,"column":23},"end":{"line":79,"column":62}},"type":"binary-expr","locations":[{"start":{"line":79,"column":23},"end":{"line":79,"column":44}},{"start":{"line":79,"column":48},"end":{"line":79,"column":62}}],"line":79},"10":{"loc":{"start":{"line":80,"column":24},"end":{"line":80,"column":50}},"type":"binary-expr","locations":[{"start":{"line":80,"column":24},"end":{"line":80,"column":43}},{"start":{"line":80,"column":47},"end":{"line":80,"column":50}}],"line":80},"11":{"loc":{"start":{"line":89,"column":23},"end":{"line":89,"column":46}},"type":"binary-expr","locations":[{"start":{"line":89,"column":23},"end":{"line":89,"column":41}},{"start":{"line":89,"column":45},"end":{"line":89,"column":46}}],"line":89},"12":{"loc":{"start":{"line":97,"column":8},"end":{"line":102,"column":9}},"type":"if","locations":[{"start":{"line":97,"column":8},"end":{"line":102,"column":9}},{"start":{},"end":{}}],"line":97},"13":{"loc":{"start":{"line":137,"column":8},"end":{"line":155,"column":9}},"type":"if","locations":[{"start":{"line":137,"column":8},"end":{"line":155,"column":9}},{"start":{"line":151,"column":15},"end":{"line":155,"column":9}}],"line":137},"14":{"loc":{"start":{"line":137,"column":12},"end":{"line":140,"column":41}},"type":"binary-expr","locations":[{"start":{"line":137,"column":12},"end":{"line":137,"column":25}},{"start":{"line":138,"column":12},"end":{"line":138,"column":33}},{"start":{"line":139,"column":12},"end":{"line":139,"column":44}},{"start":{"line":140,"column":12},"end":{"line":140,"column":41}}],"line":137},"15":{"loc":{"start":{"line":146,"column":10},"end":{"line":148,"column":11}},"type":"if","locations":[{"start":{"line":146,"column":10},"end":{"line":148,"column":11}},{"start":{},"end":{}}],"line":146},"16":{"loc":{"start":{"line":164,"column":8},"end":{"line":198,"column":9}},"type":"if","locations":[{"start":{"line":164,"column":8},"end":{"line":198,"column":9}},{"start":{"line":166,"column":15},"end":{"line":198,"column":9}}],"line":164},"17":{"loc":{"start":{"line":166,"column":15},"end":{"line":198,"column":9}},"type":"if","locations":[{"start":{"line":166,"column":15},"end":{"line":198,"column":9}},{"start":{"line":192,"column":15},"end":{"line":198,"column":9}}],"line":166},"18":{"loc":{"start":{"line":166,"column":19},"end":{"line":166,"column":66}},"type":"binary-expr","locations":[{"start":{"line":166,"column":19},"end":{"line":166,"column":33}},{"start":{"line":166,"column":37},"end":{"line":166,"column":66}}],"line":166},"19":{"loc":{"start":{"line":169,"column":10},"end":{"line":182,"column":11}},"type":"if","locations":[{"start":{"line":169,"column":10},"end":{"line":182,"column":11}},{"start":{},"end":{}}],"line":169},"20":{"loc":{"start":{"line":169,"column":14},"end":{"line":169,"column":54}},"type":"binary-expr","locations":[{"start":{"line":169,"column":14},"end":{"line":169,"column":28}},{"start":{"line":169,"column":32},"end":{"line":169,"column":54}}],"line":169},"21":{"loc":{"start":{"line":173,"column":12},"end":{"line":177,"column":13}},"type":"if","locations":[{"start":{"line":173,"column":12},"end":{"line":177,"column":13}},{"start":{},"end":{}}],"line":173},"22":{"loc":{"start":{"line":179,"column":12},"end":{"line":181,"column":13}},"type":"if","locations":[{"start":{"line":179,"column":12},"end":{"line":181,"column":13}},{"start":{},"end":{}}],"line":179},"23":{"loc":{"start":{"line":185,"column":10},"end":{"line":187,"column":11}},"type":"if","locations":[{"start":{"line":185,"column":10},"end":{"line":187,"column":11}},{"start":{},"end":{}}],"line":185},"24":{"loc":{"start":{"line":192,"column":15},"end":{"line":198,"column":9}},"type":"if","locations":[{"start":{"line":192,"column":15},"end":{"line":198,"column":9}},{"start":{"line":194,"column":15},"end":{"line":198,"column":9}}],"line":192},"25":{"loc":{"start":{"line":192,"column":19},"end":{"line":192,"column":66}},"type":"binary-expr","locations":[{"start":{"line":192,"column":19},"end":{"line":192,"column":33}},{"start":{"line":192,"column":37},"end":{"line":192,"column":66}}],"line":192},"26":{"loc":{"start":{"line":194,"column":15},"end":{"line":198,"column":9}},"type":"if","locations":[{"start":{"line":194,"column":15},"end":{"line":198,"column":9}},{"start":{"line":196,"column":15},"end":{"line":198,"column":9}}],"line":194},"27":{"loc":{"start":{"line":194,"column":19},"end":{"line":194,"column":66}},"type":"binary-expr","locations":[{"start":{"line":194,"column":19},"end":{"line":194,"column":33}},{"start":{"line":194,"column":37},"end":{"line":194,"column":66}}],"line":194},"28":{"loc":{"start":{"line":203,"column":8},"end":{"line":208,"column":9}},"type":"if","locations":[{"start":{"line":203,"column":8},"end":{"line":208,"column":9}},{"start":{},"end":{}}],"line":203},"29":{"loc":{"start":{"line":211,"column":8},"end":{"line":213,"column":9}},"type":"if","locations":[{"start":{"line":211,"column":8},"end":{"line":213,"column":9}},{"start":{},"end":{}}],"line":211},"30":{"loc":{"start":{"line":211,"column":12},"end":{"line":211,"column":92}},"type":"binary-expr","locations":[{"start":{"line":211,"column":12},"end":{"line":211,"column":62}},{"start":{"line":211,"column":66},"end":{"line":211,"column":92}}],"line":211},"31":{"loc":{"start":{"line":211,"column":14},"end":{"line":211,"column":61}},"type":"binary-expr","locations":[{"start":{"line":211,"column":14},"end":{"line":211,"column":28}},{"start":{"line":211,"column":32},"end":{"line":211,"column":61}}],"line":211},"32":{"loc":{"start":{"line":221,"column":10},"end":{"line":221,"column":71}},"type":"binary-expr","locations":[{"start":{"line":221,"column":10},"end":{"line":221,"column":19}},{"start":{"line":221,"column":23},"end":{"line":221,"column":71}}],"line":221},"33":{"loc":{"start":{"line":232,"column":4},"end":{"line":236,"column":5}},"type":"if","locations":[{"start":{"line":232,"column":4},"end":{"line":236,"column":5}},{"start":{},"end":{}}],"line":232},"34":{"loc":{"start":{"line":238,"column":97},"end":{"line":238,"column":139}},"type":"cond-expr","locations":[{"start":{"line":238,"column":129},"end":{"line":238,"column":134}},{"start":{"line":238,"column":137},"end":{"line":238,"column":139}}],"line":238},"35":{"loc":{"start":{"line":343,"column":8},"end":{"line":347,"column":9}},"type":"if","locations":[{"start":{"line":343,"column":8},"end":{"line":347,"column":9}},{"start":{},"end":{}}],"line":343},"36":{"loc":{"start":{"line":343,"column":12},"end":{"line":343,"column":53}},"type":"binary-expr","locations":[{"start":{"line":343,"column":12},"end":{"line":343,"column":17}},{"start":{"line":343,"column":21},"end":{"line":343,"column":29}},{"start":{"line":343,"column":33},"end":{"line":343,"column":53}}],"line":343},"37":{"loc":{"start":{"line":345,"column":100},"end":{"line":345,"column":143}},"type":"cond-expr","locations":[{"start":{"line":345,"column":133},"end":{"line":345,"column":138}},{"start":{"line":345,"column":141},"end":{"line":345,"column":143}}],"line":345},"38":{"loc":{"start":{"line":351,"column":6},"end":{"line":370,"column":7}},"type":"if","locations":[{"start":{"line":351,"column":6},"end":{"line":370,"column":7}},{"start":{},"end":{}}],"line":351},"39":{"loc":{"start":{"line":357,"column":10},"end":{"line":366,"column":11}},"type":"if","locations":[{"start":{"line":357,"colu
[...]
line":383,"column":145},"end":{"line":383,"column":147}}],"line":383},"49":{"loc":{"start":{"line":392,"column":6},"end":{"line":394,"column":7}},"type":"if","locations":[{"start":{"line":392,"column":6},"end":{"line":394,"column":7}},{"start":{},"end":{}}],"line":392},"50":{"loc":{"start":{"line":398,"column":18},"end":{"line":398,"column":41}},"type":"binary-expr","locations":[{"start":{"line":398,"column":18},"end":{"line":398,"column":35}},{"start":{"line":398,"column":39},"end":{"line":398,"column":41}}],"line":398},"51":{"loc":{"start":{"line":416,"column":4},"end":{"line":420,"column":5}},"type":"if","locations":[{"start":{"line":416,"column":4},"end":{"line":420,"column":5}},{"start":{},"end":{}}],"line":416},"52":{"loc":{"start":{"line":422,"column":4},"end":{"line":426,"column":5}},"type":"if","locations":[{"start":{"line":422,"column":4},"end":{"line":426,"column":5}},{"start":{},"end":{}}],"line":422},"53":{"loc":{"start":{"line":428,"column":45},"end":{"line":428,"column":93}},"type":"binary-expr","locations":[{"start":{"line":428,"column":45},"end":{"line":428,"column":58}},{"start":{"line":428,"column":62},"end":{"line":428,"column":93}}],"line":428},"54":{"loc":{"start":{"line":428,"column":96},"end":{"line":428,"column":162}},"type":"cond-expr","locations":[{"start":{"line":428,"column":142},"end":{"line":428,"column":147}},{"start":{"line":428,"column":150},"end":{"line":428,"column":162}}],"line":428},"55":{"loc":{"start":{"line":428,"column":96},"end":{"line":428,"column":139}},"type":"binary-expr","locations":[{"start":{"line":428,"column":96},"end":{"line":428,"column":109}},{"start":{"line":428,"column":113},"end":{"line":428,"column":139}}],"line":428},"56":{"loc":{"start":{"line":429,"column":84},"end":{"line":429,"column":126}},"type":"cond-expr","locations":[{"start":{"line":429,"column":116},"end":{"line":429,"column":121}},{"start":{"line":429,"column":124},"end":{"line":429,"column":126}}],"line":429},"57":{"loc":{"start":{"line":433,"column":4},"end":{"line":437,"column":5}},"type":"if","locations":[{"start":{"line":433,"column":4},"end":{"line":437,"column":5}},{"start":{"line":435,"column":11},"end":{"line":437,"column":5}}],"line":433},"58":{"loc":{"start":{"line":434,"column":37},"end":{"line":434,"column":48}},"type":"binary-expr","locations":[{"start":{"line":434,"column":37},"end":{"line":434,"column":43}},{"start":{"line":434,"column":47},"end":{"line":434,"column":48}}],"line":434},"59":{"loc":{"start":{"line":435,"column":11},"end":{"line":437,"column":5}},"type":"if","locations":[{"start":{"line":435,"column":11},"end":{"line":437,"column":5}},{"start":{},"end":{}}],"line":435},"60":{"loc":{"start":{"line":439,"column":26},"end":{"line":441,"column":23}},"type":"cond-expr","locations":[{"start":{"line":440,"column":8},"end":{"line":440,"column":28}},{"start":{"line":441,"column":8},"end":{"line":441,"column":23}}],"line":439},"61":{"loc":{"start":{"line":439,"column":26},"end":{"line":439,"column":59}},"type":"binary-expr","locations":[{"start":{"line":439,"column":26},"end":{"line":439,"column":35}},{"start":{"line":439,"column":39},"end":{"line":439,"column":59}}],"line":439},"62":{"loc":{"start":{"line":454,"column":7},"end":{"line":454,"column":29}},"type":"binary-expr","locations":[{"start":{"line":454,"column":7},"end":{"line":454,"column":10}},{"start":{"line":454,"column":14},"end":{"line":454,"column":29}}],"line":454},"63":{"loc":{"start":{"line":455,"column":8},"end":{"line":455,"column":31}},"type":"binary-expr","locations":[{"start":{"line":455,"column":8},"end":{"line":455,"column":12}},{"start":{"line":455,"column":16},"end":{"line":455,"column":31}}],"line":455},"64":{"loc":{"start":{"line":561,"column":55},"end":{"line":561,"column":69}},"type":"default-arg","locations":[{"start":{"line":561,"column":68},"end":{"line":561,"column":69}}],"line":561},"65":{"loc":{"start":{"line":567,"column":10},"end":{"line":576,"column":11}},"type":"if","locations":[{"start":{"line":567,"column":10},"end":{"line":576,"column":11}},{"start":{"line":571,"column":17},"end":{"line":576,"column":11}}],"line":567},"66":{"loc":{"start":{"line":571,"column":17},"end":{"line":576,"column":11}},"type":"if","locations":[{"start":{"line":571,"column":17},"end":{"line":576,"column":11}},{"start":{},"end":{}}],"line":571},"67":{"loc":{"start":{"line":589,"column":10},"end":{"line":595,"column":11}},"type":"if","locations":[{"start":{"line":589,"column":10},"end":{"line":595,"column":11}},{"start":{},"end":{}}],"line":589},"68":{"loc":{"start":{"line":589,"column":14},"end":{"line":593,"column":40}},"type":"binary-expr","locations":[{"start":{"line":589,"column":15},"end":{"line":589,"column":29}},{"start":{"line":590,"column":15},"end":{"line":590,"column":52}},{"start":{"line":591,"column":15},"end":{"line":591,"column":49}},{"start":{"line":592,"column":15},"end":{"line":592,"column":45}},{"start":{"line":593,"column":14},"end":{"line":593,"column":40}}],"line":589},"69":{"loc":{"start":{"line":600,"column":12},"end":{"line":600,"column":65}},"type":"binary-expr","locations":[{"start":{"line":600,"column":12},"end":{"line":600,"column":21}},{"start":{"line":600,"column":25},"end":{"line":600,"column":65}}],"line":600},"70":{"loc":{"start":{"line":626,"column":55},"end":{"line":626,"column":93}},"type":"binary-expr","locations":[{"start":{"line":626,"column":55},"end":{"line":626,"column":76}},{"start":{"line":626,"column":80},"end":{"line":626,"column":93}}],"line":626},"71":{"loc":{"start":{"line":642,"column":4},"end":{"line":646,"column":5}},"type":"if","locations":[{"start":{"line":642,"column":4},"end":{"line":646,"column":5}},{"start":{},"end":{}}],"line":642},"72":{"loc":{"start":{"line":648,"column":4},"end":{"line":652,"column":5}},"type":"if","locations":[{"start":{"line":648,"column":4},"end":{"line":652,"column":5}},{"start":{},"end":{}}],"line":648},"73":{"loc":{"start":{"line":648,"column":8},"end":{"line":648,"column":70}},"type":"binary-expr","locations":[{"start":{"line":648,"column":8},"end":{"line":648,"column":17}},{"start":{"line":648,"column":21},"end":{"line":648,"column":45}},{"start":{"line":648,"column":49},"end":{"line":648,"column":70}}],"line":648},"74":{"loc":{"start":{"line":654,"column":95},"end":{"line":654,"column":137}},"type":"cond-expr","locations":[{"start":{"line":654,"column":127},"end":{"line":654,"column":132}},{"start":{"line":654,"column":135},"end":{"line":654,"column":137}}],"line":654},"75":{"loc":{"start":{"line":684,"column":4},"end":{"line":688,"column":5}},"type":"if","locations":[{"start":{"line":684,"column":4},"end":{"line":688,"column":5}},{"start":{},"end":{}}],"line":684},"76":{"loc":{"start":{"line":684,"column":8},"end":{"line":684,"column":70}},"type":"binary-expr","locations":[{"start":{"line":684,"column":8},"end":{"line":684,"column":17}},{"start":{"line":684,"column":21},"end":{"line":684,"column":45}},{"start":{"line":684,"column":49},"end":{"line":684,"column":70}}],"line":684},"77":{"loc":{"start":{"line":690,"column":4},"end":{"line":694,"column":5}},"type":"if","locations":[{"start":{"line":690,"column":4},"end":{"line":694,"column":5}},{"start":{},"end":{}}],"line":690},"78":{"loc":{"start":{"line":697,"column":79},"end":{"line":697,"column":121}},"type":"cond-expr","locations":[{"start":{"line":697,"column":111},"end":{"line":697,"column":116}},{"start":{"line":697,"column":119},"end":{"line":697,"column":121}}],"line":697},"79":{"loc":{"start":{"line":713,"column":4},"end":{"line":721,"column":5}},"type":"if","locations":[{"start":{"line":713,"column":4},"end":{"line":721,"column":5}},{"start":{},"end":{}}],"line":713},"80":{"loc":{"start":{"line":729,"column":82},"end":{"line":729,"column":129}},"type":"binary-expr","locations":[{"start":{"line":729,"column":82},"end":{"line":729,"column":113}},{"start":{"line":729,"column":117},"end":{"line":729,"column":129}}],"line":729},"81":{"loc":{"start":{"line":732,"column":6},"end":{"line":737,"column":7}},"type":"if","locations":[{"start":{"line":732,"column":6},"end":{"line":737,"column":7}},{"start":{},"end":{}}],"line":732},"82":{"loc":{"start":{"line":751,"column":8},"end":{"line":788,"column":9}},"type":"if","locations":[{"start":{"line":751,"column":8},"end":{"line":788,"column":9}},{"start":{"line":779,"column":15},"end":{"line":788,"column":9}}],"line":751},"83":{"loc":{"start":{"line":751,"column":12},"end":{"line":751,"column":100}},"type":"binary-expr","locations":[{"start":{"line":751,"column":12},"end":{"line":751,"column":25}},{"start":{"line":751,"column":30},"end":{"line":751,"column":66}},{"start":{"line":751,"column":70},"end":{"line":751,"column":99}}],"line":751},"84":{"loc":{"start":{"line":807,"column":8},"end":{"line":816,"column":9}},"type":"if","locations":[{"start":{"line":807,"column":8},"end":{"line":816,"column":9}},{"start":{},"end":{}}],"line":807},"85":{"loc":{"start":{"line":812,"column":10},"end":{"line":815,"column":11}},"type":"if","locations":[{"start":{"line":812,"column":10},"end":{"line":815,"column":11}},{"start":{},"end":{}}],"line":812},"86":{"loc":{"start":{"line":812,"column":14},"end":{"line":812,"column":62}},"type":"binary-expr","locations":[{"start":{"line":812,"column":14},"end":{"line":812,"column":38}},{"start":{"line":812,"column":42},"end":{"line":812,"column":47}},{"start":{"line":812,"column":51},"end":{"line":812,"column":62}}],"line":812},"87":{"loc":{"start":{"line":844,"column":56},"end":{"line":844,"column":90}},"type":"binary-expr","locations":[{"start":{"line":844,"column":56},"end":{"line":844,"column":72}},{"start":{"line":844,"column":76},"end":{"line":844,"column":90}}],"line":844},"88":{"loc":{"start":{"line":862,"column":43},"end":{"line":862,"column":55}},"type":"default-arg","locations":[{"start":{"line":862,"column":53},"end":{"line":862,"column":55}}],"line":862},"89":{"loc":{"start":{"line":864,"column":18},"end":{"line":864,"column":37}},"type":"binary-expr","locations":[{"start":{"line":864,"column":18},"end":{"line":864,"column":31}},{"start":{"line":864,"column":35},"end":{"line":864,"column":37}}],"line":864},"90":{"loc":{"start":{"line":866,"column":4},"end":{"line":869,"column":5}},"type":"if","locations":[{"start":{"line":866,"column":4},"end":{"line":869,"column":5}},{"start":{},"end":{}}],"line":866},"91":{"loc":{"start":{"line":866,"column":8},"end":{"line":866,"column":70}},"type":"binary-expr","locations":[{"start":{"line":866,"column":8},"end":{"line":866,"column":17}},{"start":{"line":866,"column":21},"end":{"line":866,"column":45}},{"start":{"line":866,"column":49},"end":{"line":866,"column":70}}],"line":866},"92":{"loc":{"start":{"line":871,"column":4},"end":{"line":875,"column":5}},"type":"if","locations":[{"start":{"line":871,"column":4},"end":{"line":875,"column":5}},{"start":{},"end":{}}],"line":871},"93":{"loc":{"start":{"line":883,"column":15},"end":{"line":883,"column":44}},"type":"binary-expr","locations":[{"start":{"line":883,"column":15},"end":{"line":883,"column":28}},{"start":{"line":883,"column":32},"end":{"line":883,"column":44}}],"line":883},"94":{"loc":{"start":{"line":926,"column":6},"end":{"line":930,"column":7}},"type":"if","locations":[{"start":{"line":926,"column":6},"end":{"line":930,"column":7}},{"start":{},"end":{}}],"line":926},"95":{"loc":{"start":{"line":941,"column":6},"end":{"line":944,"column":7}},"type":"if","locations":[{"start":{"line":941,"column":6},"end":{"line":944,"column":7}},{"start":{},"end":{}}],"line":941},"96":{"loc":{"start":{"line":961,"column":52},"end":{"line":961,"column":64}},"type":"default-arg","locations":[{"start":{"line":961,"column":62},"end":{"line":961,"column":64}}],"line":961}},"s":{"0":73,"1":73,"2":73,"3":0,"4":0,"5":0,"6":0,"7":0,"8":1,"9":1,"10":1,"11":1,"12":1,"13":0,"14":6,"15":6,"16":0,"17":0,"18":0,"19":6,"20":0,"21":0,"22":0,"23":6,"24":6,"25":6,"26":6,"27":6,"28":6,"29":6,"30":6,"31":6,"32":6,"33":6,"34":6,"35":6,"36":0,"37":0,"38":0,"39":0,"40":6,"41":6,"42":6,"43":6,"44":6,"45":6,"46":6,"47":6,"48":6,"49":6,"50":6,"51":6,"52":6,"53":0,"54":0,"55":0,"56":0,"57":0,"58":0,"59":0,"60":0,"61":0,"62":0,"63":0,"64":0,"65":0,"66":0,"67":0,"68":0,"69":0,"70":0,"71":0,"72":0,"73":0,"74":0,"75":0,"76":0,"77":0,"78":0,"79":0,"80":0,"81":0,"82":0,"83":0,"84":0,"85":0,"86":0,"87":0,"88":0,"89":0,"90":0,"91":0,"92":0,"93":0,"94":0,"95":0,"96":0,"97":0,"98":0,"99":0,"100":0,"101":0,"102":0,"103":0,"104":0,"105":0,"106":0,"107":0,"108":0,"109":0,"110":0,"111":0,"112":0,"113":0,"114":0,"115":0,"116":0,"117":0,"118":0,"119":0,"120":0,"121":0,"122":0,"123":0,"124":0,"125":0,"126":0,"127":0,"128":0,"129":0,"130":0,"131":0,"132":0,"133":0,"134":6,"135":6,"136":0,"137":0,"138":0,"139":6,"140":0,"141":0,"142":0,"143":6,"144":6,"145":6,"146":6,"147":6,"148":0,"149":0,"150":6,"151":0,"152":6,"153":6,"154":6,"155":6,"156":6,"157":6,"158":6,"159":6,"160":0,"161":0,"162":0,"163":0,"164":6,"165":6,"166":6,"167":6,"168":6,"169":6,"170":6,"171":6,"172":6,"173":0,"174":0,"175":0,"176":0,"177":0,"178":6,"179":6,"180":0,"181":0,"182":0,"183":0,"184":0,"185":0,"186":0,"187":0,"188":0,"189":0,"190":0,"191":0,"192":0,"193":0,"194":0,"195":0,"196":0,"197":0,"198":0,"199":0,"200":0,"201":0,"202":0,"203":0,"204":0,"205":0,"206":0,"207":0,"208":0,"209":0,"210":0,"211":0,"212":0,"213":0,"214":0,"215":0,"216":0,"217":0,"218":0,"219":0,"220":0,"221":0,"222":0,"223":0,"224":0,"225":0,"226":0,"227":0,"228":0,"229":0,"230":0,"231":0,"232":0,"233":0,"234":0,"235":0,"236":0,"237":0,"238":0,"239":0,"240":0,"241":0,"242":0,"243":0,"244":0,"245":0,"246":0,"247":0,"248":0,"249":0,"250":0,"251":0,"252":0,"253":0,"254":0,"255":0,"256":0,"257":0,"258":0,"259":0,"260":0,"261":0,"262":0,"263":0,"264":0,"265":0,"266":0,"267":0,"268":0,"269":0,"270":0,"271":0,"272":0,"273":0,"274":0,"275":0,"276":0,"277":0,"278":0,"279":0,"280":0,"281":0,"282":0,"283":0,"284":0,"285":0,"286":0,"287":0,"288":0,"289":0,"290":0,"291":0,"292":0,"293":0,"294":0,"295":0,"296":0,"297":0,"298":0,"299":0,"300":0,"301":0,"302":0,"303":0,"304":0,"305":0,"306":0,"307":0,"308":0,"309":0,"310":0,"311":0,"312":0,"313":0,"314":0,"315":0,"316":0,"317":0,"318":0,"319":0,"320":0,"321":0},"f":{"0":73,"1":0,"2":1,"3":6,"4":0,"5":0,"6":0,"7":6,"8":0,"9":6,"10":0,"11":6,"12":0,"13":0,"14":0,"15":0,"16":0,"17":0,"18":0,"19":0,"20":0,"21":0,"22":0,"23":0,"24":0,"25":0,"26":0,"27":0,"28":0,"29":0,"30":0,"31":0,"32":0,"33":0},"b":{"0":[73],"1":[0,73],"2":[0,0],"3":[0],"4":[0,0],"5":[0,1],"6":[0],"7":[0,6],"8":[0,6],"9":[6,6],"10":[6,0],"11":[6,6],"12":[0,6],"13":[6,0],"14":[6,6,6,6],"15":[6,0],"16":[0,0],"17":[0,0],"18":[0,0],"19":[0,0],"20":[0,0],"21":[0,0],"22":[0,0],"23":[0,0],"24":[0,0],"25":[0,0],"26":[0,0],"27":[0,0],"28":[0,0],"29":[0,0],"30":[0,0],"31":[0,0],"32":[0,0],"33":[0,0],"34":[0,0],"35":[0,0],"36":[0,0,0],"37":[0,0],"38":[0,0],"39":[0,0],"40":[0,0],"41":[0,0],"42":[0,0],"43":[0,0],"44":[0,0],"45":[0,0],"46":[0,0],"47":[0,0,0,0,0,0,0,0],"48":[0,0],"49":[0,0],"50":[0,0],"51":[0,6],"52":[0,6],"53":[6,6],"54":[0,6],"55":[6,6],"56":[0,6],"57":[0,6],"58":[0,0],"59":[0,6],"60":[0,6],"61":[6,0],"62":[6,6],"63":[6,0],"64":[0],"65":[0,6],"66":[6,0],"67":[0,0],"68":[0,0,0,0,0],"69":[0,0],"70":[0,0],"71":[0,0],"72":[0,0],"73":[0,0,0],"74":[0,0],"75":[0,0],"76":[0,0,0],"77":[0,0],"78":[0,0],"79":[0,0],"80":[0,0],"81":[0,0],"82":[0,0],"83":[0,0,0],"84":[0,0],"85":[0,0],"86":[0,0,0],"87":[0,0],"88":[0],"89":[0,0],"90":[0,0],"91":[0,0,0],"92":[0,0],"93":[0,0],"94":[0,0],"95":[0,0],"96":[0]},"inputSourceMap":null,"_coverageSchema":"1a1c01bbd47fc00a2c39e90264f33305004495a9","hash":"0465192586fbb54a9a8df26e91aeae85aba25f96"}
,"/Users/patriciozepeda/Dropbox/Cursos/Fullstack/Módulo 6 - Node/Examen Prompt IA/backend/utils/aiPrompts.js": {"path":"/Users/patriciozepeda/Dropbox/Cursos/Fullstack/Módulo 6 - Node/Examen Prompt IA/backend/utils/aiPrompts.js","statementMap":{"0":{"start":{"line":13,"column":23},"end":{"line":34,"column":17}},"1":{"start":{"line":15,"column":18},"end":{"line":15,"column":47}},"2":{"start":{"line":16,"column":20},"end":{"line":18,"column":96}},"3":{"start":{"line":18,"column":67},"end":{"line":18,"column":78}},"4":{"start":{"line":19,"column":17},"end":{"line":19,"column":47}},"5":{"start":{"line":20,"column":28},"end":{"line":20,"column":74}},"6":{"start":{"line":21,"column":21},"end":{"line":21,"column":56}},"7":{"start":{"line":22,"column":21},"end":{"line":22,"column":72}},"8":{"start":{"line":25,"column":4},"end":{"line":33,"column":6}},"9":{"start":{"line":37,"column":2},"end":{"line":75,"column":152}}},"fnMap":{"0":{"name":"generateSynthesisPrompt","decl":{"start":{"line":11,"column":16},"end":{"line":11,"column":39}},"loc":{"start":{"line":11,"column":68},"end":{"line":76,"column":1}},"line":11},"1":{"name":"(anonymous_1)","decl":{"start":{"line":13,"column":36},"end":{"line":13,"column":37}},"loc":{"start":{"line":13,"column":56},"end":{"line":34,"column":3}},"line":13},"2":{"name":"(anonymous_2)","decl":{"start":{"line":18,"column":62},"end":{"line":18,"column":63}},"loc":{"start":{"line":18,"column":67},"end":{"line":18,"column":78}},"line":18}},"branchMap":{"0":{"loc":{"start":{"line":15,"column":18},"end":{"line":15,"column":47}},"type":"binary-expr","locations":[{"start":{"line":15,"column":18},"end":{"line":15,"column":31}},{"start":{"line":15,"column":35},"end":{"line":15,"column":47}}],"line":15},"1":{"loc":{"start":{"line":16,"column":20},"end":{"line":18,"column":96}},"type":"cond-expr","locations":[{"start":{"line":17,"column":8},"end":{"line":17,"column":23}},{"start":{"line":18,"column":9},"end":{"line":18,"column":95}}],"line":16},"2":{"loc":{"start":{"line":18,"column":9},"end":{"line":18,"column":95}},"type":"cond-expr","locations":[{"start":{"line":18,"column":42},"end":{"line":18,"column":90}},{"start":{"line":18,"column":93},"end":{"line":18,"column":95}}],"line":18},"3":{"loc":{"start":{"line":18,"column":67},"end":{"line":18,"column":78}},"type":"binary-expr","locations":[{"start":{"line":18,"column":67},"end":{"line":18,"column":73}},{"start":{"line":18,"column":77},"end":{"line":18,"column":78}}],"line":18},"4":{"loc":{"start":{"line":19,"column":17},"end":{"line":19,"column":47}},"type":"binary-expr","locations":[{"start":{"line":19,"column":17},"end":{"line":19,"column":29}},{"start":{"line":19,"column":33},"end":{"line":19,"column":47}}],"line":19},"5":{"loc":{"start":{"line":20,"column":28},"end":{"line":20,"column":74}},"type":"binary-expr","locations":[{"start":{"line":20,"column":28},"end":{"line":20,"column":51}},{"start":{"line":20,"column":55},"end":{"line":20,"column":74}}],"line":20},"6":{"loc":{"start":{"line":21,"column":21},"end":{"line":21,"column":56}},"type":"binary-expr","locations":[{"start":{"line":21,"column":21},"end":{"line":21,"column":37}},{"start":{"line":21,"column":41},"end":{"line":21,"column":56}}],"line":21},"7":{"loc":{"start":{"line":22,"column":21},"end":{"line":22,"column":72}},"type":"binary-expr","locations":[{"start":{"line":22,"column":21},"end":{"line":22,"column":46}},{"start":{"line":22,"column":50},"end":{"line":22,"column":66}},{"start":{"line":22,"column":70},"end":{"line":22,"column":72}}],"line":22},"8":{"loc":{"start":{"line":31,"column":41},"end":{"line":31,"column":75}},"type":"cond-expr","locations":[{"start":{"line":31,"column":65},"end":{"line":31,"column":70}},{"start":{"line":31,"column":73},"end":{"line":31,"column":75}}],"line":31},"9":{"loc":{"start":{"line":32,"column":48},"end":{"line":32,"column":82}},"type":"cond-expr","locations":[{"start":{"line":32,"column":72},"end":{"line":32,"column":77}},{"start":{"line":32,"column":80},"end":{"line":32,"column":82}}],"line":32}},"s":{"0":0,"1":0,"2":0,"3":0,"4":0,"5":0,"6":0,"7":0,"8":0,"9":0},"f":{"0":0,"1":0,"2":0},"b":{"0":[0,0],"1":[0,0],"2":[0,0],"3":[0,0],"4":[0,0],"5":[0,0],"6":[0,0],"7":[0,0,0],"8":[0,0],"9":[0,0]},"inputSourceMap":null,"_coverageSchema":"1a1c01bbd47fc00a2c39e90264f33305004495a9","hash":"9c8af690524aa3076ed8a761805a986e66fac0cc"}
}
