{"/Users/patriciozepeda/Dropbox/Cursos/Fullstack/Módulo 6 - Node/Examen Prompt IA/backend/socket.js": {"path":"/Users/patriciozepeda/Dropbox/Cursos/Fullstack/Módulo 6 - Node/Examen Prompt IA/backend/socket.js","statementMap":{"0":{"start":{"line":15,"column":28},"end":{"line":47,"column":1}},"1":{"start":{"line":16,"column":2},"end":{"line":28,"column":5}},"2":{"start":{"line":30,"column":2},"end":{"line":43,"column":5}},"3":{"start":{"line":31,"column":4},"end":{"line":31,"column":61}},"4":{"start":{"line":34,"column":4},"end":{"line":34,"column":104}},"5":{"start":{"line":36,"column":4},"end":{"line":38,"column":7}},"6":{"start":{"line":37,"column":6},"end":{"line":37,"column":78}},"7":{"start":{"line":40,"column":4},"end":{"line":42,"column":7}},"8":{"start":{"line":41,"column":6},"end":{"line":41,"column":60}},"9":{"start":{"line":45,"column":2},"end":{"line":45,"column":54}},"10":{"start":{"line":46,"column":2},"end":{"line":46,"column":12}},"11":{"start":{"line":53,"column":21},"end":{"line":58,"column":1}},"12":{"start":{"line":54,"column":2},"end":{"line":56,"column":3}},"13":{"start":{"line":55,"column":4},"end":{"line":55,"column":89}},"14":{"start":{"line":57,"column":2},"end":{"line":57,"column":12}}},"fnMap":{"0":{"name":"(anonymous_0)","decl":{"start":{"line":15,"column":28},"end":{"line":15,"column":29}},"loc":{"start":{"line":15,"column":40},"end":{"line":47,"column":1}},"line":15},"1":{"name":"(anonymous_1)","decl":{"start":{"line":30,"column":22},"end":{"line":30,"column":23}},"loc":{"start":{"line":30,"column":34},"end":{"line":43,"column":3}},"line":30},"2":{"name":"(anonymous_2)","decl":{"start":{"line":36,"column":28},"end":{"line":36,"column":29}},"loc":{"start":{"line":36,"column":40},"end":{"line":38,"column":5}},"line":36},"3":{"name":"(anonymous_3)","decl":{"start":{"line":40,"column":23},"end":{"line":40,"column":24}},"loc":{"start":{"line":40,"column":34},"end":{"line":42,"column":5}},"line":40},"4":{"name":"(anonymous_4)","decl":{"start":{"line":53,"column":21},"end":{"line":53,"column":22}},"loc":{"start":{"line":53,"column":27},"end":{"line":58,"column":1}},"line":53}},"branchMap":{"0":{"loc":{"start":{"line":54,"column":2},"end":{"line":56,"column":3}},"type":"if","locations":[{"start":{"line":54,"column":2},"end":{"line":56,"column":3}},{"start":{},"end":{}}],"line":54}},"s":{"0":1,"1":0,"2":0,"3":0,"4":0,"5":0,"6":0,"7":0,"8":0,"9":0,"10":0,"11":1,"12":0,"13":0,"14":0},"f":{"0":0,"1":0,"2":0,"3":0,"4":0},"b":{"0":[0,0]},"inputSourceMap":null,"_coverageSchema":"1a1c01bbd47fc00a2c39e90264f33305004495a9","hash":"95a088f736ea98013af7605607d275457d0c879d"}
,"/Users/patriciozepeda/Dropbox/Cursos/Fullstack/Módulo 6 - Node/Examen Prompt IA/backend/config/index.js": {"path":"/Users/patriciozepeda/Dropbox/Cursos/Fullstack/Módulo 6 - Node/Examen Prompt IA/backend/config/index.js","statementMap":{"0":{"start":{"line":7,"column":15},"end":{"line":54,"column":1}},"1":{"start":{"line":57,"column":0},"end":{"line":59,"column":1}},"2":{"start":{"line":58,"column":2},"end":{"line":58,"column":78}},"3":{"start":{"line":61,"column":0},"end":{"line":63,"column":1}},"4":{"start":{"line":62,"column":2},"end":{"line":62,"column":78}}},"fnMap":{},"branchMap":{"0":{"loc":{"start":{"line":10,"column":10},"end":{"line":10,"column":34}},"type":"binary-expr","locations":[{"start":{"line":10,"column":10},"end":{"line":10,"column":26}},{"start":{"line":10,"column":30},"end":{"line":10,"column":34}}],"line":10},"1":{"loc":{"start":{"line":11,"column":9},"end":{"line":11,"column":46}},"type":"binary-expr","locations":[{"start":{"line":11,"column":9},"end":{"line":11,"column":29}},{"start":{"line":11,"column":33},"end":{"line":11,"column":46}}],"line":11},"2":{"loc":{"start":{"line":18,"column":15},"end":{"line":18,"column":92}},"type":"binary-expr","locations":[{"start":{"line":18,"column":15},"end":{"line":18,"column":41}},{"start":{"line":18,"column":45},"end":{"line":18,"column":92}}],"line":18},"3":{"loc":{"start":{"line":20,"column":27},"end":{"line":20,"column":65}},"type":"binary-expr","locations":[{"start":{"line":20,"column":27},"end":{"line":20,"column":57}},{"start":{"line":20,"column":61},"end":{"line":20,"column":65}}],"line":20},"4":{"loc":{"start":{"line":24,"column":15},"end":{"line":24,"column":72}},"type":"binary-expr","locations":[{"start":{"line":24,"column":15},"end":{"line":24,"column":41}},{"start":{"line":24,"column":45},"end":{"line":24,"column":72}}],"line":24},"5":{"loc":{"start":{"line":27,"column":15},"end":{"line":27,"column":74}},"type":"binary-expr","locations":[{"start":{"line":27,"column":15},"end":{"line":27,"column":40}},{"start":{"line":27,"column":44},"end":{"line":27,"column":74}}],"line":27},"6":{"loc":{"start":{"line":38,"column":14},"end":{"line":38,"column":44}},"type":"binary-expr","locations":[{"start":{"line":38,"column":14},"end":{"line":38,"column":37}},{"start":{"line":38,"column":41},"end":{"line":38,"column":44}}],"line":38},"7":{"loc":{"start":{"line":46,"column":18},"end":{"line":46,"column":49}},"type":"binary-expr","locations":[{"start":{"line":46,"column":18},"end":{"line":46,"column":39}},{"start":{"line":46,"column":43},"end":{"line":46,"column":49}}],"line":46},"8":{"loc":{"start":{"line":51,"column":11},"end":{"line":51,"column":42}},"type":"binary-expr","locations":[{"start":{"line":51,"column":11},"end":{"line":51,"column":32}},{"start":{"line":51,"column":36},"end":{"line":51,"column":42}}],"line":51},"9":{"loc":{"start":{"line":52,"column":12},"end":{"line":52,"column":48}},"type":"binary-expr","locations":[{"start":{"line":52,"column":12},"end":{"line":52,"column":34}},{"start":{"line":52,"column":38},"end":{"line":52,"column":48}}],"line":52},"10":{"loc":{"start":{"line":57,"column":0},"end":{"line":59,"column":1}},"type":"if","locations":[{"start":{"line":57,"column":0},"end":{"line":59,"column":1}},{"start":{},"end":{}}],"line":57},"11":{"loc":{"start":{"line":61,"column":0},"end":{"line":63,"column":1}},"type":"if","locations":[{"start":{"line":61,"column":0},"end":{"line":63,"column":1}},{"start":{},"end":{}}],"line":61}},"s":{"0":1,"1":1,"2":0,"3":1,"4":0},"f":{},"b":{"0":[1,0],"1":[1,0],"2":[1,0],"3":[1,0],"4":[1,0],"5":[1,1],"6":[1,0],"7":[1,0],"8":[1,0],"9":[1,0],"10":[0,1],"11":[0,1]},"inputSourceMap":null,"_coverageSchema":"1a1c01bbd47fc00a2c39e90264f33305004495a9","hash":"ad95eff269fb2080ce58e7aeba56f739773dca00"}
,"/Users/patriciozepeda/Dropbox/Cursos/Fullstack/Módulo 6 - Node/Examen Prompt IA/backend/controllers/claudeController.js": {"path":"/Users/patriciozepeda/Dropbox/Cursos/Fullstack/Módulo 6 - Node/Examen Prompt IA/backend/controllers/claudeController.js","statementMap":{"0":{"start":{"line":15,"column":16},"end":{"line":15,"column":61}},"1":{"start":{"line":16,"column":2},"end":{"line":16,"column":42}},"2":{"start":{"line":26,"column":2},"end":{"line":35,"column":3}},"3":{"start":{"line":27,"column":4},"end":{"line":31,"column":7}},"4":{"start":{"line":32,"column":4},"end":{"line":32,"column":65}},"5":{"start":{"line":34,"column":4},"end":{"line":34,"column":62}},"6":{"start":{"line":38,"column":25},"end":{"line":339,"column":1}},"7":{"start":{"line":45,"column":4},"end":{"line":72,"column":5}},"8":{"start":{"line":46,"column":25},"end":{"line":46,"column":33}},"9":{"start":{"line":48,"column":6},"end":{"line":53,"column":7}},"10":{"start":{"line":49,"column":8},"end":{"line":52,"column":11}},"11":{"start":{"line":56,"column":31},"end":{"line":56,"column":62}},"12":{"start":{"line":59,"column":31},"end":{"line":59,"column":91}},"13":{"start":{"line":62,"column":6},"end":{"line":65,"column":9}},"14":{"start":{"line":67,"column":6},"end":{"line":67,"column":59}},"15":{"start":{"line":68,"column":6},"end":{"line":71,"column":9}},"16":{"start":{"line":81,"column":4},"end":{"line":120,"column":5}},"17":{"start":{"line":82,"column":52},"end":{"line":82,"column":60}},"18":{"start":{"line":85,"column":6},"end":{"line":113,"column":7}},"19":{"start":{"line":87,"column":34},"end":{"line":87,"column":65}},"20":{"start":{"line":90,"column":24},"end":{"line":90,"column":68}},"21":{"start":{"line":92,"column":8},"end":{"line":95,"column":11}},"22":{"start":{"line":98,"column":11},"end":{"line":113,"column":7}},"23":{"start":{"line":100,"column":24},"end":{"line":100,"column":85}},"24":{"start":{"line":102,"column":8},"end":{"line":105,"column":11}},"25":{"start":{"line":109,"column":8},"end":{"line":112,"column":11}},"26":{"start":{"line":115,"column":6},"end":{"line":115,"column":61}},"27":{"start":{"line":116,"column":6},"end":{"line":119,"column":9}},"28":{"start":{"line":129,"column":4},"end":{"line":254,"column":5}},"29":{"start":{"line":130,"column":45},"end":{"line":130,"column":53}},"30":{"start":{"line":132,"column":6},"end":{"line":137,"column":7}},"31":{"start":{"line":133,"column":8},"end":{"line":136,"column":11}},"32":{"start":{"line":139,"column":6},"end":{"line":144,"column":7}},"33":{"start":{"line":140,"column":8},"end":{"line":143,"column":11}},"34":{"start":{"line":146,"column":6},"end":{"line":146,"column":69}},"35":{"start":{"line":149,"column":6},"end":{"line":149,"column":50}},"36":{"start":{"line":152,"column":24},"end":{"line":152,"column":25}},"37":{"start":{"line":153,"column":34},"end":{"line":153,"column":38}},"38":{"start":{"line":154,"column":35},"end":{"line":154,"column":39}},"39":{"start":{"line":157,"column":31},"end":{"line":202,"column":7}},"40":{"start":{"line":159,"column":8},"end":{"line":163,"column":9}},"41":{"start":{"line":160,"column":24},"end":{"line":160,"column":69}},"42":{"start":{"line":161,"column":10},"end":{"line":161,"column":104}},"43":{"start":{"line":162,"column":10},"end":{"line":162,"column":67}},"44":{"start":{"line":162,"column":39},"end":{"line":162,"column":65}},"45":{"start":{"line":165,"column":8},"end":{"line":201,"column":9}},"46":{"start":{"line":166,"column":10},"end":{"line":166,"column":134}},"47":{"start":{"line":170,"column":10},"end":{"line":181,"column":11}},"48":{"start":{"line":171,"column":12},"end":{"line":171,"column":85}},"49":{"start":{"line":174,"column":12},"end":{"line":180,"column":13}},"50":{"start":{"line":175,"column":14},"end":{"line":175,"column":109}},"51":{"start":{"line":176,"column":14},"end":{"line":176,"column":71}},"52":{"start":{"line":176,"column":43},"end":{"line":176,"column":69}},"53":{"start":{"line":177,"column":14},"end":{"line":177,"column":87}},"54":{"start":{"line":179,"column":14},"end":{"line":179,"column":33}},"55":{"start":{"line":184,"column":10},"end":{"line":184,"column":62}},"56":{"start":{"line":186,"column":10},"end":{"line":189,"column":12}},"57":{"start":{"line":191,"column":10},"end":{"line":191,"column":75}},"58":{"start":{"line":194,"column":10},"end":{"line":194,"column":62}},"59":{"start":{"line":196,"column":10},"end":{"line":200,"column":12}},"60":{"start":{"line":205,"column":22},"end":{"line":205,"column":24}},"61":{"start":{"line":206,"column":6},"end":{"line":228,"column":7}},"62":{"start":{"line":206,"column":28},"end":{"line":206,"column":29}},"63":{"start":{"line":207,"column":8},"end":{"line":207,"column":119}},"64":{"start":{"line":210,"column":25},"end":{"line":210,"column":74}},"65":{"start":{"line":211,"column":30},"end":{"line":211,"column":32}},"66":{"start":{"line":213,"column":8},"end":{"line":215,"column":9}},"67":{"start":{"line":213,"column":21},"end":{"line":213,"column":31}},"68":{"start":{"line":214,"column":10},"end":{"line":214,"column":63}},"69":{"start":{"line":218,"column":29},"end":{"line":218,"column":61}},"70":{"start":{"line":219,"column":8},"end":{"line":219,"column":38}},"71":{"start":{"line":222,"column":8},"end":{"line":227,"column":9}},"72":{"start":{"line":224,"column":29},"end":{"line":224,"column":73}},"73":{"start":{"line":225,"column":10},"end":{"line":225,"column":91}},"74":{"start":{"line":226,"column":10},"end":{"line":226,"column":72}},"75":{"start":{"line":226,"column":39},"end":{"line":226,"column":70}},"76":{"start":{"line":231,"column":6},"end":{"line":231,"column":65}},"77":{"start":{"line":234,"column":26},"end":{"line":234,"column":61}},"78":{"start":{"line":234,"column":46},"end":{"line":234,"column":53}},"79":{"start":{"line":235,"column":27},"end":{"line":235,"column":55}},"80":{"start":{"line":237,"column":6},"end":{"line":243,"column":9}},"81":{"start":{"line":245,"column":6},"end":{"line":245,"column":58}},"82":{"start":{"line":248,"column":6},"end":{"line":248,"column":37}},"83":{"start":{"line":250,"column":6},"end":{"line":253,"column":9}},"84":{"start":{"line":263,"column":4},"end":{"line":293,"column":5}},"85":{"start":{"line":264,"column":45},"end":{"line":264,"column":53}},"86":{"start":{"line":266,"column":6},"end":{"line":271,"column":7}},"87":{"start":{"line":267,"column":8},"end":{"line":270,"column":11}},"88":{"start":{"line":273,"column":6},"end":{"line":278,"column":7}},"89":{"start":{"line":274,"column":8},"end":{"line":277,"column":11}},"90":{"start":{"line":281,"column":24},"end":{"line":281,"column":89}},"91":{"start":{"line":283,"column":6},"end":{"line":286,"column":9}},"92":{"start":{"line":288,"column":6},"end":{"line":288,"column":57}},"93":{"start":{"line":289,"column":6},"end":{"line":292,"column":9}},"94":{"start":{"line":302,"column":4},"end":{"line":337,"column":5}},"95":{"start":{"line":303,"column":44},"end":{"line":303,"column":52}},"96":{"start":{"line":305,"column":6},"end":{"line":310,"column":7}},"97":{"start":{"line":306,"column":8},"end":{"line":309,"column":11}},"98":{"start":{"line":312,"column":6},"end":{"line":317,"column":7}},"99":{"start":{"line":313,"column":8},"end":{"line":316,"column":11}},"100":{"start":{"line":319,"column":6},"end":{"line":319,"column":85}},"101":{"start":{"line":322,"column":31},"end":{"line":324,"column":8}},"102":{"start":{"line":326,"column":6},"end":{"line":330,"column":9}},"103":{"start":{"line":332,"column":6},"end":{"line":332,"column":69}},"104":{"start":{"line":333,"column":6},"end":{"line":336,"column":9}}},"fnMap":{"0":{"name":"extractClinicalQuestion","decl":{"start":{"line":13,"column":9},"end":{"line":13,"column":32}},"loc":{"start":{"line":13,"column":41},"end":{"line":17,"column":1}},"line":13},"1":{"name":"emitBatchProgress","decl":{"start":{"line":25,"column":9},"end":{"line":25,"column":26}},"loc":{"start":{"line":25,"column":55},"end":{"line":36,"column":1}},"line":25},"2":{"name":"(anonymous_2)","decl":{"start":{"line":44,"column":20},"end":{"line":44,"column":21}},"loc":{"start":{"line":44,"column":40},"end":{"line":73,"column":3}},"line":44},"3":{"name":"(anonymous_3)","decl":{"start":{"line":80,"column":18},"end":{"line":80,"column":19}},"loc":{"start":{"line":80,"column":38},"end":{"line":121,"column":3}},"line":80},"4":{"name":"(anonymous_4)","decl":{"start":{"line":128,"column":23},"end":{"line":128,"column":24}},"loc":{"start":{"line":128,"column":43},"end":{"line":255,"column":3}},"line":128},"5":{"name":"(anonymous_5)","decl":{"start":{"line":157,"column":31},"end":{"line":157,"column":32}},"loc":{"start":{"line":157,"column":57},"end":{"line":202,"column":7}},"line":157},"6":{"name":"(anonymous_6)","decl":{"start":{"line":162,"column":28},"end":{"line":162,"column":29}},"loc":{"start":{"line":162,"column":39},"end":{"line":162,"column":65}},"line":162},"7":{"name":"(anonymous_7)","decl":{"start":{"line":176,"column":32},"end":{"line":176,"column":33}},"loc":{"start":{"line":176,"column":43},"end":{"line":176,"column":69}},"line":176},"8":{"name":"(anonymous_8)","decl":{"start":{"line":226,"column":28},"end":{"line":226,"column":29}},"loc":{"start":{"line":226,"column":39},"end":{"line":226,"column":70}},"line":226},"9":{"name":"(anonymous_9)","decl":{"start":{"line":234,"column":41},"end":{"line":234,"column":42}},"loc":{"start":{"line":234,"column":46},"end":{"line":234,"column":53}},"line":234},"10":{"name":"(anonymous_10)","decl":{"start":{"line":262,"column":21},"end":{"line":262,"column":22}},"loc":{"start":{"line":262,"column":41},"end":{"line":294,"column":3}},"line":262},"11":{"name":"(anonymous_11)","decl":{"start":{"line":301,"column":18},"end":{"line":301,"column":19}},"loc":{"start":{"line":301,"column":38},"end":{"line":338,"column":3}},"line":301}},"branchMap":{"0":{"loc":{"start":{"line":16,"column":9},"end":{"line":16,"column":41}},"type":"cond-expr","locations":[{"start":{"line":16,"column":17},"end":{"line":16,"column":32}},{"start":{"line":16,"column":35},"end":{"line":16,"column":41}}],"line":16},"1":{"loc":{"start":{"line":48,"column":6},"end":{"line":53,"column":7}},"type":"if","locations":[{"start":{"line":48,"column":6},"end":{"line":53,"column":7}},{"start":{},"end":{}}],"line":48},"2":{"loc":{"start":{"line":64,"column":17},"end":{"line":64,"column":70}},"type":"binary-expr","locations":[{"start":{"line":64,"column":17},"end":{"line":64,"column":50}},{"start":{"line":64,"column":54},"end":{"line":64,"column":70}}],"line":64},"3":{"loc":{"start":{"line":70,"column":17},"end":{"line":70,"column":62}},"type":"binary-expr","locations":[{"start":{"line":70,"column":17},"end":{"line":70,"column":30}},{"start":{"line":70,"column":34},"end":{"line":70,"column":62}}],"line":70},"4":{"loc":{"start":{"line":85,"column":6},"end":{"line":113,"column":7}},"type":"if","locations":[{"start":{"line":85,"column":6},"end":{"line":113,"column":7}},{"start":{"line":98,"column":11},"end":{"line":113,"column":7}}],"line":85},"5":{"loc":{"start":{"line":98,"column":11},"end":{"line":113,"column":7}},"type":"if","locations":[{"start":{"line":98,"column":11},"end":{"line":113,"column":7}},{"start":{"line":108,"column":11},"end":{"line":113,"column":7}}],"line":98},"6":{"loc":{"start":{"line":98,"column":15},"end":{"line":98,"column":42}},"type":"binary-expr","locations":[{"start":{"line":98,"column":15},"end":{"line":98,"column":22}},{"start":{"line":98,"column":26},"end":{"line":98,"column":42}}],"line":98},"7":{"loc":{"start":{"line":118,"column":17},"end":{"line":118,"column":62}},"type":"binary-expr","locations":[{"start":{"line":118,"column":17},"end":{"line":118,"column":30}},{"start":{"line":118,"column":34},"end":{"line":118,"column":62}}],"line":118},"8":{"loc":{"start":{"line":132,"column":6},"end":{"line":137,"column":7}},"type":"if","locations":[{"start":{"line":132,"column":6},"end":{"line":137,"column":7}},{"start":{},"end":{}}],"line":132},"9":{"loc":{"start":{"line":132,"column":10},"end":{"line":132,"column":72}},"type":"binary-expr","locations":[{"start":{"line":132,"column":10},"end":{"line":132,"column":19}},{"start":{"line":132,"column":23},"end":{"line":132,"column":47}},{"start":{"line":132,"column":51},"end":{"line":132,"column":72}}],"line":132},"10":{"loc":{"start":{"line":139,"column":6},"end":{"line":144,"column":7}},"type":"if","locations":[{"start":{"line":139,"column":6},"end":{"line":144,"column":7}},{"start":{},"end":{}}],"line":139},"11":{"loc":{"start":{"line":159,"column":8},"end":{"line":163,"column":9}},"type":"if","locations":[{"start":{"line":159,"column":8},"end":{"line":163,"column":9}},{"start":{},"end":{}}],"line":159},"12":{"loc":{"start":{"line":166,"column":79},"end":{"line":166,"column":126}},"type":"binary-expr","locations":[{"start":{"line":166,"column":79},"end":{"line":166,"column":110}},{"start":{"line":166,"column":114},"end":{"line":166,"column":126}}],"line":166},"13":{"loc":{"start":{"line":174,"column":12},"end":{"line":180,"column":13}},"type":"if","locations":[{"start":{"line":174,"column":12},"end":{"line":180,"column":13}},{"start":{"line":178,"column":19},"end":{"line":180,"column":13}}],"line":174},"14":{"loc":{"start":{"line":174,"column":16},"end":{"line":174,"column":83}},"type":"binary-expr","locations":[{"start":{"line":174,"column":16},"end":{"line":174,"column":36}},{"start":{"line":174,"column":40},"end":{"line":174,"column":83}}],"line":174},"15":{"loc":{"start":{"line":222,"column":8},"end":{"line":227,"column":9}},"type":"if","locations":[{"start":{"line":222,"column":8},"end":{"line":227,"column":9}},{"start":{},"end":{}}],"line":222},"16":{"loc":{"start":{"line":252,"column":17},"end":{"line":252,"column":62}},"type":"binary-expr","locations":[{"start":{"line":252,"column":17},"end":{"line":252,"column":30}},{"start":{"line":252,"column":34},"end":{"line":252,"column":62}}],"line":252},"17":{"loc":{"start":{"line":266,"column":6},"end":{"line":271,"column":7}},"type":"if","locations":[{"start":{"line":266,"column":6},"end":{"line":271,"column":7}},{"start":{},"end":{}}],"line":266},"18":{"loc":{"start":{"line":273,"column":6},"end":{"line":278,"column":7}},"type":"if","locations":[{"start":{"line":273,"column":6},"end":{"line":278,"column":7}},{"start":{},"end":{}}],"line":273},"19":{"loc":{"start":{"line":273,"column":10},"end":{"line":273,"column":72}},"type":"binary-expr","locations":[{"start":{"line":273,"column":10},"end":{"line":273,"column":19}},{"start":{"line":273,"column":23},"end":{"line":273,"column":47}},{"start":{"line":273,"column":51},"end":{"line":273,"column":72}}],"line":273},"20":{"loc":{"start":{"line":291,"column":17},"end":{"line":291,"column":62}},"type":"binary-expr","locations":[{"start":{"line":291,"column":17},"end":{"line":291,"column":30}},{"start":{"line":291,"column":34},"end":{"line":291,"column":62}}],"line":291},"21":{"loc":{"start":{"line":305,"column":6},"end":{"line":310,"column":7}},"type":"if","locations":[{"start":{"line":305,"column":6},"end":{"line":310,"column":7}},{"start":{},"end":{}}],"line":305},"22":{"loc":{"start":{"line":305,"column":10},"end":{"line":305,"column":72}},"type":"binary-expr","locations":[{"start":{"line":305,"column":10},"end":{"line":305,"column":19}},{"start":{"line":305,"column":23},"end":{"line":305,"column":47}},{"start":{"line":305,"column":51},"end":{"line":305,"column":72}}],"line":305},"23":{"loc":{"start":{"line":312,"column":6},"end":{"line":317,"column":7}},"type":"if","locations":[{"start":{"line":312,"column":6},"end":{"line":317,"column":7}},{"start":{},"end":{}}],"line":312},"24":{"loc":{"start":{"line":323,"column":15},"end":{"line":323,"column":26}},"type":"binary-expr","locations":[{"start":{"line":323,"column":15},"end":{"line":323,"column":20}},{"start":{"line":323,"column":24},"end":{"line":323,"column":26}}],"line":323},"25":{"loc":{"start":{"line":335,"column":17},"end":{"line":335,"column":62}},"type":"binary-expr","locations":[{"start":{"line":335,"column":17},"end":{"line":335,"column":30}},{"start":{"line":335,"column":34},"end":{"line":335,"column":62}}],"line":335}},"s":{"0":0,"1":0,"2":0,"3":0,"4":0,"5":0,"6":1,"7":0,"8":0,"9":0,"10":0,"11":0,"12":0,"13":0,"14":0,"15":0,"16":0,"17":0,"18":0,"19":0,"20":0,"21":0,"22":0,"23":0,"24":0,"25":0,"26":0,"27":0,"28":1,"29":1,"30":1,"31":0,"32":1,"33":1,"34":0,"35":0,"36":0,"37":0,"38":0,"39":0,"40":0,"41":0,"42":0,"43":0,"44":0,"45":0,"46":0,"47":0,"48":0,"49":0,"50":0,"51":0,"52":0,"53":0,"54":0,"55":0,"56":0,"57":0,"58":0,"59":0,"60":0,"61":0,"62":0,"63":0,"64":0,"65":0,"66":0,"67":0,"68":0,"69":0,"70":0,"71":0,"72":0,"73":0,"74":0,"75":0,"76":0,"77":0,"78":0,"79":0,"80":0,"81":0,"82":0,"83":0,"84":0,"85":0,"86":0,"87":0,"88":0,"89":0,"90":0,"91":0,"92":0,"93":0,"94":0,"95":0,"96":0,"97":0,"98":0,"99":0,"100":0,"101":0,"102":0,"103":0,"104":0},"f":{"0":0,"1":0,"2":0,"3":0,"4":1,"5":0,"6":0,"7":0,"8":0,"9":0,"10":0,"11":0},"b":{"0":[0,0],"1":[0,0],"2":[0,0],"3":[0,0],"4":[0,0],"5":[0,0],"6":[0,0],"7":[0,0],"8":[0,1],"9":[1,1,1],"10":[1,0],"11":[0,0],"12":[0,0],"13":[0,0],"14":[0,0],"15":[0,0],"16":[0,0],"17":[0,0],"18":[0,0],"19":[0,0,0],"20":[0,0],"21":[0,0],"22":[0,0,0],"23":[0,0],"24":[0,0],"25":[0,0]},"inputSourceMap":null,"_coverageSchema":"1a1c01bbd47fc00a2c39e90264f33305004495a9","hash":"2519a83d124a5d14731dacddf9620cb47a88b3e9"}
,"/Users/patriciozepeda/Dropbox/Cursos/Fullstack/Módulo 6 - Node/Examen Prompt IA/backend/controllers/scientificQueryController.js": {"path":"/Users/patriciozepeda/Dropbox/Cursos/Fullstack/Módulo 6 - Node/Examen Prompt IA/backend/controllers/scientificQueryController.js","statementMap":{"0":{"start":{"line":10,"column":34},"end":{"line":679,"column":1}},"1":{"start":{"line":17,"column":4},"end":{"line":17,"column":29}},"2":{"start":{"line":17,"column":19},"end":{"line":17,"column":29}},"3":{"start":{"line":19,"column":4},"end":{"line":19,"column":55}},"4":{"start":{"line":22,"column":4},"end":{"line":27,"column":5}},"5":{"start":{"line":25,"column":6},"end":{"line":25,"column":59}},"6":{"start":{"line":26,"column":6},"end":{"line":26,"column":22}},"7":{"start":{"line":29,"column":4},"end":{"line":130,"column":5}},"8":{"start":{"line":31,"column":30},"end":{"line":31,"column":32}},"9":{"start":{"line":34,"column":6},"end":{"line":50,"column":7}},"10":{"start":{"line":36,"column":35},"end":{"line":40,"column":9}},"11":{"start":{"line":42,"column":8},"end":{"line":49,"column":9}},"12":{"start":{"line":43,"column":24},"end":{"line":43,"column":47}},"13":{"start":{"line":44,"column":10},"end":{"line":48,"column":11}},"14":{"start":{"line":45,"column":12},"end":{"line":45,"column":48}},"15":{"start":{"line":46,"column":12},"end":{"line":46,"column":146}},"16":{"start":{"line":47,"column":12},"end":{"line":47,"column":18}},"17":{"start":{"line":53,"column":6},"end":{"line":68,"column":7}},"18":{"start":{"line":55,"column":28},"end":{"line":55,"column":124}},"19":{"start":{"line":56,"column":24},"end":{"line":56,"column":59}},"20":{"start":{"line":58,"column":8},"end":{"line":67,"column":9}},"21":{"start":{"line":60,"column":31},"end":{"line":61,"column":70}},"22":{"start":{"line":61,"column":12},"end":{"line":61,"column":65}},"23":{"start":{"line":63,"column":10},"end":{"line":66,"column":11}},"24":{"start":{"line":64,"column":12},"end":{"line":64,"column":45}},"25":{"start":{"line":65,"column":12},"end":{"line":65,"column":146}},"26":{"start":{"line":71,"column":6},"end":{"line":84,"column":7}},"27":{"start":{"line":72,"column":22},"end":{"line":72,"column":42}},"28":{"start":{"line":73,"column":8},"end":{"line":83,"column":9}},"29":{"start":{"line":75,"column":10},"end":{"line":82,"column":11}},"30":{"start":{"line":79,"column":12},"end":{"line":79,"column":44}},"31":{"start":{"line":80,"column":12},"end":{"line":80,"column":146}},"32":{"start":{"line":81,"column":12},"end":{"line":81,"column":18}},"33":{"start":{"line":87,"column":6},"end":{"line":90,"column":7}},"34":{"start":{"line":88,"column":8},"end":{"line":88,"column":94}},"35":{"start":{"line":89,"column":8},"end":{"line":89,"column":24}},"36":{"start":{"line":95,"column":25},"end":{"line":95,"column":70}},"37":{"start":{"line":96,"column":26},"end":{"line":96,"column":71}},"38":{"start":{"line":98,"column":6},"end":{"line":108,"column":7}},"39":{"start":{"line":99,"column":8},"end":{"line":99,"column":98}},"40":{"start":{"line":101,"column":8},"end":{"line":107,"column":9}},"41":{"start":{"line":102,"column":10},"end":{"line":102,"column":87}},"42":{"start":{"line":105,"column":13},"end":{"line":107,"column":9}},"43":{"start":{"line":106,"column":10},"end":{"line":106,"column":87}},"44":{"start":{"line":111,"column":6},"end":{"line":114,"column":41}},"45":{"start":{"line":117,"column":25},"end":{"line":117,"column":69}},"46":{"start":{"line":118,"column":6},"end":{"line":122,"column":7}},"47":{"start":{"line":119,"column":8},"end":{"line":119,"column":62}},"48":{"start":{"line":121,"column":8},"end":{"line":121,"column":52}},"49":{"start":{"line":124,"column":6},"end":{"line":124,"column":54}},"50":{"start":{"line":125,"column":6},"end":{"line":125,"column":31}},"51":{"start":{"line":127,"column":6},"end":{"line":127,"column":71}},"52":{"start":{"line":128,"column":6},"end":{"line":128,"column":64}},"53":{"start":{"line":129,"column":6},"end":{"line":129,"column":22}},"54":{"start":{"line":140,"column":19},"end":{"line":140,"column":39}},"55":{"start":{"line":141,"column":4},"end":{"line":141,"column":92}},"56":{"start":{"line":144,"column":21},"end":{"line":148,"column":31}},"57":{"start":{"line":147,"column":22},"end":{"line":147,"column":37}},"58":{"start":{"line":148,"column":19},"end":{"line":148,"column":30}},"59":{"start":{"line":149,"column":4},"end":{"line":149,"column":55}},"60":{"start":{"line":151,"column":32},"end":{"line":156,"column":5}},"61":{"start":{"line":158,"column":27},"end":{"line":287,"column":6}},"62":{"start":{"line":159,"column":18},"end":{"line":159,"column":19}},"63":{"start":{"line":160,"column":16},"end":{"line":160,"column":18}},"64":{"start":{"line":164,"column":24},"end":{"line":164,"column":25}},"65":{"start":{"line":165,"column":6},"end":{"line":178,"column":7}},"66":{"start":{"line":166,"column":27},"end":{"line":166,"column":54}},"67":{"start":{"line":167,"column":8},"end":{"line":177,"column":9}},"68":{"start":{"line":168,"column":10},"end":{"line":168,"column":27}},"69":{"start":{"line":168,"column":28},"end":{"line":168,"column":58}},"70":{"start":{"line":169,"column":15},"end":{"line":177,"column":9}},"71":{"start":{"line":170,"column":10},"end":{"line":170,"column":27}},"72":{"start":{"line":170,"column":28},"end":{"line":170,"column":65}},"73":{"start":{"line":171,"column":15},"end":{"line":177,"column":9}},"74":{"start":{"line":172,"column":10},"end":{"line":172,"column":26}},"75":{"start":{"line":172,"column":27},"end":{"line":172,"column":61}},"76":{"start":{"line":173,"column":15},"end":{"line":177,"column":9}},"77":{"start":{"line":174,"column":10},"end":{"line":174,"column":27}},"78":{"start":{"line":174,"column":28},"end":{"line":174,"column":65}},"79":{"start":{"line":175,"column":15},"end":{"line":177,"column":9}},"80":{"start":{"line":176,"column":10},"end":{"line":176,"column":26}},"81":{"start":{"line":176,"column":27},"end":{"line":176,"column":63}},"82":{"start":{"line":179,"column":6},"end":{"line":179,"column":27}},"83":{"start":{"line":181,"column":22},"end":{"line":181,"column":23}},"84":{"start":{"line":182,"column":6},"end":{"line":191,"column":7}},"85":{"start":{"line":183,"column":34},"end":{"line":183,"column":87}},"86":{"start":{"line":184,"column":8},"end":{"line":189,"column":11}},"87":{"start":{"line":185,"column":10},"end":{"line":188,"column":11}},"88":{"start":{"line":185,"column":45},"end":{"line":185,"column":83}},"89":{"start":{"line":186,"column":12},"end":{"line":186,"column":27}},"90":{"start":{"line":187,"column":12},"end":{"line":187,"column":46}},"91":{"start":{"line":190,"column":8},"end":{"line":190,"column":43}},"92":{"start":{"line":192,"column":6},"end":{"line":192,"column":25}},"93":{"start":{"line":196,"column":16},"end":{"line":196,"column":59}},"94":{"start":{"line":197,"column":6},"end":{"line":203,"column":7}},"95":{"start":{"line":198,"column":8},"end":{"line":202,"column":52}},"96":{"start":{"line":198,"column":25},"end":{"line":198,"column":37}},"97":{"start":{"line":198,"column":38},"end":{"line":198,"column":62}},"98":{"start":{"line":199,"column":13},"end":{"line":202,"column":52}},"99":{"start":{"line":199,"column":31},"end":{"line":199,"column":43}},"100":{"start":{"line":199,"column":44},"end":{"line":199,"column":72}},"101":{"start":{"line":200,"column":13},"end":{"line":202,"column":52}},"102":{"start":{"line":200,"column":31},"end":{"line":200,"column":42}},"103":{"start":{"line":200,"column":43},"end":{"line":200,"column":71}},"104":{"start":{"line":201,"column":13},"end":{"line":202,"column":52}},"105":{"start":{"line":201,"column":31},"end":{"line":201,"column":42}},"106":{"start":{"line":201,"column":43},"end":{"line":201,"column":71}},"107":{"start":{"line":202,"column":15},"end":{"line":202,"column":26}},"108":{"start":{"line":202,"column":27},"end":{"line":202,"column":50}},"109":{"start":{"line":205,"column":17},"end":{"line":205,"column":51}},"110":{"start":{"line":206,"column":6},"end":{"line":211,"column":7}},"111":{"start":{"line":207,"column":8},"end":{"line":210,"column":52}},"112":{"start":{"line":207,"column":25},"end":{"line":207,"column":37}},"113":{"start":{"line":207,"column":38},"end":{"line":207,"column":62}},"114":{"start":{"line":208,"column":13},"end":{"line":210,"column":52}},"115":{"start":{"line":208,"column":31},"end":{"line":208,"column":42}},"116":{"start":{"line":208,"column":43},"end":{"line":208,"column":69}},"117":{"start":{"line":209,"column":13},"end":{"line":210,"column":52}},"118":{"start":{"line":209,"column":31},"end":{"line":209,"column":42}},"119":{"start":{"line":209,"column":43},"end":{"line":209,"column":69}},"120":{"start":{"line":210,"column":15},"end":{"line":210,"column":26}},"121":{"start":{"line":210,"column":27},"end":{"line":210,"column":50}},"122":{"start":{"line":213,"column":16},"end":{"line":213,"column":54}},"123":{"start":{"line":214,"column":6},"end":{"line":218,"column":7}},"124":{"start":{"line":215,"column":8},"end":{"line":217,"column":72}},"125":{"start":{"line":215,"column":25},"end":{"line":215,"column":36}},"126":{"start":{"line":215,"column":37},"end":{"line":215,"column":66}},"127":{"start":{"line":216,"column":13},"end":{"line":217,"column":72}},"128":{"start":{"line":216,"column":29},"end":{"line":216,"column":40}},"129":{"start":{"line":216,"column":41},"end":{"line":216,"column":71}},"130":{"start":{"line":217,"column":13},"end":{"line":217,"column":72}},"131":{"start":{"line":217,"column":29},"end":{"line":217,"column":40}},"132":{"start":{"line":217,"column":41},"end":{"line":217,"column":70}},"133":{"start":{"line":221,"column":17},"end":{"line":221,"column":21}},"134":{"start":{"line":222,"column":6},"end":{"line":226,"column":7}},"135":{"start":{"line":222,"column":24},"end":{"line":222,"column":54}},"136":{"start":{"line":223,"column":11},"end":{"line":226,"column":7}},"137":{"start":{"line":224,"column":26},"end":{"line":224,"column":80}},"138":{"start":{"line":225,"column":8},"end":{"line":225,"column":53}},"139":{"start":{"line":225,"column":23},"end":{"line":225,"column":53}},"140":{"start":{"line":227,"column":6},"end":{"line":233,"column":7}},"141":{"start":{"line":228,"column":28},"end":{"line":228,"column":52}},"142":{"start":{"line":229,"column":25},"end":{"line":229,"column":43}},"143":{"start":{"line":230,"column":8},"end":{"line":232,"column":73}},"144":{"start":{"line":230,"column":29},"end":{"line":230,"column":41}},"145":{"start":{"line":230,"column":42},"end":{"line":230,"column":66}},"146":{"start":{"line":231,"column":13},"end":{"line":232,"column":73}},"147":{"start":{"line":231,"column":34},"end":{"line":231,"column":45}},"148":{"start":{"line":231,"column":46},"end":{"line":231,"column":69}},"149":{"start":{"line":232,"column":13},"end":{"line":232,"column":73}},"150":{"start":{"line":232,"column":35},"end":{"line":232,"column":46}},"151":{"start":{"line":232,"column":47},"end":{"line":232,"column":71}},"152":{"start":{"line":236,"column":16},"end":{"line":236,"column":39}},"153":{"start":{"line":237,"column":6},"end":{"line":242,"column":7}},"154":{"start":{"line":238,"column":8},"end":{"line":241,"column":52}},"155":{"start":{"line":238,"column":25},"end":{"line":238,"column":37}},"156":{"start":{"line":238,"column":38},"end":{"line":238,"column":62}},"157":{"start":{"line":239,"column":13},"end":{"line":241,"column":52}},"158":{"start":{"line":239,"column":31},"end":{"line":239,"column":43}},"159":{"start":{"line":239,"column":44},"end":{"line":239,"column":72}},"160":{"start":{"line":240,"column":13},"end":{"line":241,"column":52}},"161":{"start":{"line":240,"column":31},"end":{"line":240,"column":42}},"162":{"start":{"line":240,"column":43},"end":{"line":240,"column":71}},"163":{"start":{"line":241,"column":15},"end":{"line":241,"column":26}},"164":{"start":{"line":241,"column":27},"end":{"line":241,"column":50}},"165":{"start":{"line":246,"column":20},"end":{"line":246,"column":21}},"166":{"start":{"line":247,"column":6},"end":{"line":254,"column":7}},"167":{"start":{"line":248,"column":27},"end":{"line":248,"column":54}},"168":{"start":{"line":249,"column":8},"end":{"line":251,"column":11}},"169":{"start":{"line":250,"column":10},"end":{"line":250,"column":57}},"170":{"start":{"line":250,"column":44},"end":{"line":250,"column":57}},"171":{"start":{"line":252,"column":8},"end":{"line":252,"column":40}},"172":{"start":{"line":253,"column":8},"end":{"line":253,"column":68}},"173":{"start":{"line":253,"column":25},"end":{"line":253,"column":68}},"174":{"start":{"line":255,"column":6},"end":{"line":255,"column":23}},"175":{"start":{"line":257,"column":18},"end":{"line":257,"column":19}},"176":{"start":{"line":258,"column":6},"end":{"line":265,"column":7}},"177":{"start":{"line":259,"column":25},"end":{"line":259,"column":55}},"178":{"start":{"line":260,"column":8},"end":{"line":262,"column":11}},"179":{"start":{"line":261,"column":10},"end":{"line":261,"column":53}},"180":{"start":{"line":261,"column":42},"end":{"line":261,"column":53}},"181":{"start":{"line":263,"column":8},"end":{"line":263,"column":35}},"182":{"start":{"line":264,"column":8},"end":{"line":264,"column":66}},"183":{"start":{"line":264,"column":23},"end":{"line":264,"column":66}},"184":{"start":{"line":266,"column":6},"end":{"line":266,"column":21}},"185":{"start":{"line":269,"column":20},"end":{"line":269,"column":59}},"186":{"start":{"line":270,"column":6},"end":{"line":278,"column":7}},"187":{"start":{"line":271,"column":28},"end":{"line":271,"column":49}},"188":{"start":{"line":272,"column":8},"end":{"line":277,"column":9}},"189":{"start":{"line":273,"column":10},"end":{"line":276,"column":11}},"190":{"start":{"line":274,"column":12},"end":{"line":274,"column":23}},"191":{"start":{"line":274,"column":24},"end":{"line":274,"column":59}},"192":{"start":{"line":275,"column":12},"end":{"line":275,"column":18}},"193":{"start":{"line":281,"column":6},"end":{"line":281,"column":35}},"194":{"start":{"line":282,"column":6},"end":{"line":286,"column":8}},"195":{"start":{"line":290,"column":32},"end":{"line":290,"column":96}},"196":{"start":{"line":290,"column":62},"end":{"line":290,"column":95}},"197":{"start":{"line":292,"column":4},"end":{"line":292,"column":51}},"198":{"start":{"line":293,"column":4},"end":{"line":295,"column":7}},"199":{"start":{"line":294,"column":6},"end":{"line":294,"column":155}},"200":{"start":{"line":296,"column":4},"end":{"line":296,"column":31}},"201":{"start":{"line":305,"column":49},"end":{"line":305,"column":57}},"202":{"start":{"line":306,"column":22},"end":{"line":306,"column":32}},"203":{"start":{"line":307,"column":23},"end":{"line":307,"column":27}},"204":{"start":{"line":308,"column":24},"end":{"line":308,"column":26}},"205":{"start":{"line":311,"column":24},"end":{"line":316,"column":5}},"206":{"start":{"line":312,"column":24},"end":{"line":312,"column":48}},"207":{"start":{"line":313,"column":23},"end":{"line":313,"column":60}},"208":{"start":{"line":314,"column":6},"end":{"line":314,"column":28}},"209":{"start":{"line":315,"column":6},"end":{"line":315,"column":33}},"210":{"start":{"line":318,"column":4},"end":{"line":565,"column":5}},"211":{"start":{"line":319,"column":6},"end":{"line":319,"column":87}},"212":{"start":{"line":322,"column":6},"end":{"line":322,"column":70}},"213":{"start":{"line":327,"column":6},"end":{"line":368,"column":7}},"214":{"start":{"line":329,"column":8},"end":{"line":329,"column":81}},"215":{"start":{"line":330,"column":8},"end":{"line":330,"column":34}},"216":{"start":{"line":331,"column":8},"end":{"line":331,"column":40}},"217":{"start":{"line":334,"column":8},"end":{"line":334,"column":85}},"218":{"start":{"line":335,"column":13},"end":{"line":368,"column":7}},"219":{"start":{"line":336,"column":8},"end":{"line":362,"column":9}},"220":{"start":{"line":338,"column":10},"end":{"line":338,"column":68}},"221":{"start":{"line":339,"column":35},"end":{"line":339,"column":87}},"222":{"start":{"line":341,"column":10},"end":{"line":352,"column":11}},"223":{"start":{"line":342,"column":12},"end":{"line":342,"column":55}},"224":{"start":{"line":343,"column":12},"end":{"line":343,"column":65}},"225":{"start":{"line":344,"column":12},"end":{"line":344,"column":96}},"226":{"start":{"line":345,"column":17},"end":{"line":352,"column":11}},"227":{"start":{"line":347,"column":12},"end":{"line":347,"column":46}},"228":{"start":{"line":348,"column":12},"end":{"line":348,"column":52}},"229":{"start":{"line":349,"column":12},"end":{"line":349,"column":115}},"230":{"start":{"line":351,"column":12},"end":{"line":351,"column":80}},"231":{"start":{"line":355,"column":10},"end":{"line":355,"column":93}},"232":{"start":{"line":357,"column":10},"end":{"line":357,"column":88}},"233":{"start":{"line":359,"column":10},"end":{"line":359,"column":36}},"234":{"start":{"line":360,"column":10},"end":{"line":360,"column":42}},"235":{"start":{"line":361,"column":10},"end":{"line":361,"column":121}},"236":{"start":{"line":365,"column":8},"end":{"line":365,"column":83}},"237":{"start":{"line":366,"column":8},"end":{"line":366,"column":34}},"238":{"start":{"line":367,"column":8},"end":{"line":367,"column":40}},"239":{"start":{"line":370,"column":6},"end":{"line":372,"column":7}},"240":{"start":{"line":371,"column":8},"end":{"line":371,"column":67}},"241":{"start":{"line":375,"column":6},"end":{"line":375,"column":84}},"242":{"start":{"line":378,"column":21},"end":{"line":378,"column":23}},"243":{"start":{"line":379,"column":6},"end":{"line":385,"column":7}},"244":{"start":{"line":380,"column":8},"end":{"line":380,"column":62}},"245":{"start":{"line":381,"column":8},"end":{"line":381,"column":96}},"246":{"start":{"line":383,"column":8},"end":{"line":383,"column":74}},"247":{"start":{"line":384,"column":8},"end":{"line":384,"column":77}},"248":{"start":{"line":387,"column":6},"end":{"line":397,"column":7}},"249":{"start":{"line":388,"column":8},"end":{"line":388,"column":62}},"250":{"start":{"line":389,"column":8},"end":{"line":396,"column":11}},"251":{"start":{"line":400,"column":6},"end":{"line":400,"column":140}},"252":{"start":{"line":400,"column":82},"end":{"line":400,"column":88}},"253":{"start":{"line":403,"column":6},"end":{"line":414,"column":7}},"254":{"start":{"line":404,"column":8},"end":{"line":410,"column":9}},"255":{"start":{"line":405,"column":10},"end":{"line":405,"column":115}},"256":{"start":{"line":406,"column":28},"end":{"line":406,"column":38}},"257":{"start":{"line":408,"column":10},"end":{"line":408,"column":91}},"258":{"start":{"line":409,"column":10},"end":{"line":409,"column":135}},"259":{"start":{"line":412,"column":8},"end":{"line":412,"column":96}},"260":{"start":{"line":417,"column":6},"end":{"line":417,"column":99}},"261":{"start":{"line":418,"column":34},"end":{"line":418,"column":36}},"262":{"start":{"line":420,"column":6},"end":{"line":438,"column":7}},"263":{"start":{"line":422,"column":8},"end":{"line":432,"column":9}},"264":{"start":{"line":424,"column":24},"end":{"line":424,"column":61}},"265":{"start":{"line":424,"column":48},"end":{"line":424,"column":60}},"266":{"start":{"line":425,"column":10},"end":{"line":425,"column":89}},"267":{"start":{"line":428,"column":35},"end":{"line":428,"column":88}},"268":{"start":{"line":429,"column":10},"end":{"line":429,"column":98}},"269":{"start":{"line":429,"column":69},"end":{"line":429,"column":96}},"270":{"start":{"line":431,"column":10},"end":{"line":431,"column":110}},"271":{"start":{"line":434,"column":8},"end":{"line":434,"column":87}},"272":{"start":{"line":436,"column":8},"end":{"line":436,"column":41}},"273":{"start":{"line":437,"column":8},"end":{"line":437,"column":115}},"274":{"start":{"line":441,"column":6},"end":{"line":441,"column":89}},"275":{"start":{"line":444,"column":29},"end":{"line":444,"column":50}},"276":{"start":{"line":446,"column":6},"end":{"line":475,"column":7}},"277":{"start":{"line":448,"column":25},"end":{"line":448,"column":79}},"278":{"start":{"line":448,"column":56},"end":{"line":448,"column":62}},"279":{"start":{"line":450,"column":8},"end":{"line":470,"column":9}},"280":{"start":{"line":451,"column":10},"end":{"line":451,"column":84}},"281":{"start":{"line":452,"column":31},"end":{"line":452,"column":84}},"282":{"start":{"line":453,"column":31},"end":{"line":453,"column":70}},"283":{"start":{"line":456,"column":29},"end":{"line":456,"column":31}},"284":{"start":{"line":457,"column":10},"end":{"line":463,"column":11}},"285":{"start":{"line":458,"column":12},"end":{"line":458,"column":99}},"286":{"start":{"line":458,"column":71},"end":{"line":458,"column":96}},"287":{"start":{"line":459,"column":12},"end":{"line":459,"column":130}},"288":{"start":{"line":460,"column":17},"end":{"line":463,"column":11}},"289":{"start":{"line":461,"column":12},"end":{"line":461,"column":73}},"290":{"start":{"line":462,"column":12},"end":{"line":462,"column":76}},"291":{"start":{"line":466,"column":10},"end":{"line":469,"column":13}},"292":{"start":{"line":467,"column":26},"end":{"line":467,"column":60}},"293":{"start":{"line":468,"column":12},"end":{"line":468,"column":62}},"294":{"start":{"line":472,"column":8},"end":{"line":472,"column":85}},"295":{"start":{"line":474,"column":8},"end":{"line":474,"column":121}},"296":{"start":{"line":478,"column":6},"end":{"line":478,"column":96}},"297":{"start":{"line":479,"column":34},"end":{"line":479,"column":107}},"298":{"start":{"line":482,"column":35},"end":{"line":482,"column":36}},"299":{"start":{"line":483,"column":26},"end":{"line":483,"column":76}},"300":{"start":{"line":484,"column":6},"end":{"line":484,"column":114}},"301":{"start":{"line":487,"column":31},"end":{"line":487,"column":33}},"302":{"start":{"line":488,"column":31},"end":{"line":488,"column":32}},"303":{"start":{"line":489,"column":27},"end":{"line":489,"column":28}},"304":{"start":{"line":491,"column":6},"end":{"line":517,"column":7}},"305":{"start":{"line":492,"column":8},"end":{"line":514,"column":9}},"306":{"start":{"line":492,"column":21},"end":{"line":492,"column":22}},"307":{"start":{"line":493,"column":26},"end":{"line":493,"column":40}},"308":{"start":{"line":494,"column":10},"end":{"line":494,"column":109}},"309":{"start":{"line":496,"column":10},"end":{"line":513,"column":11}},"310":{"start":{"line":497,"column":29},"end":{"line":497,"column":82}},"311":{"start":{"line":498,"column":12},"end":{"line":502,"column":15}},"312":{"start":{"line":503,"column":12},"end":{"line":503,"column":33}},"313":{"start":{"line":504,"column":12},"end":{"line":504,"column":84}},"314":{"start":{"line":506,"column":12},"end":{"line":506,"column":101}},"315":{"start":{"line":507,"column":12},"end":{"line":511,"column":15}},"316":{"start":{"line":512,"column":12},"end":{"line":512,"column":29}},"317":{"start":{"line":516,"column":8},"end":{"line":516,"column":96}},"318":{"start":{"line":520,"column":32},"end":{"line":524,"column":9}},"319":{"start":{"line":520,"column":96},"end":{"line":524,"column":7}},"320":{"start":{"line":527,"column":28},"end":{"line":527,"column":71}},"321":{"start":{"line":530,"column":22},"end":{"line":530,"column":32}},"322":{"start":{"line":531,"column":29},"end":{"line":531,"column":48}},"323":{"start":{"line":533,"column":6},"end":{"line":533,"column":184}},"324":{"start":{"line":536,"column":6},"end":{"line":551,"column":9}},"325":{"start":{"line":553,"column":22},"end":{"line":553,"column":32}},"326":{"start":{"line":554,"column":29},"end":{"line":554,"column":48}},"327":{"start":{"line":556,"column":6},"end":{"line":556,"column":62}},"328":{"start":{"line":557,"column":6},"end":{"line":557,"column":93}},"329":{"start":{"line":559,"column":6},"end":{"line":564,"column":9}},"330":{"start":{"line":575,"column":4},"end":{"line":599,"column":5}},"331":{"start":{"line":576,"column":57},"end":{"line":576,"column":65}},"332":{"start":{"line":578,"column":6},"end":{"line":580,"column":7}},"333":{"start":{"line":579,"column":8},"end":{"line":579,"column":96}},"334":{"start":{"line":583,"column":26},"end":{"line":583,"column":49}},"335":{"start":{"line":585,"column":6},"end":{"line":585,"column":69}},"336":{"start":{"line":586,"column":23},"end":{"line":586,"column":74}},"337":{"start":{"line":588,"column":6},"end":{"line":588,"column":62}},"338":{"start":{"line":590,"column":6},"end":{"line":595,"column":9}},"339":{"start":{"line":597,"column":6},"end":{"line":597,"column":57}},"340":{"start":{"line":598,"column":6},"end":{"line":598,"column":25}},"341":{"start":{"line":609,"column":4},"end":{"line":630,"column":5}},"342":{"start":{"line":610,"column":23},"end":{"line":610,"column":33}},"343":{"start":{"line":612,"column":6},"end":{"line":614,"column":7}},"344":{"start":{"line":613,"column":8},"end":{"line":613,"column":73}},"345":{"start":{"line":616,"column":6},"end":{"line":616,"column":68}},"346":{"start":{"line":617,"column":22},"end":{"line":617,"column":64}},"347":{"start":{"line":619,"column":6},"end":{"line":621,"column":7}},"348":{"start":{"line":620,"column":8},"end":{"line":620,"column":86}},"349":{"start":{"line":623,"column":6},"end":{"line":626,"column":9}},"350":{"start":{"line":628,"column":6},"end":{"line":628,"column":70}},"351":{"start":{"line":629,"column":6},"end":{"line":629,"column":25}},"352":{"start":{"line":640,"column":4},"end":{"line":677,"column":5}},"353":{"start":{"line":641,"column":33},"end":{"line":641,"column":41}},"354":{"start":{"line":643,"column":6},"end":{"line":645,"column":7}},"355":{"start":{"line":644,"column":8},"end":{"line":644,"column":73}},"356":{"start":{"line":647,"column":6},"end":{"line":649,"column":7}},"357":{"start":{"line":648,"column":8},"end":{"line":648,"column":96}},"358":{"start":{"line":651,"column":6},"end":{"line":651,"column":68}},"359":{"start":{"line":654,"column":22},"end":{"line":654,"column":64}},"360":{"start":{"line":656,"column":6},"end":{"line":658,"column":7}},"361":{"start":{"line":657,"column":8},"end":{"line":657,"column":86}},"362":{"start":{"line":661,"column":6},"end":{"line":661,"column":51}},"363":{"start":{"line":662,"column":23},"end":{"line":662,"column":76}},"364":{"start":{"line":665,"column":30},"end":{"line":668,"column":7}},"365":{"start":{"line":670,"column":6},"end":{"line":673,"column":9}},"366":{"start":{"line":675,"column":6},"end":{"line":675,"column":58}},"367":{"start":{"line":676,"column":6},"end":{"line":676,"column":25}}},"fnMap":{"0":{"name":"(anonymous_0)","decl":{"start":{"line":16,"column":2},"end":{"line":16,"column":3}},"loc":{"start":{"line":16,"column":36},"end":{"line":131,"column":3}},"line":16},"1":{"name":"(anonymous_1)","decl":{"start":{"line":60,"column":46},"end":{"line":60,"column":47}},"loc":{"start":{"line":61,"column":12},"end":{"line":61,"column":65}},"line":61},"2":{"name":"(anonymous_2)","decl":{"start":{"line":139,"column":2},"end":{"line":139,"column":3}},"loc":{"start":{"line":139,"column":42},"end":{"line":297,"column":3}},"line":139},"3":{"name":"(anonymous_3)","decl":{"start":{"line":147,"column":14},"end":{"line":147,"column":15}},"loc":{"start":{"line":147,"column":22},"end":{"line":147,"column":37}},"line":147},"4":{"name":"(anonymous_4)","decl":{"start":{"line":148,"column":11},"end":{"line":148,"column":12}},"loc":{"start":{"line":148,"column":19},"end":{"line":148,"column":30}},"line":148},"5":{"name":"(anonymous_5)","decl":{"start":{"line":158,"column":40},"end":{"line":158,"column":41}},"loc":{"start":{"line":158,"column":51},"end":{"line":287,"column":5}},"line":158},"6":{"name":"(anonymous_6)","decl":{"start":{"line":184,"column":34},"end":{"line":184,"column":35}},"loc":{"start":{"line":184,"column":47},"end":{"line":189,"column":9}},"line":184},"7":{"name":"(anonymous_7)","decl":{"start":{"line":185,"column":37},"end":{"line":185,"column":38}},"loc":{"start":{"line":185,"column":45},"end":{"line":185,"column":83}},"line":185},"8":{"name":"(anonymous_8)","decl":{"start":{"line":249,"column":25},"end":{"line":249,"column":26}},"loc":{"start":{"line":249,"column":36},"end":{"line":251,"column":9}},"line":249},"9":{"name":"(anonymous_9)","decl":{"start":{"line":260,"column":25},"end":{"line":260,"column":26}},"loc":{"start":{"line":260,"column":36},"end":{"line":262,"column":9}},"line":260},"10":{"name":"(anonymous_10)","decl":{"start":{"line":290,"column":52},"end":{"line":290,"column":53}},"loc":{"start":{"line":290,"column":62},"end":{"line":290,"column":95}},"line":290},"11":{"name":"(anonymous_11)","decl":{"start":{"line":293,"column":32},"end":{"line":293,"column":33}},"loc":{"start":{"line":293,"column":52},"end":{"line":295,"column":5}},"line":293},"12":{"name":"(anonymous_12)","decl":{"start":{"line":304,"column":16},"end":{"line":304,"column":17}},"loc":{"start":{"line":304,"column":36},"end":{"line":566,"column":3}},"line":304},"13":{"name":"(anonymous_13)","decl":{"start":{"line":311,"column":24},"end":{"line":311,"column":25}},"loc":{"start":{"line":311,"column":44},"end":{"line":316,"column":5}},"line":311},"14":{"name":"(anonymous_14)","decl":{"start":{"line":400,"column":77},"end":{"line":400,"column":78}},"loc":{"start":{"line":400,"column":82},"end":{"line":400,"column":88}},"line":400},"15":{"name":"(anonymous_15)","decl":{"start":{"line":424,"column":37},"end":{"line":424,"column":38}},"loc":{"start":{"line":424,"column":48},"end":{"line":424,"column":60}},"line":424},"16":{"name":"(anonymous_16)","decl":{"start":{"line":429,"column":58},"end":{"line":429,"column":59}},"loc":{"start":{"line":429,"column":69},"end":{"line":429,"column":96}},"line":429},"17":{"name":"(anonymous_17)","decl":{"start":{"line":448,"column":51},"end":{"line":448,"column":52}},"loc":{"start":{"line":448,"column":56},"end":{"line":448,"column":62}},"line":448},"18":{"name":"(anonymous_18)","decl":{"start":{"line":458,"column":63},"end":{"line":458,"column":64}},"loc":{"start":{"line":458,"column":71},"end":{"line":458,"column":96}},"line":458},"19":{"name":"(anonymous_19)","decl":{"start":{"line":466,"column":55},"end":{"line":466,"column":56}},"loc":{"start":{"line":466,"column":66},"end":{"line":469,"column":11}},"line":466},"20":{"name":"(anonymous_20)","decl":{"start":{"line":520,"column":84},"end":{"line":520,"column":85}},"loc":{"start":{"line":520,"column":96},"end":{"line":524,"column":7}},"line":520},"21":{"name":"(anonymous_21)","decl":{"start":{"line":574,"column":18},"end":{"line":574,"column":19}},"loc":{"start":{"line":574,"column":44},"end":{"line":600,"column":3}},"line":574},"22":{"name":"(anonymous_22)","decl":{"start":{"line":608,"column":21},"end":{"line":608,"column":22}},"loc":{"start":{"line":608,"column":47},"end":{"line":631,"column":3}},"line":608},"23":{"name":"(anonymous_23)","decl":{"start":{"line":639,"column":18},"end":{"line":639,"column":19}},"loc":{"start":{"line":639,"column":44},"end":{"line":678,"column":3}},"line":639}},"branchMap":{"0":{"loc":{"start":{"line":17,"column":4},"end":{"line":17,"column":29}},"type":"if","locations":[{"start":{"line":17,"column":4},"end":{"line":17,"column":29}},{"start":{},"end":{}}],"line":17},"1":{"loc":{"start":{"line":22,"column":4},"end":{"line":27,"column":5}},"type":"if","locations":[{"start":{"line":22,"column":4},"end":{"line":27,"column":5}},{"start":{},"end":{}}],"line":22},"2":{"loc":{"start":{"line":22,"column":8},"end":{"line":24,"column":63}},"type":"binary-expr","locations":[{"start":{"line":22,"column":8},"end":{"line":22,"column":28}},{"start":{"line":23,"column":9},"end":{"line":23,"column":32}},{"start":{"line":23,"column":36},"end":{"line":23,"column":59}},{"start":{"line":23,"column":63},"end":{"line":23,"column":86}},{"start":{"line":24,"column":9},"end":{"line":24,"column":34}},{"start":{"line":24,"column":38},"end":{"line":24,"column":62}}],"line":22},"3":{"loc":{"start":{"line":34,"column":6},"end":{"line":50,"column":7}},"type":"if","locations":[{"start":{"line":34,"column":6},"end":{"line":50,"column":7}},{"start":{},"end":{}}],"line":34},"4":{"loc":{"start":{"line":44,"column":10},"end":{"line":48,"column":11}},"type":"if","locations":[{"start":{"line":44,"column":10},"end":{"line":48,"column":11}},{"start":{},"end":{}}],"line":44},"5":{"loc":{"start":{"line":44,"column":14},"end":{"line":44,"column":55}},"type":"binary-expr","locations":[{"start":{"line":44,"column":14},"end":{"line":44,"column":19}},{"start":{"line":44,"column":23},"end":{"line":44,"column":31}},{"start":{"line":44,"column":35},"end":{"line":44,"column":55}}],"line":44},"6":{"loc":{"start":{"line":46,"column":98},"end":{"line":46,"column":141}},"type":"cond-expr","locations":[{"start":{"line":46,"column":131},"end":{"line":46,"column":136}},{"start":{"line":46,"column":139},"end":{"line":46,"column":141}}],"line":46},"7":{"loc":{"start":{"line":53,"column":6},"end":{"line":68,"column":7}},"type":"if","locations":[{"start":{"line":53,"column":6},"end":{"line":68,"column":7}},{"start":{},"end":{}}],"line":53},"8":{"loc":{"start":{"line":58,"column":8},"end":{"line":67,"column":9}},"type":"if","locations":[{"start":{"line":58,"column":8},"end":{"line":67,"column":9}},{"start":{},"end":{}}],"line":58},"9":{"loc":{"start":{"line":58,"column":12},"end":{"line":58,"column":41}},"type":"binary-expr","locations":[{"start":{"line":58,"column":12},"end":{"line":58,"column":19}},{"start":{"line":58,"column":23},"end":{"line":58,"column":41}}],"line":58},"10":{"loc":{"start":{"line":61,"column":12},"end":{"line":61,"column":65}},"type":"cond-expr","locations":[{"start":{"line":61,"column":47},"end":{"line":61,"column":55}},{"start":{"line":61,"column":58},"end":{"line":61,"column":65}}],"line":61},"11":{"loc":{"start":{"line":63,"column":10},"end":{"line":66,"column":11}},"type":"if","locations":[{"start":{"line":63,"column":10},"end":{"line":66,"column":11}},{"start":{},"end":{}}],"line":63},"12":{"loc":{"start":{"line":63,"column":14},"end":{"line":63,"column":54}},"type":"binary-expr","locations":[{"start":{"line":63,"column":14},"end":{"line":63,"column":26}},{"start":{"line":63,"column":30},"end":{"line":63,"column":54}}],"line":63},"13":{"loc":{"start":{"line":65,"column":98},"end":{"line":65,"column":141}},"type":"cond-expr","locations":[{"start":{"line":65,"column":131},"end":{"line":65,"column":136}},{"start":{"line":65,"column":139},"end":{"line":65,"column":141}}],"line":65},"14":{"loc":{"start":{"line":71,"column":6},"end":{"line":84,"column":7}},"type":"if","locations":[{"start":{"line":71,"column":6},"end":{"line":84,"column":7}},{"start":{},"end":{}}],"line":71},"15":{"loc":{"start":{"line":75,"column":10},"end":{"line":82,"column":11}},"type":"if","locations":[{"start":{"line":75,"column":10},"end":{"line":82,"column":11}},{"start":{},"end":{}}],"line":75},"16":{"loc":{"start":{"line":75,"column":14},"end":{"line":78,"column":30}},"type":"binary-expr","locations":[{"start":{"line":75,"column":15},"end":{"line":75,"column":37}},{"start":{"line":75,"column":41},"end":{"line":75,"column":64}},{"start":{"line":75,"column":68},"end":{"line":75,"column":91}},{"start":{"line":76,"column":15},"end":{"line":76,"column":35}},{"start":{"line":76,"column":39},"end":{"line":76,"column":58}},{"start":{"line":77,"column":14},"end":{"line":77,"column":32}},{"start":{"line":77,"column":36},"end":{"line":77,"column":54}},{"start":{"line":78,"column":14},"end":{"line":78,"column":30}}],"line":75},"17":{"loc":{"start":{"line":80,"column":98},"end":{"line":80,"column":141}},"type":"cond-expr","locations":[{"start":{"line":80,"column":131},"end":{"line":80,"column":136}},{"start":{"line":80,"column":139},"end":{"line":80,"column":141}}],"line":80},"18":{"loc":{"start":{"line":87,"column":6},"end":{"line":90,"column":7}},"type":"if","locations":[{"start":{"line":87,"column":6},"end":{"line":90,"column":7}},{"start":{},"end":{}}],"line":87},"19":{"loc":{"start":{"line":95,"column":26},"end":{"line":95,"column":62}},"type":"binary-expr","locations":[{"start":{"line":95,"column":26},"end":{"line":95,"column":56}},{"start":{"line":95,"column":60},"end":{"line":95,"column":62}}],"line":95},"20":{"loc":{"start":{"line":96,"column":27},"end":{"line":96,"column":63}},"type":"binary-expr","locations":[{"start":{"line":96,"column":27},"end":{"line":96,"column":57}},{"start":{"line":96,"column":61},"end":{"line":96,"column":63}}],"line":96},"21":{"loc":{"start":{"line":98,"column":6},"end":{"line":108,"column":7}},"type":"if","locations":[{"start":{"line":98,"column":6},"end":{"line":108,"column":7}},{"start":{},"end":{}}],"line":98},"22":{"loc":{"start":{"line":101,"column":8},"end":{"line":107,"column":9}},"type":"if","locations":[{"start":{"line":101,"column":8},"end":{"line":107,"column":9}},{"start":{"line":105,"column":13},"end":{"line":107,"column":9}}],"line":101},"23":{"loc":{"start":{"line":105,"column":13},"end":{"line":107,"column":9}},"type":"if","locations":[{"start":{"line":105,"column":13},"end":{"line":107,"column":9}},{"start":{},"end":{}}],"line":105},"24":{"loc":{"start":{"line":117,"column":26},"end":{"line":117,"column":61}},"type":"binary-expr","locations":[{"start":{"line":117,"column":26},"end":{"line":117,"column":55}},{"start":{"line":117,"column":59},"end":{"line":117,"column":61}}],"line":117},"25":{"loc":{"start":{"line":118,"column":6},"end":{"line":122,"column":7}},"type":"if","locations":[{"start":{"line":118,"column":6},"end":{"line":122,"column":7}},{"start":{},"end":{}}],"line":118},"26":{"loc":{"start":{"line":165,"column":6},"end":{"line":178,"column":7}},"type":"if","locations":[{"start":{"line":165,"column":6},"end":{"line":178,"column":7}},{"start":{},"end":{}}],"line":165},"27":{"loc":{"start":{"line":167,"column":8},"end":{"line":177,"column":9}},"type":"if","locations":[{"start":{"line":167,"column":8},"end":{"line":177,"column":9}},{"start":{"line":169,"column":15},"end":{"line":177,"column":9}}],"line":167},"28":{"loc":{"start":{"line":167,"column":12},"end":{"line":167,"column":125}},"type":"binary-expr","locations":[{"start":{"line":167,"column":12},"end":{"line":167,"column":48}},{"start":{"line":167,"column":52},"end":{"line":167,"column":87}},{"start":{"line":167,"column":91},"end":{"line":167,"column":125}}],"line":167},"29":{"loc":{"start":{"line":169,"column":15},"end":{"line":177,"column":9}},"type":"if","locations":[{"start":{"line":169,"column":15},"end":{"line":177,"column":9}},{"start":{"line":171,"column":15},"end":{"line":177,"column":9}}],"line":169},"30":{"loc":{"start":{"line":169,"column":19},"end":{"line":169,"column":106}},"type":"binary-expr","locations":[{"start":{"line":169,"column":19},"end":{"line":169,"column":59}},{"start":{"line":169,"column":63},"end":{"line":169,"column":106}}],"line":169},"31":{"loc":{"start":{"line":171,"column":15},"end":{"line":177,"column":9}},"type":"if","locations":[{"start":{"line":171,"column":15},"end":{"line":177,"column":9}},{"start":{"line":173,"column":15},"end":{"line":177,"column":9}}],"line":171},"32":{"loc":{"start":{"line":171,"column":19},"end":{"line":171,"column":83}},"type":"binary-expr","locations":[{"start":{"line":171,"column":19},"end":{"line":171,"column":48}},{"start":{"line":171,"column":52},"end":{"line":171,"column":83}}],"line":171},"33":{"loc":{"start":{"line":173,"column":15},"end":{"line":177,"column":9}},"type":"if","locations":[{"start":{"line":173,"column":15},"end":{"line":177,"column":9}},{"start":{"line":175,"column":15},"end":{"line":177,"column":9}}],"line":173},"34":{"loc":{"start":{"line":173,"column":19},"end":{"line":173,"column":128}},"type":"binary-expr","locations":[{"start":{"line":173,"column":19},"end":{"line":173,"column":52}},{"start":{"line":173,"column":56},"end":{"line":173,"column":89}},{"start":{"line":173,"column":93},"end":{"line":173,"column":128}}],"line":173},"35":{"loc":{"start":{"line":175,"column":15},"end":{"line":177,"column":9}},"type":"if","locations":[{"start":{"line":175,"column":15},"end":{"line":177,"column":9}},{"start":{},"end":{}}],"line":175},"36":{"loc":{"start":{"line":175,"column":19},"end":{"line":175,"column":126}},"type":"binary-expr","locations":[{"start":{"line":175,"column":19},"end":{"line":175,"column":48}},{"start":{"line":175,"column":52},"end":{"line":175,"column":87}},{"start":{"line":175,"column":91},"end":{"line":175,"column":126}}],"line":175},"37":{"loc":{"start":{"line":182,"column":6},"end":{"line":191,"column":7}},"type":"if","locations":[{"start":{"line":182,"column":6},"end":{"line":191,"column":7}},{"start":{},"end":{}}],"line":182},"38":{"loc":{"start":{"line":182,"column":10},"end":{"line":182,"column":63}},"type":"binary-expr","locations":[{"start":{"line":182,"column":10},"end":{"line":182,"column":27}},{"start":{"line":182,"column":31},"end":{"line":182,"column":63}}],"line":182},"39":{"loc":{"start":{"line":185,"column":10},"end":{"line":188,"column":11}},"type":"if","locations":[{"start":{"line":185,"column":10},"end":{"line":188,"column":11}},{"start":{},"end":{}}],"line":185},"40":{"loc":{"start":{"line":197,"column":6},"end":{"line":203,"column":7}},"type":"if","locations":[{"start":{"line":197,"column":6},"end":{"line":203,"column":7}},{"start":{},"end":{}}],"line":197},"41":{"loc":{"start":{"line":198,"column":8},"end":{"line":202,"column":52}},"type":"if","locations":[{"start":{"line":198,"column":8},"end":{"line":202,"column":52}},{"start":{"line":199,"column":13},"end":{"line":202,"column":52}}],"line":198},"42":{"loc":{"start":{"line":199,"column":13},"end":{"line":202,"column":52}},"type":"if","locations":[{"start":{"line":199,"column":13},"end":{"line":202,"column":52}},{"start":{"line":200,"column":13},"end":{"line":202,"column":52}}],"line":199},"43":{"loc":{"start":{"line":200,"column":13},"end":{"line":202,"column":52}},"type":"if","locations":[{"start":{"line":200,"column":13},"end":{"line":202,"column":52}},{"start":{"line":201,"column":13},"end":{"line":202,"column":52}}],"line":200},"44":{"loc":{"start":{"line":201,"column":13},"end":{"line":202,"column":52}},"type":"if","locations":[{"start":{"line":201,"column":13},"end":{"line":202,"column":52}},{"start":{"line":202,"column":13},"end":{"line":202,"column":52}}],"line":201},"45":{"loc":{"start":{"line":206,"column":6},"end":{"line":211,"column":7}},"type":"if","locations":[{"start":{"line":206,"column":6},"end":{"line":211,"column":7}},{"start":{},"end":{}}],"line":206},"46":{"loc":{"start":{"line":207,"column":8},"end":{"line":210,"column":52}},"type":"if","locations":[{"start":{"line":207,"column":8},"end":{"line":210,"column":52}},{"start":{"line":208,"column":13},"end":{"line":210,"column":52}}],"line":207},"47":{"loc":{"start":{"line":208,"column":13},"end":{"line":210,"column":52}},"type":"if","locations":[{"start":{"line":208,"column":13},"end":{"line":210,"column":52}},{"start":{"line":209,"column":13},"end":{"line":210,"column":52}}],"line":208},"48":{"loc":{"start":{"line":209,"column":13},"end":{"line":210,"column":52}},"type":"if","locations":[{"start":{"line":209,"column":13},"end":{"line":210,"column":52}},{"start":{"line":210,"column":13},"end":{"line":210,"column":52}}],"line":209},"49":{"loc":{"start":{"line":214,"column":6},"end":{"line":218,"column":7}},"type":"if","locations":[{"start":{"line":214,"column":6},"end":{"line":218,"column":7}},{"start":{},"end":{}}],"line":214},"50":{"loc":{"start":{"line":215,"column":8},"end":{"line":217,"column":72}},"type":"if","locations":[{"start":{"line":215,"column":8},"end":{"line":217,"column":72}},{"start":{"line":216,"column":13},"end":{"line":217,"column":72}}],"line":215},"51":{"loc":{"start":{"line":216,"column":13},"end":{"line":217,"column":72}},"type":"if","locations":[{"start":{"line":216,"column":13},"end":{"line":217,"column":72}},{"start":{"line":217,"column":13},"end":{"line":217,"column":72}}],"line":216},"52":{"loc":{"start":{"line":217,"column":13},"end":{"line":217,"column":72}},"type":"if","locations":[{"start":{"line":217,"column":13},"end":{"line":217,"column":72}},{"start":{},"end":{}}],"line":217},"53":{"loc":{"start":{"line":222,"column":6},"end":{"line":226,"column":7}},"type":"if","locations":[{"start":{"line":222,"column":6},"end":{"line":226,"column":7}},{"start":{"line":223,"column":11},"end":{"line":226,"column":7}}],"line":222},"54":{"loc":{"start":{"line":223,"column":11},"end":{"line":226,"column":7}},"type":"if","locations":[{"start":{"line":223,"column":11},"end":{"line":226,"column":7}},{"start":{},"end":{}}],"line":223},"55":{"loc":{"start":{"line":225,"column":8},"end":{"line":225,"column":53}},"type":"if","locations":[{"start":{"line":225,"column":8},"end":{"line":225,"column":53}},{"start":{},"end":{}}],"line":225},"56":{"loc":{"start":{"line":227,"column":6},"end":{"line":233,"column":7}},"type":"if","locations":[{"start":{"line":227,"column":6},"end":{"line":233,"column":7}},{"start":{},"end":{}}],"line":227},"57":{"loc":{"start":{"line":230,"column":8},"end":{"line":232,"column":73}},"type":"if","locations":[{"start":{"line":230,"column":8},"end":{"line":232,"column":73}},{"start":{"line":231,"column":13},"end":{"line":232,"column":73}}],"line":230},"58":{"loc":{"start":{"line":231,"column":13},"end":{"line":232,"column":73}},"type":"if","locations":[{"start":{"line":231,"column":13},"end":{"line":232,"column":73}},{"start":{"line":232,"column":13},"end":{"line":232,"column":73}}],"line":231},"59":{"loc":{"start":{"line":232,"column":13},"end":{"line":232,"column":73}},"type":"if","locations":[{"start":{"line":232,"column":13},"end":{"line":232,"column":73}},{"start":{},"end":{}}],"line":232},"60":{"loc":{"start":{"line":237,"column":6},"end":{"line":242,"column":7}},"type":"if","locations":[{"start":{"line":237,"column":6},"end":{"line":242,"column":7}},{"start":{},"end":{}}],"line":237},"61":{"loc":{"start":{"line":238,"column":8},"end":{"line":241,"column":52}},"type":"if","locations":[{"start":{"line":238,"column":8},"end":{"line":241,"column":52}},{"start":{"line":239,"column":13},"end":{"line":241,"column":52}}],"line":238},"62":{"loc":{"start":{"line":239,"column":13},"end":{"line":241,"column":52}},"type":"if","locations":[{"start":{"line":239,"column":13},"end":{"line":241,"column":52}},{"start":{"line":240,"column":13},"end":{"line":241,"column":52}}],"line":239},"63":{"loc":{"start":{"line":240,"column":13},"end":{"line":241,"column":52}},"type":"if","locations":[{"start":{"line":240,"column":13},"end":{"line":241,"column":52}},{"start":{"line":241,"column":13},"end":{"line":241,"column":52}}],"line":240},"64":{"loc":{"start":{"line":247,"column":6},"end":{"line":254,"column":7}},"type":"if","locations":[{"start":{"line":247,"column":6},"end":{"line":254,"column":7}},{"start":{},"end":{}}],"line":247},"65":{"loc":{"start":{"line":250,"column":10},"end":{"line":250,"column":57}},"type":"if","locations":[{"start":{"line":250,"column":10},"end":{"line":250,"column":57}},{"start":{},"end":{}}],"line":250},"66":{"loc":{"start":{"line":253,"column":8},"end":{"line":253,"column":68}},"type":"if","locations":[{"start":{"line":253,"column":8},"end":{"line":253,"column":68}},{"start":{},"end":{}}],"line":253},"67":{"loc":{"start":{"line":258,"column":6},"end":{"line":265,"column":7}},"type":"if","locations":[{"start":{"line":258,"column":6},"end":{"line":265,"column":7}},{"start":{},"end":{}}],"line":258},"68":{"loc":{"start":{"line":261,"column":10},"end":{"line":261,"column":53}},"type":"if","locations":[{"start":{"line":261,"column":10},"end":{"line":261,"column":53}},{"start":{},"end":{}}],"line":261},"69":{"loc":{"start":{"line":264,"column":8},"end":{"line":264,"column":66}},"type":"if","locations":[{"start":{"line":264,"column":8},"end":{"line":264,"column":66}},{"start":{},"end":{}}],"line":264},"70":{"loc":{"start":{"line":269,"column":20},"end":{"line":269,"column":59}},"type":"binary-expr","locations":[{"start":{"line":269,"column":20},"end":{"line":269,"column":35}},{"start":{"line":269,"column":39},"end":{"line":269,"column":53}},{"start":{"line":269,"column":57},"end":{"line":269,"column":59}}],"line":269},"71":{"loc":{"start":{"line":270,"column":6},"end":{"line":278,"column":7}},"type":"if","locations":[{"start":{"line":270,"column":6},"end":{"line":278,"column":7}},{"start":{},"end":{}}],"line":270},"72":{"loc":{"start":{"line":273,"column":10},"end":{"line":276,"column":11}},"type":"if","locations":[{"start":{"line":273,"column":10},"end":{"line":276,"column":11}},{"start":{},"end":{}}],"line":273},"73":{"loc":{"start":{"line":305,"column":32},"end":{"line":305,"column":44}},"type":"default-arg","locations":[{"start":{"line":305,"column":40},"end":{"line":305,"column":44}}],"line":305},"74":{"loc":{"start":{"line":327,"column":6},"end":{"line":368,"column":7}},"type":"if","locations":[{"start":{"line":327,"column":6},"end":{"line":368,"column":7}},{"start":{"line":335,"column":13},"end":{"line":368,"column":7}}],"line":327},"75":{"loc":{"start":{"line":335,"column":13},"end":{"line":368,"column":7}},"type":"if","locations":[{"start":{"line":335,"column":13},"end":{"line":368,"column":7}},{"start":{"line":363,"column":13},"end":{"line":368,"column":7}}],"line":335},"76":{"loc":{"start":{"line":341,"column":10},"end":{"line":352,"column":11}},"type":"if","locations":[{"start":{"line":341,"column":10},"end":{"line":352,"column":11}},{"start":{"line":345,"column":17},"end":{"line":352,"column":11}}],"line":341},"77":{"loc":{"start":{"line":341,"column":14},"end":{"line":341,"column":79}},"type":"binary-expr","locations":[{"start":{"line":341,"column":14},"end":{"line":341,"column":50}},{"start":{"line":341,"column":54},"end":{"line":341,"column":79}}],"line":341},"78":{"loc":{"start":{"line":345,"column":17},"end":{"line":352,"column":11}},"type":"if","locations":[{"start":{"line":345,"column":17},"end":{"line":352,"column":11}},{"start":{"line":350,"column":17},"end":{"line":352,"column":11}}],"line":345},"79":{"loc":{"start":{"line":370,"column":6},"end":{"line":372,"column":7}},"type":"if","locations":[{"start":{"line":370,"column":6},"end":{"line":372,"column":7}},{"start":{},"end":{}}],"line":370},"80":{"loc":{"start":{"line":370,"column":10},"end":{"line":370,"column":61}},"type":"binary-expr","locations":[{"start":{"line":370,"column":10},"end":{"line":370,"column":25}},{"start":{"line":370,"column":29},"end":{"line":370,"column":61}}],"line":370},"81":{"loc":{"start":{"line":387,"column":6},"end":{"line":397,"column":7}},"type":"if","locations":[{"start":{"line":387,"column":6},"end":{"line":397,"column":7}},{"start":{},"end":{}}],"line":387},"82":{"loc":{"start":{"line":387,"column":10},"end":{"line":387,"column":44}},"type":"binary-expr","locations":[{"start":{"line":387,"column":10},"end":{"line":387,"column":19}},{"start":{"line":387,"column":23},"end":{"line":387,"column":44}}],"line":387},"83":{"loc":{"start":{"line":400,"column":103},"end":{"line":400,"column":136}},"type":"cond-expr","locations":[{"start":{"line":400,"column":126},"end":{"line":400,"column":131}},{"start":{"line":400,"column":134},"end":{"line":400,"column":136}}],"line":400},"84":{"loc":{"start":{"line":404,"column":8},"end":{"line":410,"column":9}},"type":"if","locations":[{"start":{"line":404,"column":8},"end":{"line":410,"column":9}},{"start":{},"end":{}}],"line":404},"85":{"loc":{"start":{"line":422,"column":8},"end":{"line":432,"column":9}},"type":"if","locations":[{"start":{"line":422,"column":8},"end":{"line":432,"column":9}},{"start":{},"end":{}}],"line":422},"86":{"loc":{"start":{"line":429,"column":69},"end":{"line":429,"column":96}},"type":"binary-expr","locations":[{"start":{"line":429,"column":69},"end":{"line":429,"column":76}},{"start":{"line":429,"column":80},"end":{"line":429,"column":96}}],"line":429},"87":{"loc":{"start":{"line":450,"column":8},"end":{"line":470,"column":9}},"type":"if","locations":[{"start":{"line":450,"column":8},"end":{"line":470,"column":9}},{"start":{},"end":{}}],"line":450},"88":{"loc":{"start":{"line":457,"column":10},"end":{"line":463,"column":11}},"type":"if","locations":[{"start":{"line":457,"column":10},"end":{"line":463,"column":11}},{"start":{"line":460,"column":17},"end":{"line":463,"column":11}}],"line":457},"89":{"loc":{"start":{"line":460,"column":17},"end":{"line":463,"column":11}},"type":"if","locations":[{"start":{"line":460,"column":17},"end":{"line":463,"column":11}},{"start":{},"end":{}}],"line":460},"90":{"loc":{"start":{"line":460,"column":21},"end":{"line":460,"column":54}},"type":"binary-expr","locations":[{"start":{"line":460,"column":21},"end":{"line":460,"column":33}},{"start":{"line":460,"column":37},"end":{"line":460,"column":54}}],"line":460},"91":{"loc":{"start":{"line":468,"column":19},"end":{"line":468,"column":61}},"type":"cond-expr","locations":[{"start":{"line":468,"column":27},"end":{"line":468,"column":51}},{"start":{"line":468,"column":54},"end":{"line":468,"column":61}}],"line":468},"92":{"loc":{"start":{"line":491,"column":6},"end":{"line":517,"column":7}},"type":"if","locations":[{"start":{"line":491,"column":6},"end":{"line":517,"column":7}},{"start":{"line":515,"column":13},"end":{"line":517,"column":7}}],"line":491},"93":{"loc":{"start":{"line":491,"column":10},"end":{"line":491,"column":41}},"type":"binary-expr","locations":[{"start":{"line":491,"column":10},"end":{"line":491,"column":15}},{"start":{"line":491,"column":19},"end":{"line":491,"column":41}}],"line":491},"94":{"loc":{"start":{"line":538,"column":17},"end":{"line":538,"column":66}},"type":"binary-expr","locations":[{"start":{"line":538,"column":17},"end":{"line":538,"column":29}},{"start":{"line":538,"column":33},"end":{"line":538,"column":66}}],"line":538},"95":{"loc":{"start":{"line":576,"column":37},"end":{"line":576,"column":52}},"type":"default-arg","locations":[{"start":{"line":576,"column":50},"end":{"line":576,"column":52}}],"line":576},"96":{"loc":{"start":{"line":578,"column":6},"end":{"line":580,"column":7}},"type":"if","locations":[{"start":{"line":578,"column":6},"end":{"line":580,"column":7}},{"start":{},"end":{}}],"line":578},"97":{"loc":{"start":{"line":578,"column":10},"end":{"line":578,"column":35}},"type":"binary-expr","locations":[{"start":{"line":578,"column":10},"end":{"line":578,"column":16}},{"start":{"line":578,"column":20},"end":{"line":578,"column":35}}],"line":578},"98":{"loc":{"start":{"line":583,"column":26},"end":{"line":583,"column":49}},"type":"binary-expr","locations":[{"start":{"line":583,"column":26},"end":{"line":583,"column":40}},{"start":{"line":583,"column":44},"end":{"line":583,"column":49}}],"line":583},"99":{"loc":{"start":{"line":612,"column":6},"end":{"line":614,"column":7}},"type":"if","locations":[{"start":{"line":612,"column":6},"end":{"line":614,"column":7}},{"start":{},"end":{}}],"line":612},"100":{"loc":{"start":{"line":619,"column":6},"end":{"line":621,"column":7}},"type":"if","locations":[{"start":{"line":619,"column":6},"end":{"line":621,"column":7}},{"start":{},"end":{}}],"line":619},"101":{"loc":{"start":{"line":643,"column":6},"end":{"line":645,"column":7}},"type":"if","locations":[{"start":{"line":643,"column":6},"end":{"line":645,"column":7}},{"start":{},"end":{}}],"line":643},"102":{"loc":{"start":{"line":647,"column":6},"end":{"line":649,"column":7}},"type":"if","locations":[{"start":{"line":647,"column":6},"end":{"line":649,"column":7}},{"start":{},"end":{}}],"line":647},"103":{"loc":{"start":{"line":656,"column":6},"end":{"line":658,"column":7}},"type":"if","locations":[{"start":{"line":656,"column":6},"end":{"line":658,"column":7}},{"start":{},"end":{}}],"line":656}},"s":{"0":1,"1":1,"2":0,"3":1,"4":1,"5":0,"6":0,"7":1,"8":1,"9":1,"10":0,"11":0,"12":0,"13":0,"14":0,"15":0,"16":0,"17":1,"18":1,"19":1,"20":1,"21":0,"22":0,"23":0,"24":0,"25":0,"26":1,"27":1,"28":1,"29":3,"30":1,"31":1,"32":1,"33":1,"34":0,"35":0,"36":1,"37":1,"38":1,"39":0,"40":0,"41":0,"42":0,"43":0,"44":1,"45":1,"46":1,"47":0,"48":0,"49":1,"50":1,"51":0,"52":0,"53":0,"54":0,"55":0,"56":0,"57":0,"58":0,"59":0,"60":0,"61":0,"62":0,"63":0,"64":0,"65":0,"66":0,"67":0,"68":0,"69":0,"70":0,"71":0,"72":0,"73":0,"74":0,"75":0,"76":0,"77":0,"78":0,"79":0,"80":0,"81":0,"82":0,"83":0,"84":0,"85":0,"86":0,"87":0,"88":0,"89":0,"90":0,"91":0,"92":0,"93":0,"94":0,"95":0,"96":0,"97":0,"98":0,"99":0,"100":0,"101":0,"102":0,"103":0,"104":0,"105":0,"106":0,"107":0,"108":0,"10
[...]
,"/Users/patriciozepeda/Dropbox/Cursos/Fullstack/Módulo 6 - Node/Examen Prompt IA/backend/utils/metricsCalculator.js": {"path":"/Users/patriciozepeda/Dropbox/Cursos/Fullstack/Módulo 6 - Node/Examen Prompt IA/backend/utils/metricsCalculator.js","statementMap":{"0":{"start":{"line":10,"column":29},"end":{"line":43,"column":1}},"1":{"start":{"line":12,"column":19},"end":{"line":18,"column":3}},"2":{"start":{"line":21,"column":17},"end":{"line":27,"column":3}},"3":{"start":{"line":30,"column":17},"end":{"line":36,"column":3}},"4":{"start":{"line":38,"column":2},"end":{"line":42,"column":4}},"5":{"start":{"line":50,"column":38},"end":{"line":111,"column":1}},"6":{"start":{"line":51,"column":2},"end":{"line":51,"column":31}},"7":{"start":{"line":51,"column":21},"end":{"line":51,"column":31}},"8":{"start":{"line":53,"column":18},"end":{"line":59,"column":3}},"9":{"start":{"line":62,"column":30},"end":{"line":63,"column":83}},"10":{"start":{"line":64,"column":2},"end":{"line":66,"column":3}},"11":{"start":{"line":65,"column":4},"end":{"line":65,"column":64}},"12":{"start":{"line":69,"column":27},"end":{"line":70,"column":81}},"13":{"start":{"line":71,"column":2},"end":{"line":73,"column":3}},"14":{"start":{"line":72,"column":4},"end":{"line":72,"column":58}},"15":{"start":{"line":76,"column":31},"end":{"line":77,"column":85}},"16":{"start":{"line":78,"column":2},"end":{"line":85,"column":3}},"17":{"start":{"line":79,"column":4},"end":{"line":79,"column":66}},"18":{"start":{"line":82,"column":4},"end":{"line":84,"column":5}},"19":{"start":{"line":83,"column":6},"end":{"line":83,"column":80}},"20":{"start":{"line":88,"column":21},"end":{"line":89,"column":113}},"21":{"start":{"line":90,"column":2},"end":{"line":95,"column":3}},"22":{"start":{"line":91,"column":4},"end":{"line":91,"column":44}},"23":{"start":{"line":92,"column":9},"end":{"line":95,"column":3}},"24":{"start":{"line":94,"column":4},"end":{"line":94,"column":66}},"25":{"start":{"line":98,"column":28},"end":{"line":98,"column":128}},"26":{"start":{"line":99,"column":2},"end":{"line":108,"column":3}},"27":{"start":{"line":100,"column":4},"end":{"line":100,"column":60}},"28":{"start":{"line":103,"column":4},"end":{"line":107,"column":5}},"29":{"start":{"line":104,"column":6},"end":{"line":104,"column":67}},"30":{"start":{"line":106,"column":6},"end":{"line":106,"column":60}},"31":{"start":{"line":106,"column":36},"end":{"line":106,"column":60}},"32":{"start":{"line":110,"column":2},"end":{"line":110,"column":17}},"33":{"start":{"line":121,"column":2},"end":{"line":121,"column":47}},"34":{"start":{"line":121,"column":30},"end":{"line":121,"column":47}},"35":{"start":{"line":122,"column":2},"end":{"line":122,"column":46}},"36":{"start":{"line":122,"column":29},"end":{"line":122,"column":46}},"37":{"start":{"line":123,"column":2},"end":{"line":123,"column":18}},"38":{"start":{"line":133,"column":2},"end":{"line":133,"column":35}},"39":{"start":{"line":133,"column":18},"end":{"line":133,"column":35}},"40":{"start":{"line":134,"column":2},"end":{"line":134,"column":35}},"41":{"start":{"line":134,"column":18},"end":{"line":134,"column":35}},"42":{"start":{"line":135,"column":2},"end":{"line":135,"column":18}},"43":{"start":{"line":145,"column":2},"end":{"line":169,"column":10}},"44":{"start":{"line":176,"column":37},"end":{"line":236,"column":1}},"45":{"start":{"line":177,"column":2},"end":{"line":235,"column":5}}},"fnMap":{"0":{"name":"(anonymous_0)","decl":{"start":{"line":10,"column":29},"end":{"line":10,"column":30}},"loc":{"start":{"line":10,"column":42},"end":{"line":43,"column":1}},"line":10},"1":{"name":"(anonymous_1)","decl":{"start":{"line":50,"column":38},"end":{"line":50,"column":39}},"loc":{"start":{"line":50,"column":56},"end":{"line":111,"column":1}},"line":50},"2":{"name":"getColorForValue","decl":{"start":{"line":120,"column":9},"end":{"line":120,"column":25}},"loc":{"start":{"line":120,"column":62},"end":{"line":124,"column":1}},"line":120},"3":{"name":"getColorForNNR","decl":{"start":{"line":132,"column":9},"end":{"line":132,"column":23}},"loc":{"start":{"line":132,"column":31},"end":{"line":136,"column":1}},"line":132},"4":{"name":"generateBadgesHTML","decl":{"start":{"line":144,"column":9},"end":{"line":144,"column":27}},"loc":{"start":{"line":144,"column":44},"end":{"line":170,"column":1}},"line":144},"5":{"name":"(anonymous_5)","decl":{"start":{"line":176,"column":37},"end":{"line":176,"column":38}},"loc":{"start":{"line":176,"column":43},"end":{"line":236,"column":1}},"line":176}},"branchMap":{"0":{"loc":{"start":{"line":22,"column":18},"end":{"line":22,"column":63}},"type":"binary-expr","locations":[{"start":{"line":22,"column":18},"end":{"line":22,"column":38}},{"start":{"line":22,"column":42},"end":{"line":22,"column":63}}],"line":22},"1":{"loc":{"start":{"line":23,"column":19},"end":{"line":23,"column":66}},"type":"binary-expr","locations":[{"start":{"line":23,"column":19},"end":{"line":23,"column":40}},{"start":{"line":23,"column":44},"end":{"line":23,"column":66}}],"line":23},"2":{"loc":{"start":{"line":24,"column":15},"end":{"line":24,"column":54}},"type":"binary-expr","locations":[{"start":{"line":24,"column":15},"end":{"line":24,"column":32}},{"start":{"line":24,"column":36},"end":{"line":24,"column":54}}],"line":24},"3":{"loc":{"start":{"line":25,"column":9},"end":{"line":25,"column":36}},"type":"binary-expr","locations":[{"start":{"line":25,"column":9},"end":{"line":25,"column":20}},{"start":{"line":25,"column":24},"end":{"line":25,"column":36}}],"line":25},"4":{"loc":{"start":{"line":26,"column":16},"end":{"line":26,"column":57}},"type":"binary-expr","locations":[{"start":{"line":26,"column":16},"end":{"line":26,"column":34}},{"start":{"line":26,"column":38},"end":{"line":26,"column":57}}],"line":26},"5":{"loc":{"start":{"line":51,"column":2},"end":{"line":51,"column":31}},"type":"if","locations":[{"start":{"line":51,"column":2},"end":{"line":51,"column":31}},{"start":{},"end":{}}],"line":51},"6":{"loc":{"start":{"line":62,"column":30},"end":{"line":63,"column":83}},"type":"binary-expr","locations":[{"start":{"line":62,"column":30},"end":{"line":62,"column":129}},{"start":{"line":63,"column":29},"end":{"line":63,"column":83}}],"line":62},"7":{"loc":{"start":{"line":64,"column":2},"end":{"line":66,"column":3}},"type":"if","locations":[{"start":{"line":64,"column":2},"end":{"line":66,"column":3}},{"start":{},"end":{}}],"line":64},"8":{"loc":{"start":{"line":64,"column":6},"end":{"line":64,"column":51}},"type":"binary-expr","locations":[{"start":{"line":64,"column":6},"end":{"line":64,"column":25}},{"start":{"line":64,"column":29},"end":{"line":64,"column":51}}],"line":64},"9":{"loc":{"start":{"line":69,"column":27},"end":{"line":70,"column":81}},"type":"binary-expr","locations":[{"start":{"line":69,"column":27},"end":{"line":69,"column":126}},{"start":{"line":70,"column":27},"end":{"line":70,"column":81}}],"line":69},"10":{"loc":{"start":{"line":71,"column":2},"end":{"line":73,"column":3}},"type":"if","locations":[{"start":{"line":71,"column":2},"end":{"line":73,"column":3}},{"start":{},"end":{}}],"line":71},"11":{"loc":{"start":{"line":71,"column":6},"end":{"line":71,"column":45}},"type":"binary-expr","locations":[{"start":{"line":71,"column":6},"end":{"line":71,"column":22}},{"start":{"line":71,"column":26},"end":{"line":71,"column":45}}],"line":71},"12":{"loc":{"start":{"line":76,"column":31},"end":{"line":77,"column":85}},"type":"binary-expr","locations":[{"start":{"line":76,"column":31},"end":{"line":76,"column":131}},{"start":{"line":77,"column":30},"end":{"line":77,"column":85}}],"line":76},"13":{"loc":{"start":{"line":78,"column":2},"end":{"line":85,"column":3}},"type":"if","locations":[{"start":{"line":78,"column":2},"end":{"line":85,"column":3}},{"start":{"line":80,"column":9},"end":{"line":85,"column":3}}],"line":78},"14":{"loc":{"start":{"line":78,"column":6},"end":{"line":78,"column":53}},"type":"binary-expr","locations":[{"start":{"line":78,"column":6},"end":{"line":78,"column":26}},{"start":{"line":78,"column":30},"end":{"line":78,"column":53}}],"line":78},"15":{"loc":{"start":{"line":82,"column":4},"end":{"line":84,"column":5}},"type":"if","locations":[{"start":{"line":82,"column":4},"end":{"line":84,"column":5}},{"start":{},"end":{}}],"line":82},"16":{"loc":{"start":{"line":88,"column":21},"end":{"line":89,"column":113}},"type":"binary-expr","locations":[{"start":{"line":88,"column":21},"end":{"line":88,"column":116}},{"start":{"line":89,"column":20},"end":{"line":89,"column":113}}],"line":88},"17":{"loc":{"start":{"line":90,"column":2},"end":{"line":95,"column":3}},"type":"if","locations":[{"start":{"line":90,"column":2},"end":{"line":95,"column":3}},{"start":{"line":92,"column":9},"end":{"line":95,"column":3}}],"line":90},"18":{"loc":{"start":{"line":90,"column":6},"end":{"line":90,"column":33}},"type":"binary-expr","locations":[{"start":{"line":90,"column":6},"end":{"line":90,"column":16}},{"start":{"line":90,"column":20},"end":{"line":90,"column":33}}],"line":90},"19":{"loc":{"start":{"line":92,"column":9},"end":{"line":95,"column":3}},"type":"if","locations":[{"start":{"line":92,"column":9},"end":{"line":95,"column":3}},{"start":{},"end":{}}],"line":92},"20":{"loc":{"start":{"line":99,"column":2},"end":{"line":108,"column":3}},"type":"if","locations":[{"start":{"line":99,"column":2},"end":{"line":108,"column":3}},{"start":{"line":101,"column":9},"end":{"line":108,"column":3}}],"line":99},"21":{"loc":{"start":{"line":99,"column":6},"end":{"line":99,"column":47}},"type":"binary-expr","locations":[{"start":{"line":99,"column":6},"end":{"line":99,"column":23}},{"start":{"line":99,"column":27},"end":{"line":99,"column":47}}],"line":99},"22":{"loc":{"start":{"line":103,"column":4},"end":{"line":107,"column":5}},"type":"if","locations":[{"start":{"line":103,"column":4},"end":{"line":107,"column":5}},{"start":{},"end":{}}],"line":103},"23":{"loc":{"start":{"line":106,"column":6},"end":{"line":106,"column":60}},"type":"if","locations":[{"start":{"line":106,"column":6},"end":{"line":106,"column":60}},{"start":{},"end":{}}],"line":106},"24":{"loc":{"start":{"line":121,"column":2},"end":{"line":121,"column":47}},"type":"if","locations":[{"start":{"line":121,"column":2},"end":{"line":121,"column":47}},{"start":{},"end":{}}],"line":121},"25":{"loc":{"start":{"line":122,"column":2},"end":{"line":122,"column":46}},"type":"if","locations":[{"start":{"line":122,"column":2},"end":{"line":122,"column":46}},{"start":{},"end":{}}],"line":122},"26":{"loc":{"start":{"line":133,"column":2},"end":{"line":133,"column":35}},"type":"if","locations":[{"start":{"line":133,"column":2},"end":{"line":133,"column":35}},{"start":{},"end":{}}],"line":133},"27":{"loc":{"start":{"line":134,"column":2},"end":{"line":134,"column":35}},"type":"if","locations":[{"start":{"line":134,"column":2},"end":{"line":134,"column":35}},{"start":{},"end":{}}],"line":134}},"s":{"0":1,"1":1,"2":1,"3":1,"4":1,"5":1,"6":1,"7":0,"8":1,"9":1,"10":1,"11":1,"12":1,"13":1,"14":1,"15":1,"16":1,"17":1,"18":0,"19":0,"20":1,"21":1,"22":1,"23":0,"24":0,"25":1,"26":1,"27":0,"28":1,"29":1,"30":1,"31":1,"32":1,"33":4,"34":3,"35":1,"36":1,"37":0,"38":1,"39":1,"40":0,"41":0,"42":0,"43":1,"44":1,"45":1},"f":{"0":1,"1":1,"2":4,"3":1,"4":1,"5":1},"b":{"0":[1,0],"1":[1,0],"2":[1,0],"3":[1,0],"4":[1,0],"5":[0,1],"6":[1,0],"7":[1,0],"8":[1,1],"9":[1,0],"10":[1,0],"11":[1,1],"12":[1,0],"13":[1,0],"14":[1,1],"15":[0,0],"16":[1,0],"17":[1,0],"18":[1,1],"19":[0,0],"20":[0,1],"21":[1,0],"22":[1,0],"23":[1,0],"24":[3,1],"25":[1,0],"26":[1,0],"27":[0,0]},"inputSourceMap":null,"_coverageSchema":"1a1c01bbd47fc00a2c39e90264f33305004495a9","hash":"64173ce1e42455d8e2012555d6f1dc243d24941b"}
,"/Users/patriciozepeda/Dropbox/Cursos/Fullstack/Módulo 6 - Node/Examen Prompt IA/backend/utils/scientificQueryLogger.js": {"path":"/Users/patriciozepeda/Dropbox/Cursos/Fullstack/Módulo 6 - Node/Examen Prompt IA/backend/utils/scientificQueryLogger.js","statementMap":{"0":{"start":{"line":6,"column":19},"end":{"line":6,"column":37}},"1":{"start":{"line":12,"column":24},"end":{"line":16,"column":1}},"2":{"start":{"line":13,"column":20},"end":{"line":13,"column":30}},"3":{"start":{"line":14,"column":21},"end":{"line":14,"column":82}},"4":{"start":{"line":15,"column":2},"end":{"line":15,"column":42}},"5":{"start":{"line":24,"column":21},"end":{"line":34,"column":1}},"6":{"start":{"line":25,"column":18},"end":{"line":25,"column":35}},"7":{"start":{"line":26,"column":20},"end":{"line":26,"column":44}},"8":{"start":{"line":28,"column":2},"end":{"line":28,"column":110}},"9":{"start":{"line":29,"column":2},"end":{"line":29,"column":85}},"10":{"start":{"line":30,"column":2},"end":{"line":30,"column":110}},"11":{"start":{"line":31,"column":2},"end":{"line":31,"column":100}},"12":{"start":{"line":33,"column":2},"end":{"line":33,"column":17}},"13":{"start":{"line":43,"column":18},"end":{"line":65,"column":1}},"14":{"start":{"line":44,"column":20},"end":{"line":44,"column":44}},"15":{"start":{"line":45,"column":2},"end":{"line":45,"column":83}},"16":{"start":{"line":47,"column":2},"end":{"line":64,"column":3}},"17":{"start":{"line":48,"column":4},"end":{"line":63,"column":5}},"18":{"start":{"line":50,"column":6},"end":{"line":54,"column":7}},"19":{"start":{"line":51,"column":8},"end":{"line":51,"column":114}},"20":{"start":{"line":53,"column":8},"end":{"line":53,"column":93}},"21":{"start":{"line":57,"column":6},"end":{"line":62,"column":7}},"22":{"start":{"line":58,"column":27},"end":{"line":58,"column":56}},"23":{"start":{"line":59,"column":8},"end":{"line":59,"column":99}},"24":{"start":{"line":61,"column":8},"end":{"line":61,"column":110}},"25":{"start":{"line":74,"column":19},"end":{"line":87,"column":1}},"26":{"start":{"line":75,"column":20},"end":{"line":75,"column":44}},"27":{"start":{"line":76,"column":2},"end":{"line":76,"column":92}},"28":{"start":{"line":78,"column":2},"end":{"line":86,"column":3}},"29":{"start":{"line":79,"column":4},"end":{"line":79,"column":102}},"30":{"start":{"line":80,"column":4},"end":{"line":80,"column":98}},"31":{"start":{"line":82,"column":4},"end":{"line":85,"column":5}},"32":{"start":{"line":83,"column":6},"end":{"line":83,"column":111}},"33":{"start":{"line":84,"column":6},"end":{"line":84,"column":130}},"34":{"start":{"line":96,"column":18},"end":{"line":100,"column":1}},"35":{"start":{"line":97,"column":19},"end":{"line":97,"column":38}},"36":{"start":{"line":98,"column":20},"end":{"line":98,"column":44}},"37":{"start":{"line":99,"column":2},"end":{"line":99,"column":96}},"38":{"start":{"line":108,"column":19},"end":{"line":120,"column":1}},"39":{"start":{"line":109,"column":20},"end":{"line":109,"column":44}},"40":{"start":{"line":111,"column":2},"end":{"line":111,"column":100}},"41":{"start":{"line":112,"column":2},"end":{"line":112,"column":107}},"42":{"start":{"line":113,"column":2},"end":{"line":113,"column":104}},"43":{"start":{"line":115,"column":2},"end":{"line":117,"column":3}},"44":{"start":{"line":116,"column":4},"end":{"line":116,"column":102}},"45":{"start":{"line":119,"column":2},"end":{"line":119,"column":100}}},"fnMap":{"0":{"name":"(anonymous_0)","decl":{"start":{"line":12,"column":24},"end":{"line":12,"column":25}},"loc":{"start":{"line":12,"column":30},"end":{"line":16,"column":1}},"line":12},"1":{"name":"(anonymous_1)","decl":{"start":{"line":24,"column":21},"end":{"line":24,"column":22}},"loc":{"start":{"line":24,"column":42},"end":{"line":34,"column":1}},"line":24},"2":{"name":"(anonymous_2)","decl":{"start":{"line":43,"column":18},"end":{"line":43,"column":19}},"loc":{"start":{"line":43,"column":60},"end":{"line":65,"column":1}},"line":43},"3":{"name":"(anonymous_3)","decl":{"start":{"line":74,"column":19},"end":{"line":74,"column":20}},"loc":{"start":{"line":74,"column":62},"end":{"line":87,"column":1}},"line":74},"4":{"name":"(anonymous_4)","decl":{"start":{"line":96,"column":18},"end":{"line":96,"column":19}},"loc":{"start":{"line":96,"column":58},"end":{"line":100,"column":1}},"line":96},"5":{"name":"(anonymous_5)","decl":{"start":{"line":108,"column":19},"end":{"line":108,"column":20}},"loc":{"start":{"line":108,"column":61},"end":{"line":120,"column":1}},"line":108}},"branchMap":{"0":{"loc":{"start":{"line":30,"column":72},"end":{"line":30,"column":106}},"type":"cond-expr","locations":[{"start":{"line":30,"column":80},"end":{"line":30,"column":90}},{"start":{"line":30,"column":93},"end":{"line":30,"column":106}}],"line":30},"1":{"loc":{"start":{"line":43,"column":44},"end":{"line":43,"column":55}},"type":"default-arg","locations":[{"start":{"line":43,"column":51},"end":{"line":43,"column":55}}],"line":43},"2":{"loc":{"start":{"line":47,"column":2},"end":{"line":64,"column":3}},"type":"if","locations":[{"start":{"line":47,"column":2},"end":{"line":64,"column":3}},{"start":{},"end":{}}],"line":47},"3":{"loc":{"start":{"line":48,"column":4},"end":{"line":63,"column":5}},"type":"if","locations":[{"start":{"line":48,"column":4},"end":{"line":63,"column":5}},{"start":{"line":55,"column":11},"end":{"line":63,"column":5}}],"line":48},"4":{"loc":{"start":{"line":50,"column":6},"end":{"line":54,"column":7}},"type":"if","locations":[{"start":{"line":50,"column":6},"end":{"line":54,"column":7}},{"start":{"line":52,"column":13},"end":{"line":54,"column":7}}],"line":50},"5":{"loc":{"start":{"line":74,"column":45},"end":{"line":74,"column":57}},"type":"default-arg","locations":[{"start":{"line":74,"column":53},"end":{"line":74,"column":57}}],"line":74},"6":{"loc":{"start":{"line":78,"column":2},"end":{"line":86,"column":3}},"type":"if","locations":[{"start":{"line":78,"column":2},"end":{"line":86,"column":3}},{"start":{},"end":{}}],"line":78},"7":{"loc":{"start":{"line":82,"column":4},"end":{"line":85,"column":5}},"type":"if","locations":[{"start":{"line":82,"column":4},"end":{"line":85,"column":5}},{"start":{},"end":{}}],"line":82},"8":{"loc":{"start":{"line":84,"column":100},"end":{"line":84,"column":125}},"type":"binary-expr","locations":[{"start":{"line":84,"column":100},"end":{"line":84,"column":119}},{"start":{"line":84,"column":123},"end":{"line":84,"column":125}}],"line":84},"9":{"loc":{"start":{"line":108,"column":38},"end":{"line":108,"column":56}},"type":"default-arg","locations":[{"start":{"line":108,"column":52},"end":{"line":108,"column":56}}],"line":108},"10":{"loc":{"start":{"line":113,"column":69},"end":{"line":113,"column":100}},"type":"cond-expr","locations":[{"start":{"line":113,"column":79},"end":{"line":113,"column":88}},{"start":{"line":113,"column":91},"end":{"line":113,"column":100}}],"line":113},"11":{"loc":{"start":{"line":115,"column":2},"end":{"line":117,"column":3}},"type":"if","locations":[{"start":{"line":115,"column":2},"end":{"line":117,"column":3}},{"start":{},"end":{}}],"line":115}},"s":{"0":1,"1":1,"2":0,"3":0,"4":0,"5":1,"6":0,"7":0,"8":0,"9":0,"10":0,"11":0,"12":0,"13":1,"14":0,"15":0,"16":0,"17":0,"18":0,"19":0,"20":0,"21":0,"22":0,"23":0,"24":0,"25":1,"26":0,"27":0,"28":0,"29":0,"30":0,"31":0,"32":0,"33":0,"34":1,"35":0,"36":0,"37":0,"38":1,"39":0,"40":0,"41":0,"42":0,"43":0,"44":0,"45":0},"f":{"0":0,"1":0,"2":0,"3":0,"4":0,"5":0},"b":{"0":[0,0],"1":[0],"2":[0,0],"3":[0,0],"4":[0,0],"5":[0],"6":[0,0],"7":[0,0],"8":[0,0],"9":[0],"10":[0,0],"11":[0,0]},"inputSourceMap":null,"_coverageSchema":"1a1c01bbd47fc00a2c39e90264f33305004495a9","hash":"8c47da2ad414bb28dc35caeaa83d1cfbb1ffacdb"}
}
