TN:
SF:socket.js
FN:15,(anonymous_0)
FN:30,(anonymous_1)
FN:36,(anonymous_2)
FN:40,(anonymous_3)
FN:53,(anonymous_4)
FNF:5
FNH:0
FNDA:0,(anonymous_0)
FNDA:0,(anonymous_1)
FNDA:0,(anonymous_2)
FNDA:0,(anonymous_3)
FNDA:0,(anonymous_4)
DA:15,1
DA:16,0
DA:30,0
DA:31,0
DA:34,0
DA:36,0
DA:37,0
DA:40,0
DA:41,0
DA:45,0
DA:46,0
DA:53,1
DA:54,0
DA:55,0
DA:57,0
LF:15
LH:2
BRDA:54,0,0,0
BRDA:54,0,1,0
BRF:2
BRH:0
end_of_record
TN:
SF:config/index.js
FNF:0
FNH:0
DA:7,1
DA:57,1
DA:58,0
DA:61,1
DA:62,0
LF:5
LH:3
BRDA:10,0,0,1
BRDA:10,0,1,0
BRDA:11,1,0,1
BRDA:11,1,1,0
BRDA:18,2,0,1
BRDA:18,2,1,0
BRDA:20,3,0,1
BRDA:20,3,1,0
BRDA:24,4,0,1
BRDA:24,4,1,0
BRDA:27,5,0,1
BRDA:27,5,1,1
BRDA:38,6,0,1
BRDA:38,6,1,0
BRDA:46,7,0,1
BRDA:46,7,1,0
BRDA:51,8,0,1
BRDA:51,8,1,0
BRDA:52,9,0,1
BRDA:52,9,1,0
BRDA:57,10,0,0
BRDA:57,10,1,1
BRDA:61,11,0,0
BRDA:61,11,1,1
BRF:24
BRH:13
end_of_record
TN:
SF:controllers/claudeController.js
FN:13,extractClinicalQuestion
FN:25,emitBatchProgress
FN:44,(anonymous_2)
FN:79,(anonymous_3)
FN:127,(anonymous_4)
FN:156,(anonymous_5)
FN:161,(anonymous_6)
FN:175,(anonymous_7)
FN:225,(anonymous_8)
FN:233,(anonymous_9)
FN:261,(anonymous_10)
FN:300,(anonymous_11)
FNF:12
FNH:6
FNDA:0,extractClinicalQuestion
FNDA:8,emitBatchProgress
FNDA:0,(anonymous_2)
FNDA:2,(anonymous_3)
FNDA:2,(anonymous_4)
FNDA:4,(anonymous_5)
FNDA:2,(anonymous_6)
FNDA:0,(anonymous_7)
FNDA:0,(anonymous_8)
FNDA:4,(anonymous_9)
FNDA:0,(anonymous_10)
FNDA:0,(anonymous_11)
DA:15,0
DA:16,0
DA:26,8
DA:27,8
DA:32,0
DA:34,8
DA:38,1
DA:45,0
DA:46,0
DA:48,0
DA:49,0
DA:56,0
DA:59,0
DA:61,0
DA:66,0
DA:67,0
DA:80,2
DA:81,2
DA:84,2
DA:86,0
DA:89,0
DA:91,0
DA:97,2
DA:99,2
DA:101,2
DA:108,0
DA:114,0
DA:115,0
DA:128,2
DA:129,2
DA:131,2
DA:132,0
DA:138,2
DA:139,0
DA:145,2
DA:148,2
DA:151,2
DA:152,2
DA:153,2
DA:156,2
DA:158,4
DA:159,2
DA:160,2
DA:161,2
DA:164,4
DA:165,4
DA:169,4
DA:170,4
DA:173,0
DA:174,0
DA:175,0
DA:176,0
DA:178,0
DA:183,4
DA:185,4
DA:190,0
DA:193,0
DA:195,0
DA:204,2
DA:205,2
DA:206,2
DA:209,2
DA:210,2
DA:212,2
DA:213,4
DA:217,2
DA:218,2
DA:221,2
DA:223,0
DA:224,0
DA:225,0
DA:230,2
DA:233,4
DA:234,2
DA:236,2
DA:244,0
DA:247,0
DA:249,0
DA:262,0
DA:263,0
DA:265,0
DA:266,0
DA:272,0
DA:273,0
DA:280,0
DA:282,0
DA:287,0
DA:288,0
DA:301,0
DA:302,0
DA:304,0
DA:305,0
DA:311,0
DA:312,0
DA:318,0
DA:321,0
DA:325,0
DA:331,0
DA:332,0
LF:99
LH:44
BRDA:16,0,0,0
BRDA:16,0,1,0
BRDA:48,1,0,0
BRDA:48,1,1,0
BRDA:69,2,0,0
BRDA:69,2,1,0
BRDA:84,3,0,0
BRDA:84,3,1,2
BRDA:97,4,0,2
BRDA:97,4,1,0
BRDA:97,5,0,2
BRDA:97,5,1,2
BRDA:117,6,0,0
BRDA:117,6,1,0
BRDA:131,7,0,0
BRDA:131,7,1,2
BRDA:131,8,0,2
BRDA:131,8,1,2
BRDA:131,8,2,2
BRDA:138,9,0,0
BRDA:138,9,1,2
BRDA:158,10,0,2
BRDA:158,10,1,2
BRDA:165,11,0,4
BRDA:165,11,1,0
BRDA:173,12,0,0
BRDA:173,12,1,0
BRDA:173,13,0,0
BRDA:173,13,1,0
BRDA:221,14,0,0
BRDA:221,14,1,2
BRDA:251,15,0,0
BRDA:251,15,1,0
BRDA:265,16,0,0
BRDA:265,16,1,0
BRDA:272,17,0,0
BRDA:272,17,1,0
BRDA:272,18,0,0
BRDA:272,18,1,0
BRDA:272,18,2,0
BRDA:290,19,0,0
BRDA:290,19,1,0
BRDA:304,20,0,0
BRDA:304,20,1,0
BRDA:304,21,0,0
BRDA:304,21,1,0
BRDA:304,21,2,0
BRDA:311,22,0,0
BRDA:311,22,1,0
BRDA:322,23,0,0
BRDA:322,23,1,0
BRDA:334,24,0,0
BRDA:334,24,1,0
BRF:53
BRH:13
end_of_record
TN:
SF:models/Article.js
FN:14,(anonymous_0)
FN:46,(anonymous_1)
FN:65,(anonymous_2)
FN:71,(anonymous_3)
FN:91,(anonymous_4)
FN:97,(anonymous_5)
FN:101,(anonymous_6)
FN:121,(anonymous_7)
FN:129,(anonymous_8)
FN:137,(anonymous_9)
FN:158,(anonymous_10)
FN:162,(anonymous_11)
FN:174,(anonymous_12)
FN:179,(anonymous_13)
FN:194,(anonymous_14)
FN:198,(anonymous_15)
FNF:16
FNH:0
FNDA:0,(anonymous_0)
FNDA:0,(anonymous_1)
FNDA:0,(anonymous_2)
FNDA:0,(anonymous_3)
FNDA:0,(anonymous_4)
FNDA:0,(anonymous_5)
FNDA:0,(anonymous_6)
FNDA:0,(anonymous_7)
FNDA:0,(anonymous_8)
FNDA:0,(anonymous_9)
FNDA:0,(anonymous_10)
FNDA:0,(anonymous_11)
FNDA:0,(anonymous_12)
FNDA:0,(anonymous_13)
FNDA:0,(anonymous_14)
FNDA:0,(anonymous_15)
DA:15,0
DA:17,0
DA:18,0
DA:21,0
DA:24,0
DA:26,0
DA:27,0
DA:28,0
DA:29,0
DA:30,0
DA:31,0
DA:34,0
DA:35,0
DA:36,0
DA:37,0
DA:47,0
DA:49,0
DA:67,0
DA:70,0
DA:71,0
DA:73,0
DA:74,0
DA:80,0
DA:81,0
DA:87,0
DA:91,0
DA:95,0
DA:96,0
DA:97,0
DA:101,0
DA:105,0
DA:106,0
DA:107,0
DA:114,0
DA:122,0
DA:130,0
DA:139,0
DA:142,0
DA:145,0
DA:148,0
DA:151,0
DA:159,0
DA:162,0
DA:175,0
DA:177,0
DA:179,0
DA:195,0
DA:196,0
DA:198,0
LF:49
LH:0
BRDA:15,0,0,0
BRDA:15,0,1,0
BRDA:17,1,0,0
BRDA:17,1,1,0
BRDA:18,2,0,0
BRDA:18,2,1,0
BRDA:21,3,0,0
BRDA:21,3,1,0
BRDA:26,4,0,0
BRDA:26,4,1,0
BRDA:26,4,2,0
BRDA:27,5,0,0
BRDA:27,5,1,0
BRDA:28,6,0,0
BRDA:28,6,1,0
BRDA:29,7,0,0
BRDA:29,7,1,0
BRDA:30,8,0,0
BRDA:30,8,1,0
BRDA:30,8,2,0
BRDA:31,9,0,0
BRDA:31,9,1,0
BRDA:34,10,0,0
BRDA:34,10,1,0
BRDA:35,11,0,0
BRDA:35,11,1,0
BRDA:47,12,0,0
BRDA:47,12,1,0
BRDA:67,13,0,0
BRDA:67,13,1,0
BRDA:70,14,0,0
BRDA:70,14,1,0
BRDA:73,15,0,0
BRDA:73,15,1,0
BRDA:73,16,0,0
BRDA:73,16,1,0
BRDA:73,16,2,0
BRDA:76,17,0,0
BRDA:76,17,1,0
BRDA:80,18,0,0
BRDA:80,18,1,0
BRDA:95,19,0,0
BRDA:95,19,1,0
BRDA:105,20,0,0
BRDA:105,20,1,0
BRDA:105,21,0,0
BRDA:105,21,1,0
BRDA:106,22,0,0
BRDA:106,22,1,0
BRDA:109,23,0,0
BRDA:109,23,1,0
BRDA:122,24,0,0
BRDA:122,24,1,0
BRDA:130,25,0,0
BRDA:130,25,1,0
BRDA:130,25,2,0
BRDA:139,26,0,0
BRDA:139,26,1,0
BRDA:139,26,2,0
BRDA:142,27,0,0
BRDA:142,27,1,0
BRDA:142,27,2,0
BRDA:145,28,0,0
BRDA:145,28,1,0
BRDA:151,29,0,0
BRDA:151,29,1,0
BRDA:151,29,2,0
BRDA:163,30,0,0
BRDA:163,30,1,0
BRDA:175,31,0,0
BRDA:175,31,1,0
BRDA:179,32,0,0
BRDA:179,32,1,0
BRDA:181,33,0,0
BRDA:181,33,1,0
BRDA:184,34,0,0
BRDA:184,34,1,0
BRDA:195,35,0,0
BRDA:195,35,1,0
BRF:79
BRH:0
end_of_record
TN:
SF:routes/claude.route.js
FNF:0
FNH:0
DA:7,1
DA:14,1
DA:21,1
DA:28,1
DA:35,1
DA:42,1
DA:45,1
DA:46,1
DA:47,1
LF:9
LH:9
BRF:0
BRH:0
end_of_record
TN:
SF:services/claudeService.js
FN:16,logInfo
FN:31,logError
FN:40,(anonymous_2)
FN:63,(anonymous_3)
FN:99,(anonymous_4)
FN:229,(anonymous_5)
FN:359,(anonymous_6)
FN:413,(anonymous_7)
FN:434,(anonymous_8)
FN:561,(anonymous_9)
FN:570,(anonymous_10)
FN:575,(anonymous_11)
FN:639,(anonymous_12)
FN:681,(anonymous_13)
FN:700,(anonymous_14)
FN:715,(anonymous_15)
FN:728,(anonymous_16)
FN:736,(anonymous_17)
FN:757,(anonymous_18)
FN:814,(anonymous_19)
FN:830,(anonymous_20)
FN:830,(anonymous_21)
FN:831,(anonymous_22)
FN:844,(anonymous_23)
FN:845,(anonymous_24)
FN:846,(anonymous_25)
FN:862,(anonymous_26)
FN:880,(anonymous_27)
FN:905,(anonymous_28)
FN:922,(anonymous_29)
FN:923,(anonymous_30)
FN:924,(anonymous_31)
FN:935,(anonymous_32)
FN:961,(anonymous_33)
FNF:34
FNH:6
FNDA:73,logInfo
FNDA:0,logError
FNDA:1,(anonymous_2)
FNDA:6,(anonymous_3)
FNDA:0,(anonymous_4)
FNDA:0,(anonymous_5)
FNDA:0,(anonymous_6)
FNDA:6,(anonymous_7)
FNDA:0,(anonymous_8)
FNDA:6,(anonymous_9)
FNDA:0,(anonymous_10)
FNDA:6,(anonymous_11)
FNDA:0,(anonymous_12)
FNDA:0,(anonymous_13)
FNDA:0,(anonymous_14)
FNDA:0,(anonymous_15)
FNDA:0,(anonymous_16)
FNDA:0,(anonymous_17)
FNDA:0,(anonymous_18)
FNDA:0,(anonymous_19)
FNDA:0,(anonymous_20)
FNDA:0,(anonymous_21)
FNDA:0,(anonymous_22)
FNDA:0,(anonymous_23)
FNDA:0,(anonymous_24)
FNDA:0,(anonymous_25)
FNDA:0,(anonymous_26)
FNDA:0,(anonymous_27)
FNDA:0,(anonymous_28)
FNDA:0,(anonymous_29)
FNDA:0,(anonymous_30)
FNDA:0,(anonymous_31)
FNDA:0,(anonymous_32)
FNDA:0,(anonymous_33)
DA:17,73
DA:18,73
DA:19,73
DA:20,0
DA:32,0
DA:33,0
DA:34,0
DA:35,0
DA:41,1
DA:44,1
DA:47,1
DA:49,1
DA:50,1
DA:51,0
DA:64,6
DA:66,6
DA:67,0
DA:68,0
DA:69,0
DA:72,6
DA:73,0
DA:74,0
DA:75,0
DA:79,6
DA:80,6
DA:82,6
DA:83,6
DA:84,6
DA:86,6
DA:89,6
DA:90,6
DA:91,6
DA:92,6
DA:94,6
DA:95,6
DA:97,6
DA:98,0
DA:99,0
DA:101,0
DA:105,6
DA:118,6
DA:120,6
DA:123,6
DA:132,6
DA:133,6
DA:135,6
DA:137,6
DA:142,6
DA:143,6
DA:146,6
DA:147,6
DA:150,6
DA:152,0
DA:153,0
DA:154,0
DA:157,0
DA:158,0
DA:159,0
DA:162,0
DA:164,0
DA:165,0
DA:166,0
DA:167,0
DA:169,0
DA:170,0
DA:171,0
DA:173,0
DA:174,0
DA:176,0
DA:179,0
DA:180,0
DA:185,0
DA:186,0
DA:190,0
DA:191,0
DA:192,0
DA:193,0
DA:194,0
DA:195,0
DA:197,0
DA:200,0
DA:203,0
DA:204,0
DA:211,0
DA:212,0
DA:216,0
DA:221,0
DA:230,0
DA:232,0
DA:233,0
DA:234,0
DA:235,0
DA:238,0
DA:241,0
DA:323,0
DA:324,0
DA:325,0
DA:326,0
DA:327,0
DA:328,0
DA:331,0
DA:334,0
DA:341,0
DA:342,0
DA:343,0
DA:344,0
DA:345,0
DA:346,0
DA:351,0
DA:352,0
DA:354,0
DA:355,0
DA:357,0
DA:359,0
DA:360,0
DA:362,0
DA:363,0
DA:364,0
DA:368,0
DA:373,0
DA:374,0
DA:375,0
DA:376,0
DA:378,0
DA:382,0
DA:383,0
DA:384,0
DA:388,0
DA:392,0
DA:393,0
DA:397,0
DA:402,0
DA:403,0
DA:414,6
DA:416,6
DA:417,0
DA:418,0
DA:419,0
DA:422,6
DA:423,0
DA:424,0
DA:425,0
DA:428,6
DA:429,6
DA:431,6
DA:432,6
DA:433,6
DA:434,0
DA:435,6
DA:436,0
DA:439,6
DA:444,6
DA:535,6
DA:561,6
DA:564,6
DA:565,6
DA:567,6
DA:568,0
DA:569,0
DA:570,0
DA:571,6
DA:573,6
DA:574,6
DA:575,6
DA:578,6
DA:579,6
DA:582,6
DA:583,6
DA:585,0
DA:586,0
DA:589,0
DA:594,0
DA:600,0
DA:603,6
DA:605,6
DA:607,0
DA:609,0
DA:611,0
DA:613,0
DA:616,0
DA:640,0
DA:642,0
DA:643,0
DA:644,0
DA:645,0
DA:648,0
DA:649,0
DA:650,0
DA:651,0
DA:654,0
DA:657,0
DA:658,0
DA:660,0
DA:662,0
DA:667,0
DA:668,0
DA:670,0
DA:671,0
DA:682,0
DA:684,0
DA:685,0
DA:686,0
DA:687,0
DA:690,0
DA:691,0
DA:692,0
DA:693,0
DA:696,0
DA:697,0
DA:700,0
DA:701,0
DA:702,0
DA:703,0
DA:705,0
DA:706,0
DA:710,0
DA:713,0
DA:714,0
DA:715,0
DA:725,0
DA:728,0
DA:729,0
DA:732,0
DA:734,0
DA:735,0
DA:736,0
DA:739,0
DA:741,0
DA:743,0
DA:744,0
DA:751,0
DA:752,0
DA:755,0
DA:756,0
DA:757,0
DA:759,0
DA:761,0
DA:762,0
DA:764,0
DA:765,0
DA:771,0
DA:772,0
DA:781,0
DA:782,0
DA:793,0
DA:794,0
DA:797,0
DA:799,0
DA:800,0
DA:801,0
DA:804,0
DA:807,0
DA:808,0
DA:809,0
DA:812,0
DA:813,0
DA:814,0
DA:819,0
DA:820,0
DA:830,0
DA:831,0
DA:840,0
DA:842,0
DA:843,0
DA:844,0
DA:845,0
DA:846,0
DA:848,0
DA:849,0
DA:851,0
DA:863,0
DA:864,0
DA:866,0
DA:867,0
DA:868,0
DA:871,0
DA:872,0
DA:873,0
DA:874,0
DA:877,0
DA:880,0
DA:881,0
DA:888,0
DA:905,0
DA:914,0
DA:916,0
DA:917,0
DA:920,0
DA:922,0
DA:923,0
DA:924,0
DA:926,0
DA:927,0
DA:928,0
DA:929,0
DA:932,0
DA:935,0
DA:936,0
DA:938,0
DA:941,0
DA:942,0
DA:943,0
DA:946,0
DA:948,0
DA:949,0
DA:962,0
LF:306
LH:63
BRDA:16,0,0,73
BRDA:19,1,0,0
BRDA:19,1,1,73
BRDA:21,2,0,0
BRDA:21,2,1,0
BRDA:31,3,0,0
BRDA:34,4,0,0
BRDA:34,4,1,0
BRDA:50,5,0,0
BRDA:50,5,1,1
BRDA:63,6,0,0
BRDA:66,7,0,0
BRDA:66,7,1,6
BRDA:72,8,0,0
BRDA:72,8,1,6
BRDA:79,9,0,6
BRDA:79,9,1,6
BRDA:80,10,0,6
BRDA:80,10,1,0
BRDA:89,11,0,6
BRDA:89,11,1,6
BRDA:97,12,0,0
BRDA:97,12,1,6
BRDA:137,13,0,6
BRDA:137,13,1,0
BRDA:137,14,0,6
BRDA:137,14,1,6
BRDA:137,14,2,6
BRDA:137,14,3,6
BRDA:146,15,0,6
BRDA:146,15,1,0
BRDA:164,16,0,0
BRDA:164,16,1,0
BRDA:166,17,0,0
BRDA:166,17,1,0
BRDA:166,18,0,0
BRDA:166,18,1,0
BRDA:169,19,0,0
BRDA:169,19,1,0
BRDA:169,20,0,0
BRDA:169,20,1,0
BRDA:173,21,0,0
BRDA:173,21,1,0
BRDA:179,22,0,0
BRDA:179,22,1,0
BRDA:185,23,0,0
BRDA:185,23,1,0
BRDA:192,24,0,0
BRDA:192,24,1,0
BRDA:192,25,0,0
BRDA:192,25,1,0
BRDA:194,26,0,0
BRDA:194,26,1,0
BRDA:194,27,0,0
BRDA:194,27,1,0
BRDA:203,28,0,0
BRDA:203,28,1,0
BRDA:211,29,0,0
BRDA:211,29,1,0
BRDA:211,30,0,0
BRDA:211,30,1,0
BRDA:211,31,0,0
BRDA:211,31,1,0
BRDA:221,32,0,0
BRDA:221,32,1,0
BRDA:232,33,0,0
BRDA:232,33,1,0
BRDA:238,34,0,0
BRDA:238,34,1,0
BRDA:343,35,0,0
BRDA:343,35,1,0
BRDA:343,36,0,0
BRDA:343,36,1,0
BRDA:343,36,2,0
BRDA:345,37,0,0
BRDA:345,37,1,0
BRDA:351,38,0,0
BRDA:351,38,1,0
BRDA:357,39,0,0
BRDA:357,39,1,0
BRDA:357,40,0,0
BRDA:357,40,1,0
BRDA:360,41,0,0
BRDA:360,41,1,0
BRDA:362,42,0,0
BRDA:362,42,1,0
BRDA:362,43,0,0
BRDA:362,43,1,0
BRDA:364,44,0,0
BRDA:364,44,1,0
BRDA:373,45,0,0
BRDA:373,45,1,0
BRDA:378,46,0,0
BRDA:378,46,1,0
BRDA:378,47,0,0
BRDA:378,47,1,0
BRDA:378,47,2,0
BRDA:378,47,3,0
BRDA:378,47,4,0
BRDA:378,47,5,0
BRDA:378,47,6,0
BRDA:378,47,7,0
BRDA:383,48,0,0
BRDA:383,48,1,0
BRDA:392,49,0,0
BRDA:392,49,1,0
BRDA:398,50,0,0
BRDA:398,50,1,0
BRDA:416,51,0,0
BRDA:416,51,1,6
BRDA:422,52,0,0
BRDA:422,52,1,6
BRDA:428,53,0,6
BRDA:428,53,1,6
BRDA:428,54,0,0
BRDA:428,54,1,6
BRDA:428,55,0,6
BRDA:428,55,1,6
BRDA:429,56,0,0
BRDA:429,56,1,6
BRDA:433,57,0,0
BRDA:433,57,1,6
BRDA:434,58,0,0
BRDA:434,58,1,0
BRDA:435,59,0,0
BRDA:435,59,1,6
BRDA:439,60,0,0
BRDA:439,60,1,6
BRDA:439,61,0,6
BRDA:439,61,1,0
BRDA:454,62,0,6
BRDA:454,62,1,6
BRDA:455,63,0,6
BRDA:455,63,1,0
BRDA:561,64,0,0
BRDA:567,65,0,0
BRDA:567,65,1,6
BRDA:571,66,0,6
BRDA:571,66,1,0
BRDA:589,67,0,0
BRDA:589,67,1,0
BRDA:589,68,0,0
BRDA:589,68,1,0
BRDA:589,68,2,0
BRDA:589,68,3,0
BRDA:589,68,4,0
BRDA:600,69,0,0
BRDA:600,69,1,0
BRDA:626,70,0,0
BRDA:626,70,1,0
BRDA:642,71,0,0
BRDA:642,71,1,0
BRDA:648,72,0,0
BRDA:648,72,1,0
BRDA:648,73,0,0
BRDA:648,73,1,0
BRDA:648,73,2,0
BRDA:654,74,0,0
BRDA:654,74,1,0
BRDA:684,75,0,0
BRDA:684,75,1,0
BRDA:684,76,0,0
BRDA:684,76,1,0
BRDA:684,76,2,0
BRDA:690,77,0,0
BRDA:690,77,1,0
BRDA:697,78,0,0
BRDA:697,78,1,0
BRDA:713,79,0,0
BRDA:713,79,1,0
BRDA:729,80,0,0
BRDA:729,80,1,0
BRDA:732,81,0,0
BRDA:732,81,1,0
BRDA:751,82,0,0
BRDA:751,82,1,0
BRDA:751,83,0,0
BRDA:751,83,1,0
BRDA:751,83,2,0
BRDA:807,84,0,0
BRDA:807,84,1,0
BRDA:812,85,0,0
BRDA:812,85,1,0
BRDA:812,86,0,0
BRDA:812,86,1,0
BRDA:812,86,2,0
BRDA:844,87,0,0
BRDA:844,87,1,0
BRDA:862,88,0,0
BRDA:864,89,0,0
BRDA:864,89,1,0
BRDA:866,90,0,0
BRDA:866,90,1,0
BRDA:866,91,0,0
BRDA:866,91,1,0
BRDA:866,91,2,0
BRDA:871,92,0,0
BRDA:871,92,1,0
BRDA:883,93,0,0
BRDA:883,93,1,0
BRDA:926,94,0,0
BRDA:926,94,1,0
BRDA:941,95,0,0
BRDA:941,95,1,0
BRDA:961,96,0,0
BRF:205
BRH:34
end_of_record
TN:
SF:utils/aiPrompts.js
FN:11,generateSynthesisPrompt
FN:13,(anonymous_1)
FN:18,(anonymous_2)
FNF:3
FNH:0
FNDA:0,generateSynthesisPrompt
FNDA:0,(anonymous_1)
FNDA:0,(anonymous_2)
DA:13,0
DA:15,0
DA:16,0
DA:18,0
DA:19,0
DA:20,0
DA:21,0
DA:22,0
DA:25,0
DA:37,0
LF:10
LH:0
BRDA:15,0,0,0
BRDA:15,0,1,0
BRDA:16,1,0,0
BRDA:16,1,1,0
BRDA:18,2,0,0
BRDA:18,2,1,0
BRDA:18,3,0,0
BRDA:18,3,1,0
BRDA:19,4,0,0
BRDA:19,4,1,0
BRDA:20,5,0,0
BRDA:20,5,1,0
BRDA:21,6,0,0
BRDA:21,6,1,0
BRDA:22,7,0,0
BRDA:22,7,1,0
BRDA:22,7,2,0
BRDA:31,8,0,0
BRDA:31,8,1,0
BRDA:32,9,0,0
BRDA:32,9,1,0
BRF:21
BRH:0
end_of_record
