TN:
SF:socket.js
FN:15,(anonymous_0)
FN:30,(anonymous_1)
FN:36,(anonymous_2)
FN:40,(anonymous_3)
FN:53,(anonymous_4)
FNF:5
FNH:0
FNDA:0,(anonymous_0)
FNDA:0,(anonymous_1)
FNDA:0,(anonymous_2)
FNDA:0,(anonymous_3)
FNDA:0,(anonymous_4)
DA:15,1
DA:16,0
DA:30,0
DA:31,0
DA:34,0
DA:36,0
DA:37,0
DA:40,0
DA:41,0
DA:45,0
DA:46,0
DA:53,1
DA:54,0
DA:55,0
DA:57,0
LF:15
LH:2
BRDA:54,0,0,0
BRDA:54,0,1,0
BRF:2
BRH:0
end_of_record
TN:
SF:config/index.js
FNF:0
FNH:0
DA:7,4
DA:57,4
DA:58,0
DA:61,4
DA:62,0
LF:5
LH:3
BRDA:10,0,0,4
BRDA:10,0,1,0
BRDA:11,1,0,4
BRDA:11,1,1,0
BRDA:18,2,0,4
BRDA:18,2,1,0
BRDA:20,3,0,4
BRDA:20,3,1,0
BRDA:24,4,0,4
BRDA:24,4,1,0
BRDA:27,5,0,4
BRDA:27,5,1,4
BRDA:38,6,0,4
BRDA:38,6,1,0
BRDA:46,7,0,4
BRDA:46,7,1,0
BRDA:51,8,0,4
BRDA:51,8,1,0
BRDA:52,9,0,4
BRDA:52,9,1,0
BRDA:57,10,0,0
BRDA:57,10,1,4
BRDA:61,11,0,0
BRDA:61,11,1,4
BRF:24
BRH:13
end_of_record
TN:
SF:controllers/claudeController.js
FN:13,extractClinicalQuestion
FN:25,emitBatchProgress
FN:44,(anonymous_2)
FN:79,(anonymous_3)
FN:127,(anonymous_4)
FN:156,(anonymous_5)
FN:161,(anonymous_6)
FN:175,(anonymous_7)
FN:225,(anonymous_8)
FN:233,(anonymous_9)
FN:261,(anonymous_10)
FN:300,(anonymous_11)
FNF:12
FNH:1
FNDA:0,extractClinicalQuestion
FNDA:0,emitBatchProgress
FNDA:0,(anonymous_2)
FNDA:0,(anonymous_3)
FNDA:0,(anonymous_4)
FNDA:0,(anonymous_5)
FNDA:0,(anonymous_6)
FNDA:0,(anonymous_7)
FNDA:0,(anonymous_8)
FNDA:0,(anonymous_9)
FNDA:0,(anonymous_10)
FNDA:3,(anonymous_11)
DA:15,0
DA:16,0
DA:26,0
DA:27,0
DA:32,0
DA:34,0
DA:38,1
DA:45,0
DA:46,0
DA:48,0
DA:49,0
DA:56,0
DA:59,0
DA:61,0
DA:66,0
DA:67,0
DA:80,0
DA:81,0
DA:84,0
DA:86,0
DA:89,0
DA:91,0
DA:97,0
DA:99,0
DA:101,0
DA:108,0
DA:114,0
DA:115,0
DA:128,0
DA:129,0
DA:131,0
DA:132,0
DA:138,0
DA:139,0
DA:145,0
DA:148,0
DA:151,0
DA:152,0
DA:153,0
DA:156,0
DA:158,0
DA:159,0
DA:160,0
DA:161,0
DA:164,0
DA:165,0
DA:169,0
DA:170,0
DA:173,0
DA:174,0
DA:175,0
DA:176,0
DA:178,0
DA:183,0
DA:185,0
DA:190,0
DA:193,0
DA:195,0
DA:204,0
DA:205,0
DA:206,0
DA:209,0
DA:210,0
DA:212,0
DA:213,0
DA:217,0
DA:218,0
DA:221,0
DA:223,0
DA:224,0
DA:225,0
DA:230,0
DA:233,0
DA:234,0
DA:236,0
DA:244,0
DA:247,0
DA:249,0
DA:262,0
DA:263,0
DA:265,0
DA:266,0
DA:272,0
DA:273,0
DA:280,0
DA:282,0
DA:287,0
DA:288,0
DA:301,3
DA:302,3
DA:304,3
DA:305,1
DA:311,2
DA:312,1
DA:318,1
DA:321,1
DA:325,1
DA:331,0
DA:332,0
LF:99
LH:10
BRDA:16,0,0,0
BRDA:16,0,1,0
BRDA:48,1,0,0
BRDA:48,1,1,0
BRDA:69,2,0,0
BRDA:69,2,1,0
BRDA:84,3,0,0
BRDA:84,3,1,0
BRDA:97,4,0,0
BRDA:97,4,1,0
BRDA:97,5,0,0
BRDA:97,5,1,0
BRDA:117,6,0,0
BRDA:117,6,1,0
BRDA:131,7,0,0
BRDA:131,7,1,0
BRDA:131,8,0,0
BRDA:131,8,1,0
BRDA:131,8,2,0
BRDA:138,9,0,0
BRDA:138,9,1,0
BRDA:158,10,0,0
BRDA:158,10,1,0
BRDA:165,11,0,0
BRDA:165,11,1,0
BRDA:173,12,0,0
BRDA:173,12,1,0
BRDA:173,13,0,0
BRDA:173,13,1,0
BRDA:221,14,0,0
BRDA:221,14,1,0
BRDA:251,15,0,0
BRDA:251,15,1,0
BRDA:265,16,0,0
BRDA:265,16,1,0
BRDA:272,17,0,0
BRDA:272,17,1,0
BRDA:272,18,0,0
BRDA:272,18,1,0
BRDA:272,18,2,0
BRDA:290,19,0,0
BRDA:290,19,1,0
BRDA:304,20,0,1
BRDA:304,20,1,2
BRDA:304,21,0,3
BRDA:304,21,1,2
BRDA:304,21,2,2
BRDA:311,22,0,1
BRDA:311,22,1,1
BRDA:322,23,0,1
BRDA:322,23,1,0
BRDA:334,24,0,0
BRDA:334,24,1,0
BRF:53
BRH:8
end_of_record
TN:
SF:controllers/iciteController.js
FN:9,(anonymous_0)
FN:31,(anonymous_1)
FNF:2
FNH:0
FNDA:0,(anonymous_0)
FNDA:0,(anonymous_1)
DA:3,1
DA:10,0
DA:11,0
DA:12,0
DA:13,0
DA:15,0
DA:16,0
DA:17,0
DA:19,0
DA:21,0
DA:22,0
DA:32,0
DA:33,0
DA:34,0
DA:35,0
DA:37,0
DA:38,0
DA:40,0
DA:41,0
LF:19
LH:1
BRDA:12,0,0,0
BRDA:12,0,1,0
BRDA:16,1,0,0
BRDA:16,1,1,0
BRDA:22,2,0,0
BRDA:22,2,1,0
BRDA:34,3,0,0
BRDA:34,3,1,0
BRDA:34,4,0,0
BRDA:34,4,1,0
BRDA:34,4,2,0
BRDA:41,5,0,0
BRDA:41,5,1,0
BRF:13
BRH:0
end_of_record
TN:
SF:controllers/scientificQueryController.js
FN:16,(anonymous_0)
FN:60,(anonymous_1)
FN:139,(anonymous_2)
FN:147,(anonymous_3)
FN:148,(anonymous_4)
FN:158,(anonymous_5)
FN:184,(anonymous_6)
FN:185,(anonymous_7)
FN:249,(anonymous_8)
FN:260,(anonymous_9)
FN:290,(anonymous_10)
FN:293,(anonymous_11)
FN:304,(anonymous_12)
FN:311,(anonymous_13)
FN:400,(anonymous_14)
FN:424,(anonymous_15)
FN:429,(anonymous_16)
FN:448,(anonymous_17)
FN:458,(anonymous_18)
FN:466,(anonymous_19)
FN:520,(anonymous_20)
FN:574,(anonymous_21)
FN:608,(anonymous_22)
FN:639,(anonymous_23)
FNF:24
FNH:0
FNDA:0,(anonymous_0)
FNDA:0,(anonymous_1)
FNDA:0,(anonymous_2)
FNDA:0,(anonymous_3)
FNDA:0,(anonymous_4)
FNDA:0,(anonymous_5)
FNDA:0,(anonymous_6)
FNDA:0,(anonymous_7)
FNDA:0,(anonymous_8)
FNDA:0,(anonymous_9)
FNDA:0,(anonymous_10)
FNDA:0,(anonymous_11)
FNDA:0,(anonymous_12)
FNDA:0,(anonymous_13)
FNDA:0,(anonymous_14)
FNDA:0,(anonymous_15)
FNDA:0,(anonymous_16)
FNDA:0,(anonymous_17)
FNDA:0,(anonymous_18)
FNDA:0,(anonymous_19)
FNDA:0,(anonymous_20)
FNDA:0,(anonymous_21)
FNDA:0,(anonymous_22)
FNDA:0,(anonymous_23)
DA:10,1
DA:17,0
DA:19,0
DA:22,0
DA:25,0
DA:26,0
DA:29,0
DA:31,0
DA:34,0
DA:36,0
DA:42,0
DA:43,0
DA:44,0
DA:45,0
DA:46,0
DA:47,0
DA:53,0
DA:55,0
DA:56,0
DA:58,0
DA:60,0
DA:61,0
DA:63,0
DA:64,0
DA:65,0
DA:71,0
DA:72,0
DA:73,0
DA:75,0
DA:79,0
DA:80,0
DA:81,0
DA:87,0
DA:88,0
DA:89,0
DA:95,0
DA:96,0
DA:98,0
DA:99,0
DA:101,0
DA:102,0
DA:105,0
DA:106,0
DA:111,0
DA:117,0
DA:118,0
DA:119,0
DA:121,0
DA:124,0
DA:125,0
DA:127,0
DA:128,0
DA:129,0
DA:140,0
DA:141,0
DA:144,0
DA:147,0
DA:148,0
DA:149,0
DA:151,0
DA:158,0
DA:159,0
DA:160,0
DA:164,0
DA:165,0
DA:166,0
DA:167,0
DA:168,0
DA:169,0
DA:170,0
DA:171,0
DA:172,0
DA:173,0
DA:174,0
DA:175,0
DA:176,0
DA:179,0
DA:181,0
DA:182,0
DA:183,0
DA:184,0
DA:185,0
DA:186,0
DA:187,0
DA:190,0
DA:192,0
DA:196,0
DA:197,0
DA:198,0
DA:199,0
DA:200,0
DA:201,0
DA:202,0
DA:205,0
DA:206,0
DA:207,0
DA:208,0
DA:209,0
DA:210,0
DA:213,0
DA:214,0
DA:215,0
DA:216,0
DA:217,0
DA:221,0
DA:222,0
DA:223,0
DA:224,0
DA:225,0
DA:227,0
DA:228,0
DA:229,0
DA:230,0
DA:231,0
DA:232,0
DA:236,0
DA:237,0
DA:238,0
DA:239,0
DA:240,0
DA:241,0
DA:246,0
DA:247,0
DA:248,0
DA:249,0
DA:250,0
DA:252,0
DA:253,0
DA:255,0
DA:257,0
DA:258,0
DA:259,0
DA:260,0
DA:261,0
DA:263,0
DA:264,0
DA:266,0
DA:269,0
DA:270,0
DA:271,0
DA:272,0
DA:273,0
DA:274,0
DA:275,0
DA:281,0
DA:282,0
DA:290,0
DA:292,0
DA:293,0
DA:294,0
DA:296,0
DA:305,0
DA:306,0
DA:307,0
DA:308,0
DA:311,0
DA:312,0
DA:313,0
DA:314,0
DA:315,0
DA:318,0
DA:319,0
DA:322,0
DA:327,0
DA:329,0
DA:330,0
DA:331,0
DA:334,0
DA:335,0
DA:336,0
DA:338,0
DA:339,0
DA:341,0
DA:342,0
DA:343,0
DA:344,0
DA:345,0
DA:347,0
DA:348,0
DA:349,0
DA:351,0
DA:355,0
DA:357,0
DA:359,0
DA:360,0
DA:361,0
DA:365,0
DA:366,0
DA:367,0
DA:370,0
DA:371,0
DA:375,0
DA:378,0
DA:379,0
DA:380,0
DA:381,0
DA:383,0
DA:384,0
DA:387,0
DA:388,0
DA:389,0
DA:400,0
DA:403,0
DA:404,0
DA:405,0
DA:406,0
DA:408,0
DA:409,0
DA:412,0
DA:417,0
DA:418,0
DA:420,0
DA:422,0
DA:424,0
DA:425,0
DA:428,0
DA:429,0
DA:431,0
DA:434,0
DA:436,0
DA:437,0
DA:441,0
DA:444,0
DA:446,0
DA:448,0
DA:450,0
DA:451,0
DA:452,0
DA:453,0
DA:456,0
DA:457,0
DA:458,0
DA:459,0
DA:460,0
DA:461,0
DA:462,0
DA:466,0
DA:467,0
DA:468,0
DA:472,0
DA:474,0
DA:478,0
DA:479,0
DA:482,0
DA:483,0
DA:484,0
DA:487,0
DA:488,0
DA:489,0
DA:491,0
DA:492,0
DA:493,0
DA:494,0
DA:496,0
DA:497,0
DA:498,0
DA:503,0
DA:504,0
DA:506,0
DA:507,0
DA:512,0
DA:516,0
DA:520,0
DA:527,0
DA:530,0
DA:531,0
DA:533,0
DA:536,0
DA:553,0
DA:554,0
DA:556,0
DA:557,0
DA:559,0
DA:575,0
DA:576,0
DA:578,0
DA:579,0
DA:583,0
DA:585,0
DA:586,0
DA:588,0
DA:590,0
DA:597,0
DA:598,0
DA:609,0
DA:610,0
DA:612,0
DA:613,0
DA:616,0
DA:617,0
DA:619,0
DA:620,0
DA:623,0
DA:628,0
DA:629,0
DA:640,0
DA:641,0
DA:643,0
DA:644,0
DA:647,0
DA:648,0
DA:651,0
DA:654,0
DA:656,0
DA:657,0
DA:661,0
DA:662,0
DA:665,0
DA:670,0
DA:675,0
DA:676,0
LF:311
LH:1
BRDA:17,0,0,0
BRDA:17,0,1,0
BRDA:22,1,0,0
BRDA:22,1,1,0
BRDA:22,2,0,0
BRDA:22,2,1,0
BRDA:22,2,2,0
BRDA:22,2,3,0
BRDA:22,2,4,0
BRDA:22,2,5,0
BRDA:34,3,0,0
BRDA:34,3,1,0
BRDA:44,4,0,0
BRDA:44,4,1,0
BRDA:44,5,0,0
BRDA:44,5,1,0
BRDA:44,5,2,0
BRDA:46,6,0,0
BRDA:46,6,1,0
BRDA:53,7,0,0
BRDA:53,7,1,0
BRDA:58,8,0,0
BRDA:58,8,1,0
BRDA:58,9,0,0
BRDA:58,9,1,0
BRDA:61,10,0,0
BRDA:61,10,1,0
BRDA:63,11,0,0
BRDA:63,11,1,0
BRDA:63,12,0,0
BRDA:63,12,1,0
BRDA:65,13,0,0
BRDA:65,13,1,0
BRDA:71,14,0,0
BRDA:71,14,1,0
BRDA:75,15,0,0
BRDA:75,15,1,0
BRDA:75,16,0,0
BRDA:75,16,1,0
BRDA:75,16,2,0
BRDA:75,16,3,0
BRDA:75,16,4,0
BRDA:75,16,5,0
BRDA:75,16,6,0
BRDA:75,16,7,0
BRDA:80,17,0,0
BRDA:80,17,1,0
BRDA:87,18,0,0
BRDA:87,18,1,0
BRDA:95,19,0,0
BRDA:95,19,1,0
BRDA:96,20,0,0
BRDA:96,20,1,0
BRDA:98,21,0,0
BRDA:98,21,1,0
BRDA:101,22,0,0
BRDA:101,22,1,0
BRDA:105,23,0,0
BRDA:105,23,1,0
BRDA:117,24,0,0
BRDA:117,24,1,0
BRDA:118,25,0,0
BRDA:118,25,1,0
BRDA:165,26,0,0
BRDA:165,26,1,0
BRDA:167,27,0,0
BRDA:167,27,1,0
BRDA:167,28,0,0
BRDA:167,28,1,0
BRDA:167,28,2,0
BRDA:169,29,0,0
BRDA:169,29,1,0
BRDA:169,30,0,0
BRDA:169,30,1,0
BRDA:171,31,0,0
BRDA:171,31,1,0
BRDA:171,32,0,0
BRDA:171,32,1,0
BRDA:173,33,0,0
BRDA:173,33,1,0
BRDA:173,34,0,0
BRDA:173,34,1,0
BRDA:173,34,2,0
BRDA:175,35,0,0
BRDA:175,35,1,0
BRDA:175,36,0,0
BRDA:175,36,1,0
BRDA:175,36,2,0
BRDA:182,37,0,0
BRDA:182,37,1,0
BRDA:182,38,0,0
BRDA:182,38,1,0
BRDA:185,39,0,0
BRDA:185,39,1,0
BRDA:197,40,0,0
BRDA:197,40,1,0
BRDA:198,41,0,0
BRDA:198,41,1,0
BRDA:199,42,0,0
BRDA:199,42,1,0
BRDA:200,43,0,0
BRDA:200,43,1,0
BRDA:201,44,0,0
BRDA:201,44,1,0
BRDA:206,45,0,0
BRDA:206,45,1,0
BRDA:207,46,0,0
BRDA:207,46,1,0
BRDA:208,47,0,0
BRDA:208,47,1,0
BRDA:209,48,0,0
BRDA:209,48,1,0
BRDA:214,49,0,0
BRDA:214,49,1,0
BRDA:215,50,0,0
BRDA:215,50,1,0
BRDA:216,51,0,0
BRDA:216,51,1,0
BRDA:217,52,0,0
BRDA:217,52,1,0
BRDA:222,53,0,0
BRDA:222,53,1,0
BRDA:223,54,0,0
BRDA:223,54,1,0
BRDA:225,55,0,0
BRDA:225,55,1,0
BRDA:227,56,0,0
BRDA:227,56,1,0
BRDA:230,57,0,0
BRDA:230,57,1,0
BRDA:231,58,0,0
BRDA:231,58,1,0
BRDA:232,59,0,0
BRDA:232,59,1,0
BRDA:237,60,0,0
BRDA:237,60,1,0
BRDA:238,61,0,0
BRDA:238,61,1,0
BRDA:239,62,0,0
BRDA:239,62,1,0
BRDA:240,63,0,0
BRDA:240,63,1,0
BRDA:247,64,0,0
BRDA:247,64,1,0
BRDA:250,65,0,0
BRDA:250,65,1,0
BRDA:253,66,0,0
BRDA:253,66,1,0
BRDA:258,67,0,0
BRDA:258,67,1,0
BRDA:261,68,0,0
BRDA:261,68,1,0
BRDA:264,69,0,0
BRDA:264,69,1,0
BRDA:269,70,0,0
BRDA:269,70,1,0
BRDA:269,70,2,0
BRDA:270,71,0,0
BRDA:270,71,1,0
BRDA:273,72,0,0
BRDA:273,72,1,0
BRDA:305,73,0,0
BRDA:327,74,0,0
BRDA:327,74,1,0
BRDA:335,75,0,0
BRDA:335,75,1,0
BRDA:341,76,0,0
BRDA:341,76,1,0
BRDA:341,77,0,0
BRDA:341,77,1,0
BRDA:345,78,0,0
BRDA:345,78,1,0
BRDA:370,79,0,0
BRDA:370,79,1,0
BRDA:370,80,0,0
BRDA:370,80,1,0
BRDA:387,81,0,0
BRDA:387,81,1,0
BRDA:387,82,0,0
BRDA:387,82,1,0
BRDA:400,83,0,0
BRDA:400,83,1,0
BRDA:404,84,0,0
BRDA:404,84,1,0
BRDA:422,85,0,0
BRDA:422,85,1,0
BRDA:429,86,0,0
BRDA:429,86,1,0
BRDA:450,87,0,0
BRDA:450,87,1,0
BRDA:457,88,0,0
BRDA:457,88,1,0
BRDA:460,89,0,0
BRDA:460,89,1,0
BRDA:460,90,0,0
BRDA:460,90,1,0
BRDA:468,91,0,0
BRDA:468,91,1,0
BRDA:491,92,0,0
BRDA:491,92,1,0
BRDA:491,93,0,0
BRDA:491,93,1,0
BRDA:538,94,0,0
BRDA:538,94,1,0
BRDA:576,95,0,0
BRDA:578,96,0,0
BRDA:578,96,1,0
BRDA:578,97,0,0
BRDA:578,97,1,0
BRDA:583,98,0,0
BRDA:583,98,1,0
BRDA:612,99,0,0
BRDA:612,99,1,0
BRDA:619,100,0,0
BRDA:619,100,1,0
BRDA:643,101,0,0
BRDA:643,101,1,0
BRDA:647,102,0,0
BRDA:647,102,1,0
BRDA:656,103,0,0
BRDA:656,103,1,0
BRF:221
BRH:0
end_of_record
TN:
SF:middlewares/errorHandler.js
FN:13,(anonymous_0)
FN:76,(anonymous_1)
FN:85,(anonymous_2)
FN:88,(anonymous_3)
FN:91,(anonymous_4)
FN:94,(anonymous_5)
FN:97,(anonymous_6)
FN:100,(anonymous_7)
FN:103,(anonymous_8)
FNF:9
FNH:0
FNDA:0,(anonymous_0)
FNDA:0,(anonymous_1)
FNDA:0,(anonymous_2)
FNDA:0,(anonymous_3)
FNDA:0,(anonymous_4)
FNDA:0,(anonymous_5)
FNDA:0,(anonymous_6)
FNDA:0,(anonymous_7)
FNDA:0,(anonymous_8)
DA:13,1
DA:14,0
DA:17,0
DA:20,0
DA:21,0
DA:25,0
DA:26,0
DA:30,0
DA:40,0
DA:41,0
DA:44,0
DA:45,0
DA:51,0
DA:53,0
DA:54,0
DA:59,0
DA:66,0
DA:76,1
DA:77,0
DA:78,0
DA:79,0
DA:80,0
DA:84,1
DA:86,0
DA:89,0
DA:92,0
DA:95,0
DA:98,0
DA:101,0
DA:104,0
LF:30
LH:3
BRDA:17,0,0,0
BRDA:17,0,1,0
BRDA:20,1,0,0
BRDA:20,1,1,0
BRDA:25,2,0,0
BRDA:25,2,1,0
BRDA:25,3,0,0
BRDA:25,3,1,0
BRDA:33,4,0,0
BRDA:33,4,1,0
BRDA:34,5,0,0
BRDA:34,5,1,0
BRDA:35,6,0,0
BRDA:35,6,1,0
BRDA:40,7,0,0
BRDA:40,7,1,0
BRDA:44,8,0,0
BRDA:44,8,1,0
BRDA:51,9,0,0
BRDA:51,9,1,0
BRDA:53,10,0,0
BRDA:53,10,1,0
BRDA:76,11,0,0
BRDA:76,12,0,0
BRDA:85,13,0,0
BRDA:85,14,0,0
BRDA:88,15,0,0
BRDA:88,16,0,0
BRDA:91,17,0,0
BRDA:91,18,0,0
BRDA:94,19,0,0
BRDA:94,20,0,0
BRDA:97,21,0,0
BRDA:97,22,0,0
BRDA:100,23,0,0
BRDA:100,24,0,0
BRDA:103,25,0,0
BRDA:103,26,0,0
BRF:38
BRH:0
end_of_record
TN:
SF:middlewares/questionValidator.js
FN:5,(anonymous_0)
FN:19,(anonymous_1)
FNF:2
FNH:0
FNDA:0,(anonymous_0)
FNDA:0,(anonymous_1)
DA:5,2
DA:6,0
DA:8,0
DA:9,0
DA:16,0
DA:19,2
DA:20,0
DA:21,0
DA:24,0
DA:25,0
DA:28,0
DA:29,0
DA:33,0
DA:35,0
DA:48,0
DA:50,0
DA:51,0
DA:53,0
DA:54,0
DA:60,0
DA:65,0
DA:67,0
DA:68,0
LF:23
LH:2
BRDA:8,0,0,0
BRDA:8,0,1,0
BRDA:8,1,0,0
BRDA:8,1,1,0
BRDA:8,1,2,0
BRDA:24,2,0,0
BRDA:24,2,1,0
BRDA:28,3,0,0
BRDA:28,3,1,0
BRDA:33,4,0,0
BRDA:33,4,1,0
BRDA:53,5,0,0
BRDA:53,5,1,0
BRF:13
BRH:0
end_of_record
TN:
SF:models/Article.js
FN:14,(anonymous_0)
FN:46,(anonymous_1)
FN:65,(anonymous_2)
FN:71,(anonymous_3)
FN:91,(anonymous_4)
FN:97,(anonymous_5)
FN:101,(anonymous_6)
FN:121,(anonymous_7)
FN:129,(anonymous_8)
FN:137,(anonymous_9)
FN:141,(anonymous_10)
FN:153,(anonymous_11)
FN:158,(anonymous_12)
FN:173,(anonymous_13)
FN:177,(anonymous_14)
FNF:15
FNH:0
FNDA:0,(anonymous_0)
FNDA:0,(anonymous_1)
FNDA:0,(anonymous_2)
FNDA:0,(anonymous_3)
FNDA:0,(anonymous_4)
FNDA:0,(anonymous_5)
FNDA:0,(anonymous_6)
FNDA:0,(anonymous_7)
FNDA:0,(anonymous_8)
FNDA:0,(anonymous_9)
FNDA:0,(anonymous_10)
FNDA:0,(anonymous_11)
FNDA:0,(anonymous_12)
FNDA:0,(anonymous_13)
FNDA:0,(anonymous_14)
DA:15,0
DA:17,0
DA:18,0
DA:21,0
DA:24,0
DA:26,0
DA:27,0
DA:28,0
DA:29,0
DA:30,0
DA:31,0
DA:34,0
DA:35,0
DA:36,0
DA:37,0
DA:47,0
DA:49,0
DA:67,0
DA:70,0
DA:71,0
DA:73,0
DA:74,0
DA:80,0
DA:81,0
DA:87,0
DA:91,0
DA:95,0
DA:96,0
DA:97,0
DA:101,0
DA:105,0
DA:106,0
DA:107,0
DA:114,0
DA:122,0
DA:130,0
DA:138,0
DA:141,0
DA:154,0
DA:156,0
DA:158,0
DA:174,0
DA:175,0
DA:177,0
LF:44
LH:0
BRDA:15,0,0,0
BRDA:15,0,1,0
BRDA:17,1,0,0
BRDA:17,1,1,0
BRDA:18,2,0,0
BRDA:18,2,1,0
BRDA:21,3,0,0
BRDA:21,3,1,0
BRDA:26,4,0,0
BRDA:26,4,1,0
BRDA:26,4,2,0
BRDA:27,5,0,0
BRDA:27,5,1,0
BRDA:28,6,0,0
BRDA:28,6,1,0
BRDA:29,7,0,0
BRDA:29,7,1,0
BRDA:30,8,0,0
BRDA:30,8,1,0
BRDA:30,8,2,0
BRDA:31,9,0,0
BRDA:31,9,1,0
BRDA:34,10,0,0
BRDA:34,10,1,0
BRDA:35,11,0,0
BRDA:35,11,1,0
BRDA:47,12,0,0
BRDA:47,12,1,0
BRDA:67,13,0,0
BRDA:67,13,1,0
BRDA:70,14,0,0
BRDA:70,14,1,0
BRDA:73,15,0,0
BRDA:73,15,1,0
BRDA:73,16,0,0
BRDA:73,16,1,0
BRDA:73,16,2,0
BRDA:76,17,0,0
BRDA:76,17,1,0
BRDA:80,18,0,0
BRDA:80,18,1,0
BRDA:95,19,0,0
BRDA:95,19,1,0
BRDA:105,20,0,0
BRDA:105,20,1,0
BRDA:105,21,0,0
BRDA:105,21,1,0
BRDA:106,22,0,0
BRDA:106,22,1,0
BRDA:109,23,0,0
BRDA:109,23,1,0
BRDA:122,24,0,0
BRDA:122,24,1,0
BRDA:130,25,0,0
BRDA:130,25,1,0
BRDA:130,25,2,0
BRDA:142,26,0,0
BRDA:142,26,1,0
BRDA:154,27,0,0
BRDA:154,27,1,0
BRDA:158,28,0,0
BRDA:158,28,1,0
BRDA:160,29,0,0
BRDA:160,29,1,0
BRDA:163,30,0,0
BRDA:163,30,1,0
BRDA:174,31,0,0
BRDA:174,31,1,0
BRF:68
BRH:0
end_of_record
TN:
SF:models/iCite.js
FN:7,(anonymous_0)
FN:40,(anonymous_1)
FNF:2
FNH:0
FNDA:0,(anonymous_0)
FNDA:0,(anonymous_1)
DA:8,0
DA:9,0
DA:10,0
DA:11,0
DA:12,0
DA:13,0
DA:14,0
DA:15,0
DA:16,0
DA:17,0
DA:18,0
DA:19,0
DA:20,0
DA:21,0
DA:22,0
DA:23,0
DA:24,0
DA:25,0
DA:26,0
DA:27,0
DA:28,0
DA:29,0
DA:30,0
DA:31,0
DA:32,0
DA:33,0
DA:41,0
LF:27
LH:0
BRDA:8,0,0,0
BRDA:8,0,1,0
BRDA:9,1,0,0
BRDA:9,1,1,0
BRDA:10,2,0,0
BRDA:10,2,1,0
BRDA:11,3,0,0
BRDA:11,3,1,0
BRDA:12,4,0,0
BRDA:12,4,1,0
BRDA:13,5,0,0
BRDA:13,5,1,0
BRDA:14,6,0,0
BRDA:14,6,1,0
BRDA:15,7,0,0
BRDA:15,7,1,0
BRDA:16,8,0,0
BRDA:16,8,1,0
BRDA:17,9,0,0
BRDA:17,9,1,0
BRDA:18,10,0,0
BRDA:18,10,1,0
BRDA:19,11,0,0
BRDA:19,11,1,0
BRDA:20,12,0,0
BRDA:20,12,1,0
BRDA:21,13,0,0
BRDA:21,13,1,0
BRDA:22,14,0,0
BRDA:22,14,1,0
BRDA:23,15,0,0
BRDA:23,15,1,0
BRDA:24,16,0,0
BRDA:24,16,1,0
BRDA:25,17,0,0
BRDA:25,17,1,0
BRDA:26,18,0,0
BRDA:26,18,1,0
BRDA:27,19,0,0
BRDA:27,19,1,0
BRDA:28,20,0,0
BRDA:28,20,1,0
BRDA:29,21,0,0
BRDA:29,21,1,0
BRDA:30,22,0,0
BRDA:30,22,1,0
BRDA:31,23,0,0
BRDA:31,23,1,0
BRDA:32,24,0,0
BRDA:32,24,1,0
BRDA:33,25,0,0
BRDA:33,25,1,0
BRF:52
BRH:0
end_of_record
TN:
SF:routes/claude.route.js
FNF:0
FNH:0
DA:7,1
DA:14,1
DA:21,1
DA:28,1
DA:35,1
DA:42,1
DA:45,1
DA:46,1
DA:47,1
LF:9
LH:9
BRF:0
BRH:0
end_of_record
TN:
SF:routes/icite.route.js
FNF:0
FNH:0
DA:4,1
DA:11,1
DA:18,1
LF:3
LH:3
BRF:0
BRH:0
end_of_record
TN:
SF:routes/scientificQuery.route.js
FNF:0
FNH:0
DA:8,1
DA:15,1
DA:22,1
DA:29,1
DA:36,1
LF:5
LH:5
BRF:0
BRH:0
end_of_record
TN:
SF:services/claudeService.js
FN:15,logInfo
FN:30,logError
FN:39,(anonymous_2)
FN:62,(anonymous_3)
FN:179,(anonymous_4)
FN:309,(anonymous_5)
FN:363,(anonymous_6)
FN:384,(anonymous_7)
FN:488,(anonymous_8)
FN:498,(anonymous_9)
FN:521,(anonymous_10)
FN:563,(anonymous_11)
FN:586,(anonymous_12)
FN:592,(anonymous_13)
FN:615,(anonymous_14)
FN:651,(anonymous_15)
FN:664,(anonymous_16)
FN:665,(anonymous_17)
FN:666,(anonymous_18)
FN:682,(anonymous_19)
FN:700,(anonymous_20)
FN:725,(anonymous_21)
FN:742,(anonymous_22)
FN:743,(anonymous_23)
FN:744,(anonymous_24)
FN:755,(anonymous_25)
FN:781,(anonymous_26)
FNF:27
FNH:10
FNDA:14,logInfo
FNDA:0,logError
FNDA:3,(anonymous_2)
FNDA:1,(anonymous_3)
FNDA:0,(anonymous_4)
FNDA:0,(anonymous_5)
FNDA:0,(anonymous_6)
FNDA:0,(anonymous_7)
FNDA:0,(anonymous_8)
FNDA:0,(anonymous_9)
FNDA:0,(anonymous_10)
FNDA:0,(anonymous_11)
FNDA:0,(anonymous_12)
FNDA:0,(anonymous_13)
FNDA:0,(anonymous_14)
FNDA:0,(anonymous_15)
FNDA:0,(anonymous_16)
FNDA:0,(anonymous_17)
FNDA:0,(anonymous_18)
FNDA:1,(anonymous_19)
FNDA:3,(anonymous_20)
FNDA:3,(anonymous_21)
FNDA:2,(anonymous_22)
FNDA:2,(anonymous_23)
FNDA:2,(anonymous_24)
FNDA:3,(anonymous_25)
FNDA:0,(anonymous_26)
DA:16,14
DA:17,14
DA:18,14
DA:19,0
DA:31,0
DA:32,0
DA:33,0
DA:34,0
DA:40,3
DA:43,3
DA:46,3
DA:48,3
DA:49,3
DA:50,0
DA:63,1
DA:65,1
DA:66,0
DA:67,0
DA:68,0
DA:71,1
DA:72,0
DA:73,0
DA:74,0
DA:78,1
DA:79,1
DA:81,1
DA:82,1
DA:83,1
DA:85,1
DA:87,1
DA:89,1
DA:102,1
DA:104,1
DA:107,1
DA:116,1
DA:117,1
DA:119,1
DA:121,1
DA:126,1
DA:127,1
DA:130,1
DA:131,1
DA:134,1
DA:136,0
DA:137,0
DA:138,0
DA:141,0
DA:142,0
DA:145,0
DA:147,0
DA:148,0
DA:149,0
DA:150,0
DA:151,0
DA:152,0
DA:153,0
DA:154,0
DA:156,0
DA:159,0
DA:162,0
DA:163,0
DA:170,0
DA:180,0
DA:182,0
DA:183,0
DA:184,0
DA:185,0
DA:188,0
DA:191,0
DA:273,0
DA:274,0
DA:275,0
DA:276,0
DA:277,0
DA:278,0
DA:281,0
DA:284,0
DA:291,0
DA:292,0
DA:293,0
DA:294,0
DA:295,0
DA:296,0
DA:301,0
DA:302,0
DA:304,0
DA:305,0
DA:307,0
DA:309,0
DA:310,0
DA:312,0
DA:313,0
DA:314,0
DA:318,0
DA:323,0
DA:324,0
DA:325,0
DA:326,0
DA:328,0
DA:332,0
DA:333,0
DA:334,0
DA:338,0
DA:342,0
DA:343,0
DA:347,0
DA:352,0
DA:353,0
DA:364,0
DA:366,0
DA:367,0
DA:368,0
DA:369,0
DA:372,0
DA:373,0
DA:374,0
DA:375,0
DA:378,0
DA:379,0
DA:381,0
DA:382,0
DA:383,0
DA:384,0
DA:385,0
DA:386,0
DA:389,0
DA:394,0
DA:484,0
DA:486,0
DA:487,0
DA:488,0
DA:490,0
DA:491,0
DA:492,0
DA:493,0
DA:496,0
DA:497,0
DA:498,0
DA:499,0
DA:500,0
DA:501,0
DA:502,0
DA:503,0
DA:505,0
DA:506,0
DA:510,0
DA:511,0
DA:522,0
DA:524,0
DA:525,0
DA:526,0
DA:527,0
DA:530,0
DA:531,0
DA:532,0
DA:533,0
DA:536,0
DA:539,0
DA:540,0
DA:542,0
DA:544,0
DA:549,0
DA:550,0
DA:552,0
DA:553,0
DA:564,0
DA:566,0
DA:567,0
DA:568,0
DA:569,0
DA:572,0
DA:573,0
DA:574,0
DA:575,0
DA:578,0
DA:579,0
DA:582,0
DA:583,0
DA:586,0
DA:587,0
DA:589,0
DA:590,0
DA:591,0
DA:592,0
DA:595,0
DA:598,0
DA:600,0
DA:601,0
DA:607,0
DA:610,0
DA:612,0
DA:615,0
DA:617,0
DA:618,0
DA:619,0
DA:620,0
DA:627,0
DA:628,0
DA:636,0
DA:645,0
DA:646,0
DA:649,0
DA:650,0
DA:651,0
DA:652,0
DA:656,0
DA:657,0
DA:659,0
DA:662,0
DA:663,0
DA:664,0
DA:665,0
DA:666,0
DA:668,0
DA:669,0
DA:671,0
DA:683,1
DA:684,1
DA:686,1
DA:687,0
DA:688,0
DA:691,1
DA:692,0
DA:693,0
DA:694,0
DA:697,1
DA:700,1
DA:701,3
DA:708,1
DA:725,3
DA:734,1
DA:736,1
DA:737,1
DA:740,1
DA:742,2
DA:743,2
DA:744,2
DA:746,1
DA:747,0
DA:748,0
DA:749,0
DA:752,1
DA:755,1
DA:756,3
DA:758,1
DA:761,1
DA:762,0
DA:763,0
DA:766,1
DA:768,0
DA:769,0
DA:782,0
LF:252
LH:54
BRDA:15,0,0,14
BRDA:18,1,0,0
BRDA:18,1,1,14
BRDA:20,2,0,0
BRDA:20,2,1,0
BRDA:30,3,0,0
BRDA:33,4,0,0
BRDA:33,4,1,0
BRDA:49,5,0,0
BRDA:49,5,1,3
BRDA:62,6,0,1
BRDA:65,7,0,0
BRDA:65,7,1,1
BRDA:71,8,0,0
BRDA:71,8,1,1
BRDA:78,9,0,1
BRDA:78,9,1,1
BRDA:79,10,0,1
BRDA:79,10,1,1
BRDA:121,11,0,1
BRDA:121,11,1,0
BRDA:121,12,0,1
BRDA:121,12,1,1
BRDA:121,12,2,1
BRDA:121,12,3,1
BRDA:130,13,0,1
BRDA:130,13,1,0
BRDA:147,14,0,0
BRDA:147,14,1,0
BRDA:149,15,0,0
BRDA:149,15,1,0
BRDA:149,16,0,0
BRDA:149,16,1,0
BRDA:151,17,0,0
BRDA:151,17,1,0
BRDA:151,18,0,0
BRDA:151,18,1,0
BRDA:153,19,0,0
BRDA:153,19,1,0
BRDA:153,20,0,0
BRDA:153,20,1,0
BRDA:162,21,0,0
BRDA:162,21,1,0
BRDA:182,22,0,0
BRDA:182,22,1,0
BRDA:188,23,0,0
BRDA:188,23,1,0
BRDA:293,24,0,0
BRDA:293,24,1,0
BRDA:293,25,0,0
BRDA:293,25,1,0
BRDA:293,25,2,0
BRDA:295,26,0,0
BRDA:295,26,1,0
BRDA:301,27,0,0
BRDA:301,27,1,0
BRDA:307,28,0,0
BRDA:307,28,1,0
BRDA:307,29,0,0
BRDA:307,29,1,0
BRDA:310,30,0,0
BRDA:310,30,1,0
BRDA:312,31,0,0
BRDA:312,31,1,0
BRDA:312,32,0,0
BRDA:312,32,1,0
BRDA:314,33,0,0
BRDA:314,33,1,0
BRDA:323,34,0,0
BRDA:323,34,1,0
BRDA:328,35,0,0
BRDA:328,35,1,0
BRDA:328,36,0,0
BRDA:328,36,1,0
BRDA:328,36,2,0
BRDA:328,36,3,0
BRDA:328,36,4,0
BRDA:328,36,5,0
BRDA:328,36,6,0
BRDA:328,36,7,0
BRDA:333,37,0,0
BRDA:333,37,1,0
BRDA:342,38,0,0
BRDA:342,38,1,0
BRDA:348,39,0,0
BRDA:348,39,1,0
BRDA:366,40,0,0
BRDA:366,40,1,0
BRDA:372,41,0,0
BRDA:372,41,1,0
BRDA:378,42,0,0
BRDA:378,42,1,0
BRDA:378,43,0,0
BRDA:378,43,1,0
BRDA:378,44,0,0
BRDA:378,44,1,0
BRDA:379,45,0,0
BRDA:379,45,1,0
BRDA:383,46,0,0
BRDA:383,46,1,0
BRDA:384,47,0,0
BRDA:384,47,1,0
BRDA:385,48,0,0
BRDA:385,48,1,0
BRDA:389,49,0,0
BRDA:389,49,1,0
BRDA:389,50,0,0
BRDA:389,50,1,0
BRDA:404,51,0,0
BRDA:404,51,1,0
BRDA:405,52,0,0
BRDA:405,52,1,0
BRDA:496,53,0,0
BRDA:496,53,1,0
BRDA:496,54,0,0
BRDA:496,54,1,0
BRDA:524,55,0,0
BRDA:524,55,1,0
BRDA:530,56,0,0
BRDA:530,56,1,0
BRDA:530,57,0,0
BRDA:530,57,1,0
BRDA:530,57,2,0
BRDA:536,58,0,0
BRDA:536,58,1,0
BRDA:566,59,0,0
BRDA:566,59,1,0
BRDA:566,60,0,0
BRDA:566,60,1,0
BRDA:566,60,2,0
BRDA:572,61,0,0
BRDA:572,61,1,0
BRDA:579,62,0,0
BRDA:579,62,1,0
BRDA:589,63,0,0
BRDA:589,63,1,0
BRDA:595,64,0,0
BRDA:595,64,1,0
BRDA:610,65,0,0
BRDA:610,65,1,0
BRDA:610,66,0,0
BRDA:610,66,1,0
BRDA:610,66,2,0
BRDA:610,66,3,0
BRDA:610,66,4,0
BRDA:664,67,0,0
BRDA:664,67,1,0
BRDA:682,68,0,0
BRDA:684,69,0,1
BRDA:684,69,1,0
BRDA:686,70,0,0
BRDA:686,70,1,1
BRDA:686,71,0,1
BRDA:686,71,1,1
BRDA:686,71,2,1
BRDA:691,72,0,0
BRDA:691,72,1,1
BRDA:703,73,0,3
BRDA:703,73,1,0
BRDA:746,74,0,0
BRDA:746,74,1,1
BRDA:761,75,0,0
BRDA:761,75,1,1
BRDA:781,76,0,0
BRF:164
BRH:25
end_of_record
TN:
SF:services/iciteService.js
FN:6,(anonymous_0)
FN:15,(anonymous_1)
FN:23,(anonymous_2)
FNF:3
FNH:1
FNDA:1,(anonymous_0)
FNDA:0,(anonymous_1)
FNDA:0,(anonymous_2)
DA:7,1
DA:16,0
DA:17,0
DA:18,0
DA:19,0
DA:20,0
DA:21,0
DA:22,0
DA:23,0
DA:24,0
DA:26,0
DA:29,0
DA:30,0
LF:13
LH:1
BRDA:16,0,0,0
BRDA:16,0,1,0
BRDA:17,1,0,0
BRDA:17,1,1,0
BRDA:22,2,0,0
BRDA:22,2,1,0
BRDA:22,3,0,0
BRDA:22,3,1,0
BRDA:24,4,0,0
BRDA:24,4,1,0
BRF:10
BRH:0
end_of_record
TN:
SF:services/pubmedService.js
FN:9,(anonymous_0)
FN:21,(anonymous_1)
FN:107,(anonymous_2)
FN:148,(anonymous_3)
FN:159,(anonymous_4)
FN:200,(anonymous_5)
FN:240,(anonymous_6)
FN:249,(anonymous_7)
FN:278,(anonymous_8)
FN:317,(anonymous_9)
FN:337,(anonymous_10)
FN:343,(anonymous_11)
FN:363,(anonymous_12)
FN:369,(anonymous_13)
FN:373,(anonymous_14)
FN:404,(anonymous_15)
FN:416,(anonymous_16)
FN:475,(anonymous_17)
FN:496,(anonymous_18)
FN:512,(anonymous_19)
FN:516,(anonymous_20)
FN:528,(anonymous_21)
FN:533,(anonymous_22)
FNF:23
FNH:1
FNDA:1,(anonymous_0)
FNDA:0,(anonymous_1)
FNDA:0,(anonymous_2)
FNDA:0,(anonymous_3)
FNDA:0,(anonymous_4)
FNDA:0,(anonymous_5)
FNDA:0,(anonymous_6)
FNDA:0,(anonymous_7)
FNDA:0,(anonymous_8)
FNDA:0,(anonymous_9)
FNDA:0,(anonymous_10)
FNDA:0,(anonymous_11)
FNDA:0,(anonymous_12)
FNDA:0,(anonymous_13)
FNDA:0,(anonymous_14)
FNDA:0,(anonymous_15)
FNDA:0,(anonymous_16)
FNDA:0,(anonymous_17)
FNDA:0,(anonymous_18)
FNDA:0,(anonymous_19)
FNDA:0,(anonymous_20)
FNDA:0,(anonymous_21)
FNDA:0,(anonymous_22)
DA:10,1
DA:11,1
DA:12,1
DA:22,0
DA:23,0
DA:24,0
DA:25,0
DA:28,0
DA:29,0
DA:30,0
DA:39,0
DA:41,0
DA:42,0
DA:43,0
DA:44,0
DA:46,0
DA:47,0
DA:48,0
DA:49,0
DA:51,0
DA:55,0
DA:56,0
DA:57,0
DA:59,0
DA:60,0
DA:62,0
DA:63,0
DA:64,0
DA:65,0
DA:69,0
DA:70,0
DA:71,0
DA:78,0
DA:80,0
DA:81,0
DA:82,0
DA:83,0
DA:85,0
DA:86,0
DA:87,0
DA:88,0
DA:90,0
DA:93,0
DA:94,0
DA:95,0
DA:96,0
DA:99,0
DA:100,0
DA:103,0
DA:106,0
DA:108,0
DA:109,0
DA:110,0
DA:111,0
DA:112,0
DA:113,0
DA:117,0
DA:118,0
DA:125,0
DA:127,0
DA:128,0
DA:129,0
DA:130,0
DA:132,0
DA:133,0
DA:134,0
DA:135,0
DA:137,0
DA:141,0
DA:142,0
DA:143,0
DA:146,0
DA:147,0
DA:149,0
DA:150,0
DA:154,0
DA:157,0
DA:159,0
DA:169,0
DA:171,0
DA:172,0
DA:174,0
DA:175,0
DA:181,0
DA:182,0
DA:183,0
DA:185,0
DA:187,0
DA:188,0
DA:189,0
DA:190,0
DA:191,0
DA:201,0
DA:202,0
DA:205,0
DA:206,0
DA:213,0
DA:215,0
DA:216,0
DA:217,0
DA:220,0
DA:223,0
DA:224,0
DA:231,0
DA:234,0
DA:235,0
DA:238,0
DA:239,0
DA:241,0
DA:242,0
DA:247,0
DA:249,0
DA:259,0
DA:261,0
DA:262,0
DA:264,0
DA:266,0
DA:267,0
DA:268,0
DA:279,0
DA:282,0
DA:293,0
DA:303,0
DA:304,0
DA:305,0
DA:308,0
DA:318,0
DA:321,0
DA:339,0
DA:342,0
DA:343,0
DA:345,0
DA:346,0
DA:352,0
DA:353,0
DA:359,0
DA:363,0
DA:367,0
DA:368,0
DA:369,0
DA:373,0
DA:377,0
DA:379,0
DA:380,0
DA:384,0
DA:385,0
DA:392,0
DA:393,0
DA:394,0
DA:396,0
DA:403,0
DA:404,0
DA:408,0
DA:417,0
DA:418,0
DA:421,0
DA:424,0
DA:425,0
DA:427,0
DA:428,0
DA:429,0
DA:433,0
DA:434,0
DA:437,0
DA:438,0
DA:439,0
DA:440,0
DA:442,0
DA:443,0
DA:444,0
DA:445,0
DA:446,0
DA:447,0
DA:448,0
DA:449,0
DA:451,0
DA:452,0
DA:462,0
DA:463,0
DA:465,0
DA:466,0
DA:476,0
DA:477,0
DA:478,0
DA:481,0
DA:484,0
DA:485,0
DA:486,0
DA:488,0
DA:489,0
DA:492,0
DA:494,0
DA:495,0
DA:496,0
DA:498,0
DA:499,0
DA:500,0
DA:503,0
DA:504,0
DA:505,0
DA:507,0
DA:508,0
DA:509,0
DA:510,0
DA:512,0
DA:516,0
DA:517,0
DA:518,0
DA:527,0
DA:528,0
DA:531,0
DA:533,0
DA:541,0
DA:542,0
DA:544,0
DA:545,0
LF:216
LH:3
BRDA:21,0,0,0
BRDA:48,1,0,0
BRDA:48,1,1,0
BRDA:56,2,0,0
BRDA:56,2,1,0
BRDA:62,3,0,0
BRDA:62,3,1,0
BRDA:87,4,0,0
BRDA:87,4,1,0
BRDA:93,5,0,0
BRDA:93,5,1,0
BRDA:111,6,0,0
BRDA:111,6,1,0
BRDA:134,7,0,0
BRDA:134,7,1,0
BRDA:142,8,0,0
BRDA:142,8,1,0
BRDA:147,9,0,0
BRDA:147,9,1,0
BRDA:150,10,0,0
BRDA:150,10,1,0
BRDA:159,11,0,0
BRDA:159,11,1,0
BRDA:162,12,0,0
BRDA:162,12,1,0
BRDA:165,13,0,0
BRDA:165,13,1,0
BRDA:191,14,0,0
BRDA:191,14,1,0
BRDA:215,15,0,0
BRDA:215,15,1,0
BRDA:215,16,0,0
BRDA:215,16,1,0
BRDA:235,17,0,0
BRDA:235,17,1,0
BRDA:239,18,0,0
BRDA:239,18,1,0
BRDA:242,19,0,0
BRDA:242,19,1,0
BRDA:249,20,0,0
BRDA:249,20,1,0
BRDA:252,21,0,0
BRDA:252,21,1,0
BRDA:255,22,0,0
BRDA:255,22,1,0
BRDA:279,23,0,0
BRDA:279,23,1,0
BRDA:293,24,0,0
BRDA:293,24,1,0
BRDA:293,24,2,0
BRDA:293,24,3,0
BRDA:293,24,4,0
BRDA:293,24,5,0
BRDA:293,24,6,0
BRDA:303,25,0,0
BRDA:303,25,1,0
BRDA:305,26,0,0
BRDA:305,26,1,0
BRDA:318,27,0,0
BRDA:318,27,1,0
BRDA:339,28,0,0
BRDA:339,28,1,0
BRDA:342,29,0,0
BRDA:342,29,1,0
BRDA:345,30,0,0
BRDA:345,30,1,0
BRDA:345,31,0,0
BRDA:345,31,1,0
BRDA:345,31,2,0
BRDA:348,32,0,0
BRDA:348,32,1,0
BRDA:352,33,0,0
BRDA:352,33,1,0
BRDA:360,34,0,0
BRDA:360,34,1,0
BRDA:363,35,0,0
BRDA:363,35,1,0
BRDA:367,36,0,0
BRDA:367,36,1,0
BRDA:377,37,0,0
BRDA:377,37,1,0
BRDA:377,38,0,0
BRDA:377,38,1,0
BRDA:377,38,2,0
BRDA:379,39,0,0
BRDA:379,39,1,0
BRDA:379,40,0,0
BRDA:379,40,1,0
BRDA:384,41,0,0
BRDA:384,41,1,0
BRDA:387,42,0,0
BRDA:387,42,1,0
BRDA:394,43,0,0
BRDA:394,43,1,0
BRDA:394,44,0,0
BRDA:394,44,1,0
BRDA:394,44,2,0
BRDA:394,44,3,0
BRDA:403,45,0,0
BRDA:403,45,1,0
BRDA:404,46,0,0
BRDA:404,46,1,0
BRDA:427,47,0,0
BRDA:427,47,1,0
BRDA:427,48,0,0
BRDA:427,48,1,0
BRDA:451,49,0,0
BRDA:451,49,1,0
BRDA:451,50,0,0
BRDA:451,50,1,0
BRDA:456,51,0,0
BRDA:456,51,1,0
BRDA:456,52,0,0
BRDA:456,52,1,0
BRDA:456,53,0,0
BRDA:456,53,1,0
BRDA:477,54,0,0
BRDA:477,54,1,0
BRDA:477,55,0,0
BRDA:477,55,1,0
BRDA:510,56,0,0
BRDA:510,56,1,0
BRDA:517,57,0,0
BRDA:517,57,1,0
BRDA:527,58,0,0
BRDA:527,58,1,0
BRF:126
BRH:0
end_of_record
TN:
SF:utils/aiPrompts.js
FN:11,generateSynthesisPrompt
FN:13,(anonymous_1)
FN:18,(anonymous_2)
FNF:3
FNH:0
FNDA:0,generateSynthesisPrompt
FNDA:0,(anonymous_1)
FNDA:0,(anonymous_2)
DA:13,0
DA:15,0
DA:16,0
DA:18,0
DA:19,0
DA:20,0
DA:21,0
DA:22,0
DA:25,0
DA:37,0
LF:10
LH:0
BRDA:15,0,0,0
BRDA:15,0,1,0
BRDA:16,1,0,0
BRDA:16,1,1,0
BRDA:18,2,0,0
BRDA:18,2,1,0
BRDA:18,3,0,0
BRDA:18,3,1,0
BRDA:19,4,0,0
BRDA:19,4,1,0
BRDA:20,5,0,0
BRDA:20,5,1,0
BRDA:21,6,0,0
BRDA:21,6,1,0
BRDA:22,7,0,0
BRDA:22,7,1,0
BRDA:22,7,2,0
BRDA:31,8,0,0
BRDA:31,8,1,0
BRDA:32,9,0,0
BRDA:32,9,1,0
BRF:21
BRH:0
end_of_record
TN:
SF:utils/scientificQueryLogger.js
FN:12,(anonymous_0)
FN:24,(anonymous_1)
FN:43,(anonymous_2)
FN:74,(anonymous_3)
FN:96,(anonymous_4)
FN:108,(anonymous_5)
FNF:6
FNH:0
FNDA:0,(anonymous_0)
FNDA:0,(anonymous_1)
FNDA:0,(anonymous_2)
FNDA:0,(anonymous_3)
FNDA:0,(anonymous_4)
FNDA:0,(anonymous_5)
DA:6,1
DA:12,1
DA:13,0
DA:14,0
DA:15,0
DA:24,1
DA:25,0
DA:26,0
DA:28,0
DA:29,0
DA:30,0
DA:31,0
DA:33,0
DA:43,1
DA:44,0
DA:45,0
DA:47,0
DA:48,0
DA:50,0
DA:51,0
DA:53,0
DA:57,0
DA:58,0
DA:59,0
DA:61,0
DA:74,1
DA:75,0
DA:76,0
DA:78,0
DA:79,0
DA:80,0
DA:82,0
DA:83,0
DA:84,0
DA:96,1
DA:97,0
DA:98,0
DA:99,0
DA:108,1
DA:109,0
DA:111,0
DA:112,0
DA:113,0
DA:115,0
DA:116,0
DA:119,0
LF:46
LH:7
BRDA:30,0,0,0
BRDA:30,0,1,0
BRDA:43,1,0,0
BRDA:47,2,0,0
BRDA:47,2,1,0
BRDA:48,3,0,0
BRDA:48,3,1,0
BRDA:50,4,0,0
BRDA:50,4,1,0
BRDA:74,5,0,0
BRDA:78,6,0,0
BRDA:78,6,1,0
BRDA:82,7,0,0
BRDA:82,7,1,0
BRDA:84,8,0,0
BRDA:84,8,1,0
BRDA:108,9,0,0
BRDA:113,10,0,0
BRDA:113,10,1,0
BRDA:115,11,0,0
BRDA:115,11,1,0
BRF:21
BRH:0
end_of_record
